2018-10-10 18:28:37.619 INFO  http://thaimeo.info/2016/09/16/gui-cac-ban-sinh-vien-it/#content 
2018-10-10 18:28:37.619 INFO  http://thaimeo.info/about-me/ 
2018-10-10 18:28:37.619 INFO  http://thaimeo.info/about-me/resume/ 
2018-10-10 18:28:37.619 INFO  http://thaimeo.info/ 
2018-10-10 18:28:37.619 INFO  http://thaimeo.info/2016/09/16/gui-cac-ban-sinh-vien-it/ 
2018-10-10 18:28:37.619 INFO  http://thaimeo.info/author/kanishi/ 
2018-10-10 18:28:37.619 INFO  http://thaimeo.info/category/uncategorized/ 
2018-10-10 18:28:37.619 INFO  https://tigernguyenblog.wordpress.com/2016/09/14/gui-cac-ban-sinh-vien-it 
2018-10-10 18:28:37.619 INFO  https://tigernguyenblog.wordpress.com/2016/09/14/gui-cac-ban-sinh-vien-it 
2018-10-10 18:28:37.619 INFO  http://thaimeo.info/2016/09/16/gui-cac-ban-sinh-vien-it/?share=facebook 
2018-10-10 18:28:37.619 INFO  http://thaimeo.info/2016/09/16/gui-cac-ban-sinh-vien-it/?share=email 
2018-10-10 18:28:37.619 INFO  http://thaimeo.info/2016/09/16/gui-cac-ban-sinh-vien-it/#print 
2018-10-10 18:28:37.620 INFO  http://thaimeo.info/2016/09/16/gui-cac-ban-sinh-vien-it/?share=twitter 
2018-10-10 18:28:37.620 INFO  http://thaimeo.info/2016/09/16/gui-cac-ban-sinh-vien-it/?share=google-plus-1 
2018-10-10 18:28:37.620 INFO  http://thaimeo.info/2016/09/16/gui-cac-ban-sinh-vien-it/#comment-7613 
2018-10-10 18:28:37.620 INFO  http://thaimeo.info/2016/09/16/gui-cac-ban-sinh-vien-it/?replytocom=7613#respond 
2018-10-10 18:28:37.620 INFO  http://thanhsatoshi.wordpress.com/ 
2018-10-10 18:28:37.620 INFO  http://thaimeo.info/2016/09/16/gui-cac-ban-sinh-vien-it/#respond 
2018-10-10 18:28:37.620 INFO  http://thaimeo.info/2016/09/16/gui-cac-ban-sinh-vien-it/#comment-form-guest 
2018-10-10 18:28:37.620 INFO  http://thaimeo.info/2016/09/16/gui-cac-ban-sinh-vien-it/#comment-form-load-service:WordPress.com 
2018-10-10 18:28:37.620 INFO  http://thaimeo.info/2016/09/16/gui-cac-ban-sinh-vien-it/#comment-form-load-service:Twitter 
2018-10-10 18:28:37.620 INFO  http://thaimeo.info/2016/09/16/gui-cac-ban-sinh-vien-it/#comment-form-load-service:Facebook 
2018-10-10 18:28:37.620 INFO  https://gravatar.com/site/signup/ 
2018-10-10 18:28:37.620 INFO  javascript:HighlanderComments.doExternalLogout( 'wordpress' ); 
2018-10-10 18:28:37.620 INFO  http://thaimeo.info/2016/09/16/gui-cac-ban-sinh-vien-it/# 
2018-10-10 18:28:37.620 INFO  javascript:HighlanderComments.doExternalLogout( 'googleplus' ); 
2018-10-10 18:28:37.620 INFO  http://thaimeo.info/2016/09/16/gui-cac-ban-sinh-vien-it/# 
2018-10-10 18:28:37.620 INFO  javascript:HighlanderComments.doExternalLogout( 'twitter' ); 
2018-10-10 18:28:37.620 INFO  http://thaimeo.info/2016/09/16/gui-cac-ban-sinh-vien-it/# 
2018-10-10 18:28:37.620 INFO  javascript:HighlanderComments.doExternalLogout( 'facebook' ); 
2018-10-10 18:28:37.620 INFO  http://thaimeo.info/2016/09/16/gui-cac-ban-sinh-vien-it/# 
2018-10-10 18:28:37.620 INFO  javascript:HighlanderComments.cancelExternalWindow(); 
2018-10-10 18:28:37.620 INFO  https://akismet.com/privacy/ 
2018-10-10 18:28:37.620 INFO  http://thaimeo.info/2016/09/02/thiet-hai-8-trieu/ 
2018-10-10 18:28:37.620 INFO  http://thaimeo.info/2016/09/22/cach-hoc-tieng-anh/ 
2018-10-10 18:28:37.620 INFO  https://www.facebook.com/phi.thai/ 
2018-10-10 18:28:37.620 INFO  https://twitter.com/thaimeo/ 
2018-10-10 18:28:37.620 INFO  https://www.instagram.com/phihongthai/ 
2018-10-10 18:28:37.620 INFO  https://www.pinterest.com/thaiph/ 
2018-10-10 18:28:37.620 INFO  https://www.linkedin.com/in/phihongthai/ 
2018-10-10 18:28:37.620 INFO  https://github.com/hongthaiphi/ 
2018-10-10 18:28:37.620 INFO  https://www.youtube.com/user/phihongthai/ 
2018-10-10 18:28:37.620 INFO  http://thaimeo.info/ 
2018-10-10 18:28:37.620 INFO  https://thaimeo.info/ 
2018-10-10 18:28:37.620 INFO  https://thaimeo.info/ 
2018-10-10 18:28:37.620 INFO  http://thaimeo.info/2015/09/04/bug-cua-misfit-tren-windows-phone/#comment-9122 
2018-10-10 18:28:37.620 INFO  http://thaimeo.info/2015/09/04/bug-cua-misfit-tren-windows-phone/#comment-9121 
2018-10-10 18:28:37.620 INFO  http://mywaltz.wordpress.com/ 
2018-10-10 18:28:37.620 INFO  http://mywaltz.wordpress.com/ 
2018-10-10 18:28:37.620 INFO  http://thaimeo.info/2018/06/21/can-ho-cho-thue-tai-da-nang/#comment-9083 
2018-10-10 18:28:37.620 INFO  https://thaimeo.info/ 
2018-10-10 18:28:37.620 INFO  https://thaimeo.info/ 
2018-10-10 18:28:37.620 INFO  http://thaimeo.info/2018/06/21/can-ho-cho-thue-tai-da-nang/#comment-9082 
2018-10-10 18:28:37.620 INFO  http://mywaltz.wordpress.com/ 
2018-10-10 18:28:37.620 INFO  http://mywaltz.wordpress.com/ 
2018-10-10 18:28:37.620 INFO  http://thaimeo.info/2018/06/21/can-ho-cho-thue-tai-da-nang/#comment-9072 
2018-10-10 18:28:37.620 INFO  http://misaoblog.com/ 
2018-10-10 18:28:37.620 INFO  http://cayhoa.com/ 
2018-10-10 18:28:37.620 INFO  http://chuyenvinhphuc.net/ 
2018-10-10 18:28:37.620 INFO  http://huypv.net/ 
2018-10-10 18:28:37.620 INFO  http://saylinux.wordpress.com/ 
2018-10-10 18:28:37.620 INFO  http://tuantu.me/ 
2018-10-10 18:28:37.620 INFO  http://vinacode.net/ 
2018-10-10 18:28:37.620 INFO  http://thaimeo.info/2016/08/ 
2018-10-10 18:28:37.620 INFO  http://thaimeo.info/2016/10/ 
2018-10-10 18:28:37.620 INFO  http://thaimeo.info/2016/09/02/ 
2018-10-10 18:28:37.620 INFO  http://thaimeo.info/2016/09/16/ 
2018-10-10 18:28:37.620 INFO  http://thaimeo.info/2016/09/22/ 
2018-10-10 18:28:37.620 INFO  http://thaimeo.info/2016/09/24/ 
2018-10-10 18:28:37.620 INFO  http://thaimeo.info/2016/09/26/ 
2018-10-10 18:28:37.620 INFO  http://thaimeo.info/2016/09/27/ 
2018-10-10 18:28:37.620 INFO  http://thaimeo.info/2016/09/28/ 
2018-10-10 18:28:37.620 INFO  https://www.instagram.com/p/BoWclOFAzgb/ 
2018-10-10 18:28:37.620 INFO  https://www.instagram.com/p/BoTWpXUgfl5/ 
2018-10-10 18:28:37.620 INFO  https://www.instagram.com/p/BoS8ttRgNzI/ 
2018-10-10 18:28:37.620 INFO  https://www.instagram.com/p/Bnpk840gQwW/ 
2018-10-10 18:28:37.620 INFO  https://www.instagram.com/p/BnJO_ePg8Qo/ 
2018-10-10 18:28:37.620 INFO  https://www.instagram.com/p/Bm-JGilASwK/ 
2018-10-10 18:28:37.620 INFO  https://wordpress.com/?ref=footer_website 
2018-10-10 18:28:37.620 INFO  http://thaimeo.info/2016/09/16/gui-cac-ban-sinh-vien-it/#cancel 
2018-10-10 18:28:37.620 INFO  https://automattic.com/cookies 
2018-10-10 18:29:46.188 INFO  http://tukyonline.com/blog/#content 
2018-10-10 18:29:46.188 INFO  http://tukyonline.com/blog/ 
2018-10-10 18:29:46.188 INFO  http://tukyonline.com/blog/ 
2018-10-10 18:29:46.188 INFO  http://tukyonline.com/blog/about/ 
2018-10-10 18:29:46.188 INFO  http://tukyonline.com/blog/#search-container 
2018-10-10 18:29:46.188 INFO  http://tukyonline.com/blog/2018/10/1786/ 
2018-10-10 18:29:46.188 INFO  http://tukyonline.com/blog/newsfeed/capnhat/ 
2018-10-10 18:29:46.188 INFO  http://tukyonline.com/blog/newsfeed/capnhat/ 
2018-10-10 18:29:46.188 INFO  http://tukyonline.com/blog/2018/10/lien-luy/ 
2018-10-10 18:29:46.188 INFO  http://tukyonline.com/blog/2018/10/lien-luy/ 
2018-10-10 18:29:46.188 INFO  http://tukyonline.com/blog/newsfeed/capnhat/ 
2018-10-10 18:29:46.188 INFO  http://tukyonline.com/blog/2018/10/lien-luy/ 
2018-10-10 18:29:46.188 INFO  http://tukyonline.com/blog/newsfeed/capnhat/ 
2018-10-10 18:29:46.188 INFO  http://tukyonline.com/blog/2018/10/khoang-troi-ho-bom/ 
2018-10-10 18:29:46.188 INFO  http://tukyonline.com/blog/2018/10/khoang-troi-ho-bom/ 
2018-10-10 18:29:46.188 INFO  http://tukyonline.com/blog/newsfeed/suu-tap/van-tho/ 
2018-10-10 18:29:46.188 INFO  http://tukyonline.com/blog/2018/10/khoang-troi-ho-bom/ 
2018-10-10 18:29:46.188 INFO  http://tukyonline.com/blog/newsfeed/suu-tap/van-tho/ 
2018-10-10 18:29:46.188 INFO  http://tukyonline.com/blog/2018/10/tham-coi-bac-xua/ 
2018-10-10 18:29:46.188 INFO  http://tukyonline.com/blog/2018/10/tham-coi-bac-xua/ 
2018-10-10 18:29:46.188 INFO  http://tukyonline.com/blog/newsfeed/suu-tap/van-tho/ 
2018-10-10 18:29:46.188 INFO  http://tukyonline.com/blog/2018/10/tham-coi-bac-xua/ 
2018-10-10 18:29:46.188 INFO  http://tukyonline.com/blog/newsfeed/suu-tap/van-tho/ 
2018-10-10 18:29:46.188 INFO  http://tukyonline.com/blog/2018/10/canh-khuya/ 
2018-10-10 18:29:46.188 INFO  http://tukyonline.com/blog/2018/10/canh-khuya/ 
2018-10-10 18:29:46.188 INFO  http://tukyonline.com/blog/newsfeed/suu-tap/van-tho/ 
2018-10-10 18:29:46.188 INFO  http://tukyonline.com/blog/newsfeed/suu-tap/van-tho/ 
2018-10-10 18:29:46.189 INFO  http://tukyonline.com/blog/2018/10/anh-bac-2/ 
2018-10-10 18:29:46.189 INFO  http://tukyonline.com/blog/2018/10/anh-bac-2/ 
2018-10-10 18:29:46.189 INFO  http://tukyonline.com/blog/newsfeed/suu-tap/van-tho/ 
2018-10-10 18:29:46.189 INFO  http://tukyonline.com/blog/newsfeed/suu-tap/van-tho/ 
2018-10-10 18:29:46.189 INFO  http://tukyonline.com/blog/2018/10/dem-nay-bac-khong-ngu-minh-hue/ 
2018-10-10 18:29:46.189 INFO  http://tukyonline.com/blog/2018/10/dem-nay-bac-khong-ngu-minh-hue/ 
2018-10-10 18:29:46.189 INFO  http://tukyonline.com/blog/newsfeed/suu-tap/van-tho/ 
2018-10-10 18:29:46.189 INFO  http://tukyonline.com/blog/2018/10/dem-nay-bac-khong-ngu-minh-hue/ 
2018-10-10 18:29:46.189 INFO  http://tukyonline.com/blog/newsfeed/suu-tap/van-tho/ 
2018-10-10 18:29:46.189 INFO  http://tukyonline.com/blog/2018/10/dat-nuoc-nguyen-khoa-diem/ 
2018-10-10 18:29:46.189 INFO  http://tukyonline.com/blog/2018/10/dat-nuoc-nguyen-khoa-diem/ 
2018-10-10 18:29:46.189 INFO  http://tukyonline.com/blog/newsfeed/suu-tap/van-tho/ 
2018-10-10 18:29:46.189 INFO  http://tukyonline.com/blog/2018/10/dat-nuoc-nguyen-khoa-diem/ 
2018-10-10 18:29:46.189 INFO  http://tukyonline.com/blog/newsfeed/suu-tap/van-tho/ 
2018-10-10 18:29:46.189 INFO  http://tukyonline.com/blog/2018/10/bac-oi-to-huu/ 
2018-10-10 18:29:46.189 INFO  http://tukyonline.com/blog/2018/10/bac-oi-to-huu/ 
2018-10-10 18:29:46.189 INFO  http://tukyonline.com/blog/newsfeed/suu-tap/van-tho/ 
2018-10-10 18:29:46.189 INFO  http://tukyonline.com/blog/2018/10/bac-oi-to-huu/ 
2018-10-10 18:29:46.189 INFO  http://tukyonline.com/blog/newsfeed/suu-tap/van-tho/ 
2018-10-10 18:29:46.189 INFO  http://tukyonline.com/blog/2018/10/hoan-ho-chien-si-dien-bien-to-huu/ 
2018-10-10 18:29:46.189 INFO  http://tukyonline.com/blog/2018/10/hoan-ho-chien-si-dien-bien-to-huu/ 
2018-10-10 18:29:46.189 INFO  http://tukyonline.com/blog/newsfeed/suu-tap/van-tho/ 
2018-10-10 18:29:46.189 INFO  http://tukyonline.com/blog/2018/10/hoan-ho-chien-si-dien-bien-to-huu/ 
2018-10-10 18:29:46.189 INFO  http://tukyonline.com/blog/newsfeed/suu-tap/van-tho/ 
2018-10-10 18:29:46.189 INFO  http://tukyonline.com/blog/page/2/ 
2018-10-10 18:29:46.189 INFO  http://tukyonline.com/blog/page/3/ 
2018-10-10 18:29:46.189 INFO  http://tukyonline.com/blog/page/4/ 
2018-10-10 18:29:46.189 INFO  http://tukyonline.com/blog/page/70/ 
2018-10-10 18:29:46.189 INFO  http://tukyonline.com/blog/page/2/ 
2018-10-10 18:29:46.189 INFO  http://tukyonline.com/blog/2018/10/1786/ 
2018-10-10 18:29:46.189 INFO  http://tukyonline.com/blog/2018/10/lien-luy/ 
2018-10-10 18:29:46.189 INFO  http://tukyonline.com/blog/2018/10/khoang-troi-ho-bom/ 
2018-10-10 18:29:46.189 INFO  http://tukyonline.com/blog/2018/10/tham-coi-bac-xua/ 
2018-10-10 18:29:46.189 INFO  http://tukyonline.com/blog/2018/10/canh-khuya/ 
2018-10-10 18:29:46.189 INFO  http://tukyonline.com/blog/2018/10/anh-bac-2/ 
2018-10-10 18:29:46.189 INFO  http://tukyonline.com/blog/2018/10/dem-nay-bac-khong-ngu-minh-hue/ 
2018-10-10 18:29:46.189 INFO  http://tukyonline.com/blog/2018/10/dat-nuoc-nguyen-khoa-diem/ 
2018-10-10 18:29:46.189 INFO  http://tukyonline.com/blog/2018/10/bac-oi-to-huu/ 
2018-10-10 18:29:46.189 INFO  http://tukyonline.com/blog/2018/10/hoan-ho-chien-si-dien-bien-to-huu/ 
2018-10-10 18:29:46.189 INFO  http://tukyonline.com/blog/2018/10/cao-tat-thi-chung/ 
2018-10-10 18:29:46.189 INFO  http://tukyonline.com/blog/2018/10/tuc-canh-cuoi-xuan/ 
2018-10-10 18:29:46.189 INFO  http://tukyonline.com/blog/2018/10/bep-lua/ 
2018-10-10 18:29:46.189 INFO  http://tukyonline.com/blog/newsfeed/suu-tap/am-nhac/ 
2018-10-10 18:29:46.189 INFO  http://tukyonline.com/blog/newsfeed/capnhat/ 
2018-10-10 18:29:46.189 INFO  http://tukyonline.com/blog/newsfeed/suu-tap/chia-se/ 
2018-10-10 18:29:46.189 INFO  http://tukyonline.com/blog/newsfeed/suu-tap/chinh-tri-quan-su/ 
2018-10-10 18:29:46.189 INFO  http://tukyonline.com/blog/newsfeed/cong-nghe-thong-tin/ 
2018-10-10 18:29:46.189 INFO  http://tukyonline.com/blog/newsfeed/cong-nghe-thong-tin/database/ 
2018-10-10 18:29:46.189 INFO  http://tukyonline.com/blog/newsfeed/dich-gia/ 
2018-10-10 18:29:46.189 INFO  http://tukyonline.com/blog/newsfeed/cong-nghe-thong-tin/dotnet/ 
2018-10-10 18:29:46.189 INFO  http://tukyonline.com/blog/newsfeed/cong-nghe-thong-tin/huong-dan/ 
2018-10-10 18:29:46.189 INFO  http://tukyonline.com/blog/newsfeed/cong-nghe-thong-tin/java/ 
2018-10-10 18:29:46.189 INFO  http://tukyonline.com/blog/newsfeed/suu-tap/khoa-hoc-tai-lieu/ 
2018-10-10 18:29:46.189 INFO  http://tukyonline.com/blog/newsfeed/cong-nghe-thong-tin/linux/ 
2018-10-10 18:29:46.189 INFO  http://tukyonline.com/blog/newsfeed/ky-niem/nhat-ky-vu-vo/ 
2018-10-10 18:29:46.189 INFO  http://tukyonline.com/blog/newsfeed/suu-tap/chinh-tri-quan-su/phim-video/ 
2018-10-10 18:29:46.189 INFO  http://tukyonline.com/blog/newsfeed/suu-tap/ 
2018-10-10 18:29:46.189 INFO  http://tukyonline.com/blog/newsfeed/suu-tap/van-tho/ 
2018-10-10 18:29:46.189 INFO  http://tukyonline.com/blog/newsfeed/cong-nghe-thong-tin/web-php/ 
2018-10-10 18:29:46.189 INFO  http://tukyonline.com/blog/newsfeed/cong-nghe-thong-tin/y-tuong/ 
2018-10-10 18:29:46.189 INFO  http://tukyonline.com/blog/wp-login.php 
2018-10-10 18:29:46.189 INFO  http://tukyonline.com/blog/feed/ 
2018-10-10 18:29:46.189 INFO  http://tukyonline.com/blog/comments/feed/ 
2018-10-10 18:29:46.189 INFO  https://wordpress.org/ 
2018-10-10 18:29:46.189 INFO  http://tukyonline.com/blog/# 
2018-10-10 18:29:46.189 INFO  http://tukyonline.com/blog/about/ 
2018-10-10 18:29:46.189 INFO  https://wordpress.org/ 
2018-10-10 18:29:46.189 INFO  http://www.aaronsnowberger.com/ 
2018-10-10 18:29:48.722 INFO  http://trituenhantao.info/#content 
2018-10-10 18:29:48.722 INFO  https://trituenhantao.info/ 
2018-10-10 18:29:48.722 INFO  https://trituenhantao.info/ 
2018-10-10 18:29:48.722 INFO  https://trituenhantao.info/blog-ve-cong-nghe-thong-tin/ 
2018-10-10 18:29:48.722 INFO  https://trituenhantao.info/cac-lenh-thuong-dung/ 
2018-10-10 18:29:48.722 INFO  https://trituenhantao.info/Trang%20m%E1%BA%ABu/ 
2018-10-10 18:29:48.722 INFO  http://trituenhantao.info/#search-container 
2018-10-10 18:29:48.722 INFO  https://trituenhantao.info/2018/09/28/cai-dat-va-su-dung-machine-learning-voi-anaconda-python-tren-window/ 
2018-10-10 18:29:48.722 INFO  https://trituenhantao.info/2018/09/28/cai-dat-va-su-dung-machine-learning-voi-anaconda-python-tren-window/ 
2018-10-10 18:29:48.722 INFO  https://trituenhantao.info/category/nghien-cuu-ai/ 
2018-10-10 18:29:48.722 INFO  https://trituenhantao.info/2018/09/28/cai-dat-va-su-dung-machine-learning-voi-anaconda-python-tren-window/#respond 
2018-10-10 18:29:48.722 INFO  https://trituenhantao.info/2018/09/28/cai-dat-va-su-dung-machine-learning-voi-anaconda-python-tren-window/ 
2018-10-10 18:29:48.722 INFO  https://trituenhantao.info/category/nghien-cuu-ai/ 
2018-10-10 18:29:48.722 INFO  https://trituenhantao.info/2018/09/28/cai-dat-va-su-dung-machine-learning-voi-anaconda-python-tren-window/#respond 
2018-10-10 18:29:48.722 INFO  https://trituenhantao.info/2018/09/22/fcr-ti-le-phan-anh-hieu-qua-cua-call-center/ 
2018-10-10 18:29:48.722 INFO  https://trituenhantao.info/2018/09/22/fcr-ti-le-phan-anh-hieu-qua-cua-call-center/ 
2018-10-10 18:29:48.722 INFO  https://trituenhantao.info/category/cong-nghe-thong-tin/ 
2018-10-10 18:29:48.722 INFO  https://trituenhantao.info/2018/09/22/fcr-ti-le-phan-anh-hieu-qua-cua-call-center/#comments 
2018-10-10 18:29:48.722 INFO  https://trituenhantao.info/2018/09/22/fcr-ti-le-phan-anh-hieu-qua-cua-call-center/ 
2018-10-10 18:29:48.722 INFO  https://trituenhantao.info/category/cong-nghe-thong-tin/ 
2018-10-10 18:29:48.722 INFO  https://trituenhantao.info/2018/09/22/fcr-ti-le-phan-anh-hieu-qua-cua-call-center/#comments 
2018-10-10 18:29:48.722 INFO  https://trituenhantao.info/2018/09/22/mot-so-kinh-nghiem-khi-di-phong-van/ 
2018-10-10 18:29:48.722 INFO  https://trituenhantao.info/2018/09/22/mot-so-kinh-nghiem-khi-di-phong-van/ 
2018-10-10 18:29:48.722 INFO  https://trituenhantao.info/category/chia-se/ 
2018-10-10 18:29:48.722 INFO  https://trituenhantao.info/2018/09/22/mot-so-kinh-nghiem-khi-di-phong-van/ 
2018-10-10 18:29:48.722 INFO  https://trituenhantao.info/category/chia-se/ 
2018-10-10 18:29:48.722 INFO  https://trituenhantao.info/2018/09/18/tong-hop-ve-tri-tue-nhan-tao/ 
2018-10-10 18:29:48.722 INFO  https://trituenhantao.info/2018/09/18/tong-hop-ve-tri-tue-nhan-tao/ 
2018-10-10 18:29:48.722 INFO  https://trituenhantao.info/category/nghien-cuu-ai/ 
2018-10-10 18:29:48.722 INFO  https://trituenhantao.info/category/tai-lieu-ai/ 
2018-10-10 18:29:48.722 INFO  https://trituenhantao.info/category/nghien-cuu-ai/ 
2018-10-10 18:29:48.722 INFO  https://trituenhantao.info/category/tai-lieu-ai/ 
2018-10-10 18:29:48.722 INFO  https://trituenhantao.info/tag/bai-giang-tri-tue-nhan-tao/ 
2018-10-10 18:29:48.722 INFO  https://trituenhantao.info/tag/slide-tri-tue-nhan-tao/ 
2018-10-10 18:29:48.722 INFO  https://trituenhantao.info/tag/tri-tue-nhan-tao/ 
2018-10-10 18:29:48.722 INFO  https://trituenhantao.info/2018/09/18/mot-so-thu-vien-pho-bien-cho-ky-su-machine-learning-va-deep-learning-p1/ 
2018-10-10 18:29:48.722 INFO  https://trituenhantao.info/2018/09/18/mot-so-thu-vien-pho-bien-cho-ky-su-machine-learning-va-deep-learning-p1/ 
2018-10-10 18:29:48.722 INFO  https://trituenhantao.info/category/tai-lieu-ai/ 
2018-10-10 18:29:48.722 INFO  https://trituenhantao.info/2018/09/18/mot-so-thu-vien-pho-bien-cho-ky-su-machine-learning-va-deep-learning-p1/ 
2018-10-10 18:29:48.722 INFO  https://trituenhantao.info/category/tai-lieu-ai/ 
2018-10-10 18:29:48.722 INFO  https://trituenhantao.info/tag/deep-learning/ 
2018-10-10 18:29:48.722 INFO  https://trituenhantao.info/tag/machine-learning/ 
2018-10-10 18:29:48.722 INFO  https://trituenhantao.info/2018/09/17/mot-thuat-toan-phat-hien-bong-cung-voi-nguon-sang-song-song/ 
2018-10-10 18:29:48.722 INFO  https://trituenhantao.info/2018/09/17/mot-thuat-toan-phat-hien-bong-cung-voi-nguon-sang-song-song/ 
2018-10-10 18:29:48.722 INFO  https://trituenhantao.info/category/tai-lieu-ai/ 
2018-10-10 18:29:48.722 INFO  https://trituenhantao.info/2018/09/17/mot-thuat-toan-phat-hien-bong-cung-voi-nguon-sang-song-song/ 
2018-10-10 18:29:48.722 INFO  https://trituenhantao.info/category/tai-lieu-ai/ 
2018-10-10 18:29:48.722 INFO  https://trituenhantao.info/tag/light-source/ 
2018-10-10 18:29:48.722 INFO  https://trituenhantao.info/tag/object-detection/ 
2018-10-10 18:29:48.722 INFO  https://trituenhantao.info/tag/shadow-detection/ 
2018-10-10 18:29:48.722 INFO  https://trituenhantao.info/2018/09/17/arpu-doanh-thu-trung-binh-tren-1-thue-bao/ 
2018-10-10 18:29:48.722 INFO  https://trituenhantao.info/2018/09/17/arpu-doanh-thu-trung-binh-tren-1-thue-bao/ 
2018-10-10 18:29:48.722 INFO  https://trituenhantao.info/category/cap-nhat/ 
2018-10-10 18:29:48.722 INFO  https://trituenhantao.info/2018/09/17/arpu-doanh-thu-trung-binh-tren-1-thue-bao/ 
2018-10-10 18:29:48.722 INFO  https://trituenhantao.info/category/cap-nhat/ 
2018-10-10 18:29:48.722 INFO  https://trituenhantao.info/2018/09/14/cac-blog-cua-dev-viet-ve-it/ 
2018-10-10 18:29:48.722 INFO  https://trituenhantao.info/2018/09/14/cac-blog-cua-dev-viet-ve-it/ 
2018-10-10 18:29:48.722 INFO  https://trituenhantao.info/category/chia-se/ 
2018-10-10 18:29:48.722 INFO  https://trituenhantao.info/2018/09/14/cac-blog-cua-dev-viet-ve-it/ 
2018-10-10 18:29:48.722 INFO  https://trituenhantao.info/category/chia-se/ 
2018-10-10 18:29:48.722 INFO  https://trituenhantao.info/2018/09/12/phat_hien_tri_tue_khong_phai_con_nguoi/ 
2018-10-10 18:29:48.722 INFO  https://trituenhantao.info/category/cap-nhat/ 
2018-10-10 18:29:48.722 INFO  https://trituenhantao.info/category/cap-nhat/ 
2018-10-10 18:29:48.722 INFO  https://trituenhantao.info/2018/09/12/686/ 
2018-10-10 18:29:48.722 INFO  https://trituenhantao.info/category/cap-nhat/ 
2018-10-10 18:29:48.722 INFO  https://trituenhantao.info/category/cap-nhat/ 
2018-10-10 18:29:48.722 INFO  https://trituenhantao.info/page/2/ 
2018-10-10 18:29:48.722 INFO  https://trituenhantao.info/page/3/ 
2018-10-10 18:29:48.722 INFO  https://trituenhantao.info/page/4/ 
2018-10-10 18:29:48.722 INFO  https://trituenhantao.info/page/18/ 
2018-10-10 18:29:48.722 INFO  https://trituenhantao.info/page/2/ 
2018-10-10 18:29:48.722 INFO  https://trituenhantao.info/2018/09/28/cai-dat-va-su-dung-machine-learning-voi-anaconda-python-tren-window/ 
2018-10-10 18:29:48.722 INFO  https://trituenhantao.info/2018/09/22/fcr-ti-le-phan-anh-hieu-qua-cua-call-center/ 
2018-10-10 18:29:48.722 INFO  https://trituenhantao.info/2018/09/22/mot-so-kinh-nghiem-khi-di-phong-van/ 
2018-10-10 18:29:48.722 INFO  https://trituenhantao.info/2018/09/18/tong-hop-ve-tri-tue-nhan-tao/ 
2018-10-10 18:29:48.722 INFO  https://trituenhantao.info/2018/09/18/mot-so-thu-vien-pho-bien-cho-ky-su-machine-learning-va-deep-learning-p1/ 
2018-10-10 18:29:48.722 INFO  https://trituenhantao.info/2018/09/17/mot-thuat-toan-phat-hien-bong-cung-voi-nguon-sang-song-song/ 
2018-10-10 18:29:48.722 INFO  https://trituenhantao.info/2018/09/17/arpu-doanh-thu-trung-binh-tren-1-thue-bao/ 
2018-10-10 18:29:48.722 INFO  https://trituenhantao.info/2018/09/14/cac-blog-cua-dev-viet-ve-it/ 
2018-10-10 18:29:48.722 INFO  https://trituenhantao.info/2018/09/12/phat_hien_tri_tue_khong_phai_con_nguoi/ 
2018-10-10 18:29:48.722 INFO  https://trituenhantao.info/2018/09/12/686/ 
2018-10-10 18:29:48.722 INFO  https://trituenhantao.info/2018/09/12/684/ 
2018-10-10 18:29:48.722 INFO  https://trituenhantao.info/2018/09/12/682/ 
2018-10-10 18:29:48.722 INFO  https://trituenhantao.info/2018/09/12/680/ 
2018-10-10 18:29:48.722 INFO  https://trituenhantao.info/category/cap-nhat/ 
2018-10-10 18:29:48.722 INFO  https://trituenhantao.info/category/cong-nghe-thong-tin/chatbot-ai/ 
2018-10-10 18:29:48.722 INFO  https://trituenhantao.info/category/chia-se/ 
2018-10-10 18:29:48.722 INFO  https://trituenhantao.info/category/cong-nghe-thong-tin/ 
2018-10-10 18:29:48.722 INFO  https://trituenhantao.info/category/chia-se/ke-tran-tro/ 
2018-10-10 18:29:48.722 INFO  https://trituenhantao.info/category/chia-se/man-ban/ 
2018-10-10 18:29:48.722 INFO  https://trituenhantao.info/category/nghien-cuu-ai/ 
2018-10-10 18:29:48.722 INFO  https://trituenhantao.info/category/van-tho-sach-giao-khoa/tac-pham-van-hoc/ 
2018-10-10 18:29:48.722 INFO  https://trituenhantao.info/category/tai-lieu-ai/ 
2018-10-10 18:29:48.722 INFO  https://trituenhantao.info/category/chia-se/tho-con-coc/ 
2018-10-10 18:29:48.722 INFO  https://trituenhantao.info/category/tin-tuc-ai/ 
2018-10-10 18:29:48.722 INFO  https://trituenhantao.info/category/tu-sach/ 
2018-10-10 18:29:48.722 INFO  https://trituenhantao.info/category/ung-dung-ai/ 
2018-10-10 18:29:48.722 INFO  https://trituenhantao.info/category/y-tuong-moi/ 
2018-10-10 18:29:48.722 INFO  https://trituenhantao.info/posts/wp-login.php 
2018-10-10 18:29:48.722 INFO  https://trituenhantao.info/feed/ 
2018-10-10 18:29:48.722 INFO  https://trituenhantao.info/comments/feed/ 
2018-10-10 18:29:48.722 INFO  https://wordpress.org/ 
2018-10-10 18:29:48.722 INFO  https://trituenhantao.info/2018/09/ 
2018-10-10 18:29:48.722 INFO  https://trituenhantao.info/2018/08/ 
2018-10-10 18:29:48.722 INFO  https://trituenhantao.info/2018/07/ 
2018-10-10 18:29:48.722 INFO  https://trituenhantao.info/2018/05/ 
2018-10-10 18:29:48.722 INFO  https://trituenhantao.info/2018/04/ 
2018-10-10 18:29:48.723 INFO  https://trituenhantao.info/2018/03/ 
2018-10-10 18:29:48.723 INFO  https://trituenhantao.info/2017/10/ 
2018-10-10 18:29:48.723 INFO  https://trituenhantao.info/2017/09/ 
2018-10-10 18:29:48.723 INFO  https://trituenhantao.info/2017/06/ 
2018-10-10 18:29:48.723 INFO  https://trituenhantao.info/2017/05/ 
2018-10-10 18:29:48.723 INFO  http://tukyonline.com/ 
2018-10-10 18:29:48.723 INFO  https://trituenhantao.info/2018/09/22/fcr-ti-le-phan-anh-hieu-qua-cua-call-center/#comment-10245 
2018-10-10 18:29:48.723 INFO  http://trituenhantao.info/# 
2018-10-10 18:29:48.723 INFO  https://trituenhantao.info/blog-ve-cong-nghe-thong-tin/ 
2018-10-10 18:29:48.723 INFO  https://trituenhantao.info/cac-lenh-thuong-dung/ 
2018-10-10 18:29:48.723 INFO  https://trituenhantao.info/Trang%20m%E1%BA%ABu/ 
2018-10-10 18:29:48.723 INFO  https://wordpress.org/ 
2018-10-10 18:29:48.723 INFO  http://www.aaronsnowberger.com/ 
