2019-01-28 16:46:59.565 INFO  https://dinhnn.com 
2019-01-28 16:46:59.566 INFO  https://dinhnn.com 
2019-01-28 16:46:59.566 INFO  https://dinhnn.com 
2019-01-28 16:46:59.567 INFO  https://dinhnn.com 
2019-01-28 16:46:59.569 INFO  https://dinhnn.com 
2019-01-28 16:46:59.569 INFO  https://dinhnn.com 
2019-01-28 16:46:59.570 INFO  https://dinhnn.com 
2019-01-28 16:46:59.570 INFO  https://dinhnn.com 
2019-01-28 16:46:59.571 INFO  https://dinhnn.com 
2019-01-28 16:46:59.571 INFO  https://dinhnn.com 
2019-01-28 16:46:59.571 INFO  https://dinhnn.com 
2019-01-28 16:46:59.572 INFO  https://dinhnn.com 
2019-01-28 16:46:59.572 INFO  https://dinhnn.com 
2019-01-28 16:46:59.573 INFO  https://dinhnn.com 
2019-01-28 16:46:59.574 INFO  https://dinhnn.com 
2019-01-28 16:46:59.578 INFO  https://dinhnn.com 
2019-01-28 16:46:59.580 INFO  https://dinhnn.com 
2019-01-28 16:46:59.581 INFO  https://dinhnn.com 
2019-01-28 16:46:59.582 INFO  https://dinhnn.com 
2019-01-28 16:46:59.582 INFO  https://dinhnn.com 
2019-01-28 16:46:59.583 INFO  https://dinhnn.com 
2019-01-28 16:46:59.583 INFO  https://dinhnn.com 
2019-01-28 16:46:59.583 INFO  https://dinhnn.com 
2019-01-28 16:46:59.584 INFO  https://dinhnn.com 
2019-01-28 16:46:59.584 INFO  https://dinhnn.com 
2019-01-28 16:46:59.585 INFO  https://dinhnn.com 
2019-01-28 16:46:59.585 INFO  https://dinhnn.com 
2019-01-28 16:46:59.586 INFO  https://dinhnn.com 
2019-01-28 16:46:59.586 INFO  https://dinhnn.com 
2019-01-28 16:46:59.587 INFO  https://dinhnn.com 
2019-01-28 16:46:59.587 INFO  https://dinhnn.com 
2019-01-28 16:46:59.588 INFO  https://dinhnn.com 
2019-01-28 16:46:59.588 INFO  https://dinhnn.com 
2019-01-28 16:46:59.595 INFO  https://dinhnn.com 
2019-01-28 16:46:59.596 INFO  https://dinhnn.com 
2019-01-28 16:46:59.596 INFO  https://dinhnn.com 
2019-01-28 16:46:59.597 INFO  https://dinhnn.com 
2019-01-28 16:46:59.597 INFO  https://dinhnguyenngoc.files.wordpress.com 
2019-01-28 16:46:59.598 INFO  https://dinhnn.com 
2019-01-28 16:46:59.599 INFO  https://dinhnn.com 
2019-01-28 16:46:59.600 INFO  https://dinhnn.com 
2019-01-28 16:46:59.601 INFO  https://dinhnn.com 
2019-01-28 16:46:59.601 INFO  https://dinhnn.com 
2019-01-28 16:46:59.602 INFO  https://dinhnn.com 
2019-01-28 16:46:59.602 INFO  https://dinhnn.com 
2019-01-28 16:46:59.603 INFO  https://dinhnn.com 
2019-01-28 16:46:59.603 INFO  https://dinhnn.com 
2019-01-28 16:46:59.604 INFO  http://www.facebook.com 
2019-01-28 16:46:59.604 INFO  https://dinhnn.com 
2019-01-28 16:46:59.605 INFO  https://dinhnn.com 
2019-01-28 16:46:59.606 INFO  https://dinhnn.com 
2019-01-28 16:46:59.606 INFO  https://dinhnn.com 
2019-01-28 16:46:59.607 INFO  https://dinhnn.com 
2019-01-28 16:46:59.611 INFO  https://dinhnn.com 
2019-01-28 16:46:59.612 INFO  https://dinhnn.com 
2019-01-28 16:46:59.613 INFO  https://dinhnn.com 
2019-01-28 16:46:59.613 INFO  https://dinhnn.com 
2019-01-28 16:46:59.614 INFO  https://dinhnn.com 
2019-01-28 16:46:59.614 INFO  https://dinhnn.com 
2019-01-28 16:46:59.615 INFO  https://dinhnn.com 
2019-01-28 16:46:59.615 INFO  https://dinhnn.com 
2019-01-28 16:46:59.616 INFO  https://dinhnn.com 
2019-01-28 16:46:59.616 INFO  https://dinhnn.com 
2019-01-28 16:46:59.617 INFO  https://dinhnn.com 
2019-01-28 16:46:59.617 INFO  https://dinhnn.com 
2019-01-28 16:46:59.619 INFO  https://dinhnn.com 
2019-01-28 16:46:59.620 INFO  https://dinhnn.com 
2019-01-28 16:46:59.620 INFO  https://dinhnn.com 
2019-01-28 16:46:59.621 INFO  https://dinhnn.com 
2019-01-28 16:46:59.621 INFO  https://dinhnn.com 
2019-01-28 16:46:59.622 INFO  https://dinhnn.com 
2019-01-28 16:46:59.622 INFO  https://dinhnn.com 
2019-01-28 16:46:59.623 INFO  https://dinhnn.com 
2019-01-28 16:46:59.623 INFO  https://dinhnn.com 
2019-01-28 16:46:59.627 INFO  https://dinhnn.com 
2019-01-28 16:46:59.630 INFO  https://dinhnn.com 
2019-01-28 16:46:59.632 INFO  https://dinhnn.com 
2019-01-28 16:46:59.633 INFO  https://dinhnn.com 
2019-01-28 16:46:59.634 INFO  https://dinhnn.com 
2019-01-28 16:46:59.635 INFO  https://dinhnn.com 
2019-01-28 16:46:59.635 INFO  https://dinhnn.com 
2019-01-28 16:46:59.637 INFO  https://dinhnn.com 
2019-01-28 16:46:59.639 INFO  https://dinhnn.com 
2019-01-28 16:46:59.641 INFO  https://dinhnn.com 
2019-01-28 16:46:59.642 INFO  https://dinhnn.com 
2019-01-28 16:46:59.645 INFO  https://dinhnn.com 
2019-01-28 16:46:59.647 INFO  https://dinhnn.com 
2019-01-28 16:46:59.648 INFO  https://dinhnn.com 
2019-01-28 16:46:59.650 INFO  https://dinhnn.com 
2019-01-28 16:46:59.651 INFO  https://dinhnn.com 
2019-01-28 16:46:59.652 INFO  https://dinhnguyenngoc.files.wordpress.com 
2019-01-28 16:46:59.652 INFO  https://dinhnguyenngoc.files.wordpress.com 
2019-01-28 16:46:59.653 INFO  https://dinhnguyenngoc.files.wordpress.com 
2019-01-28 16:46:59.653 INFO  https://dinhnn.com 
2019-01-28 16:46:59.654 INFO  https://dinhnn.com 
2019-01-28 16:46:59.655 INFO  https://dinhnn.com 
2019-01-28 16:46:59.656 INFO  https://dinhnn.com 
2019-01-28 16:46:59.657 INFO  https://dinhnn.com 
2019-01-28 16:46:59.658 INFO  https://dinhnn.com 
2019-01-28 16:46:59.663 INFO  https://dinhnn.com 
2019-01-28 16:46:59.663 INFO  https://dinhnn.com 
2019-01-28 16:46:59.664 INFO  https://dinhnn.com 
2019-01-28 16:46:59.664 INFO  https://dinhnn.com 
2019-01-28 16:46:59.664 INFO  https://dinhnn.com 
2019-01-28 16:46:59.665 INFO  https://dinhnn.com 
2019-01-28 16:46:59.665 INFO  https://dinhnn.com 
2019-01-28 16:46:59.666 INFO  https://dinhnn.com 
2019-01-28 16:46:59.666 INFO  https://dinhnn.com 
2019-01-28 16:46:59.667 INFO  https://dinhnn.com 
2019-01-28 16:46:59.667 INFO  https://dinhnguyenngoc.files.wordpress.com 
2019-01-28 16:46:59.668 INFO  http://blogtamsu.vn 
2019-01-28 16:46:59.668 INFO  https://dinhnn.com 
2019-01-28 16:46:59.668 INFO  https://dinhnn.com 
2019-01-28 16:46:59.670 INFO  https://dinhnn.com 
2019-01-28 16:46:59.671 INFO  https://dinhnn.com 
2019-01-28 16:46:59.672 INFO  https://dinhnn.com 
2019-01-28 16:46:59.673 INFO  https://dinhnn.com 
2019-01-28 16:46:59.674 INFO  https://dinhnn.com 
2019-01-28 16:46:59.678 INFO  https://dinhnn.com 
2019-01-28 16:46:59.679 INFO  https://dinhnn.com 
2019-01-28 16:46:59.682 INFO  https://dinhnn.com 
2019-01-28 16:46:59.683 INFO  https://dinhnn.com 
2019-01-28 16:46:59.684 INFO  https://dinhnn.com 
2019-01-28 16:46:59.685 INFO  https://dinhnn.com 
2019-01-28 16:46:59.687 INFO  https://dinhnn.com 
2019-01-28 16:46:59.688 INFO  https://dinhnn.com 
2019-01-28 16:46:59.689 INFO  https://dinhnn.com 
2019-01-28 16:46:59.693 INFO  https://dinhnn.com 
2019-01-28 16:46:59.693 INFO  https://dinhnn.com 
2019-01-28 16:46:59.695 INFO  https://dinhnn.com 
2019-01-28 16:46:59.697 INFO  https://dinhnn.com 
2019-01-28 16:46:59.698 INFO  https://dinhnn.com 
2019-01-28 16:46:59.699 INFO  https://dinhnn.com 
2019-01-28 16:46:59.700 INFO  https://dinhnn.com 
2019-01-28 16:46:59.701 INFO  https://dinhnn.com 
2019-01-28 16:46:59.703 INFO  https://dinhnn.com 
2019-01-28 16:46:59.705 INFO  https://dinhnn.com 
2019-01-28 16:46:59.707 INFO  https://dinhnn.com 
2019-01-28 16:46:59.710 INFO  https://dinhnn.com 
2019-01-28 16:46:59.711 INFO  https://dinhnn.com 
2019-01-28 16:46:59.712 INFO  https://dinhnn.com 
2019-01-28 16:46:59.716 INFO  https://dinhnn.com 
2019-01-28 16:46:59.716 INFO  https://dinhnn.com 
2019-01-28 16:46:59.717 INFO  https://dinhnn.com 
2019-01-28 16:46:59.718 INFO  https://dinhnn.com 
2019-01-28 16:46:59.718 INFO  https://dinhnn.com 
2019-01-28 16:46:59.719 INFO  https://dinhnn.com 
2019-01-28 16:46:59.719 INFO  https://dinhnn.com 
2019-01-28 16:46:59.719 INFO  https://dinhnn.com 
2019-01-28 16:46:59.720 INFO  https://dinhnn.com 
2019-01-28 16:46:59.720 INFO  https://dinhnn.com 
2019-01-28 16:46:59.721 INFO  https://dinhnn.com 
2019-01-28 16:46:59.721 INFO  https://dinhnn.com 
2019-01-28 16:46:59.721 INFO  https://dinhnn.com 
2019-01-28 16:46:59.728 INFO  https://dinhnn.com 
2019-01-28 16:46:59.729 INFO  https://dinhnn.com 
2019-01-28 16:46:59.730 INFO  https://dinhnn.com 
2019-01-28 16:46:59.730 INFO  https://dinhnn.com 
2019-01-28 16:46:59.731 INFO  https://dinhnn.com 
2019-01-28 16:46:59.732 INFO  https://dinhnn.com 
2019-01-28 16:46:59.733 INFO  https://dinhnn.com 
2019-01-28 16:46:59.734 INFO  https://dinhnn.com 
2019-01-28 16:46:59.734 INFO  http://www.dotnetcurry.com 
2019-01-28 16:46:59.735 INFO  http://www.androidhive.info 
2019-01-28 16:46:59.735 INFO  http://www.javaworld.com 
2019-01-28 16:46:59.736 INFO  https://www.java.net 
2019-01-28 16:46:59.736 INFO  http://www.mikesdotnetting.com 
2019-01-28 16:46:59.737 INFO  http://oracle-base.com 
2019-01-28 16:46:59.738 INFO  http://haacked.com 
2019-01-28 16:46:59.738 INFO  http://www.raywenderlich.com 
2019-01-28 16:46:59.739 INFO  http://www.roseindia.net 
2019-01-28 16:46:59.739 INFO  http://www.hanselman.com 
2019-01-28 16:46:59.740 INFO  http://tutsplus.com 
2019-01-28 16:46:59.746 INFO  http://www.vertabelo.com 
2019-01-28 16:46:59.747 INFO  http://www.vogella.com 
2019-01-28 16:46:59.748 INFO  https://dinhnn.com 
2019-01-28 16:46:59.748 INFO  https://dinhnn.com 
2019-01-28 16:46:59.749 INFO  https://dinhnn.com 
2019-01-28 16:46:59.750 INFO  https://dinhnn.com 
2019-01-28 16:46:59.750 INFO  https://dinhnn.com 
2019-01-28 16:46:59.754 INFO  https://dinhnn.com 
2019-01-28 16:46:59.755 INFO  https://dinhnn.com 
2019-01-28 16:46:59.755 INFO  https://dinhnn.com 
2019-01-28 16:46:59.756 INFO  https://dinhnn.com 
2019-01-28 16:46:59.757 INFO  https://dinhnn.com 
2019-01-28 16:46:59.760 INFO  https://dinhnn.com 
2019-01-28 16:46:59.762 INFO  https://dinhnn.com 
2019-01-28 16:46:59.763 INFO  https://dinhnn.com 
2019-01-28 16:46:59.764 INFO  https://dinhnn.com 
2019-01-28 16:46:59.765 INFO  https://dinhnn.com 
2019-01-28 16:46:59.765 INFO  https://dinhnn.com 
2019-01-28 16:46:59.766 INFO  https://dinhnn.com 
2019-01-28 16:46:59.766 INFO  https://dinhnn.com 
2019-01-28 16:46:59.766 INFO  https://dinhnn.com 
2019-01-28 16:46:59.767 INFO  https://dinhnn.com 
2019-01-28 16:46:59.767 INFO  https://dinhnn.com 
2019-01-28 16:46:59.768 INFO  https://dinhnn.com 
2019-01-28 16:46:59.771 INFO  https://dinhnn.com 
2019-01-28 16:46:59.772 INFO  https://dinhnn.com 
2019-01-28 16:46:59.777 INFO  https://dinhnn.com 
2019-01-28 16:46:59.778 INFO  https://dinhnn.com 
2019-01-28 16:46:59.778 INFO  https://dinhnn.com 
2019-01-28 16:46:59.780 INFO  https://dinhnn.com 
2019-01-28 16:46:59.781 INFO  https://dinhnn.com 
2019-01-28 16:46:59.783 INFO  https://dinhnn.com 
2019-01-28 16:46:59.784 INFO  https://dinhnn.com 
2019-01-28 16:46:59.784 INFO  https://dinhnn.com 
2019-01-28 16:46:59.785 INFO  https://dinhnn.com 
2019-01-28 16:46:59.785 INFO  https://dinhnn.com 
2019-01-28 16:46:59.786 INFO  https://dinhnn.com 
2019-01-28 16:46:59.786 INFO  https://dinhnn.com 
2019-01-28 16:46:59.786 INFO  https://dinhnn.com 
2019-01-28 16:46:59.787 INFO  https://dinhnn.com 
2019-01-28 16:46:59.787 INFO  https://dinhnn.com 
2019-01-28 16:46:59.788 INFO  https://dinhnn.com 
2019-01-28 16:46:59.788 INFO  https://dinhnn.com 
2019-01-28 16:46:59.788 INFO  https://dinhnn.com 
2019-01-28 16:46:59.789 INFO  https://dinhnn.com 
2019-01-28 16:46:59.791 INFO  https://dinhnn.com 
2019-01-28 16:46:59.794 INFO  https://dinhnn.com 
2019-01-28 16:46:59.795 INFO  https://dinhnn.com 
2019-01-28 16:46:59.796 INFO  https://dinhnn.com 
2019-01-28 16:46:59.797 INFO  https://dinhnn.com 
2019-01-28 16:46:59.797 INFO  https://dinhnn.com 
2019-01-28 16:46:59.798 INFO  https://dinhnn.com 
2019-01-28 16:46:59.798 INFO  https://dinhnn.com 
2019-01-28 16:46:59.799 INFO  https://dinhnn.com 
2019-01-28 16:46:59.800 INFO  https://dinhnn.com 
2019-01-28 16:46:59.802 INFO  https://dinhnn.com 
2019-01-28 16:46:59.802 INFO  https://dinhnn.com 
2019-01-28 16:46:59.802 INFO  https://dinhnn.com 
2019-01-28 16:46:59.803 INFO  https://dinhnn.com 
2019-01-28 16:46:59.803 INFO  https://dinhnn.com 
2019-01-28 16:46:59.804 INFO  https://dinhnn.com 
2019-01-28 16:46:59.804 INFO  https://vi.wordpress.com 
2019-01-28 16:46:59.804 INFO  https://dinhnn.com 
2019-01-28 16:46:59.805 INFO  https://dinhnn.com 
2019-01-28 16:46:59.805 INFO  https://automattic.com 
2019-01-28 16:46:59.806 INFO  https://dinhnn.com 
2019-01-28 16:46:59.806 INFO  https://dinhnn.com 
2019-01-28 16:46:59.807 INFO  https://dinhnguyenngoc.wordpress.com 
2019-01-28 16:46:59.810 INFO  https://dinhnn.com 
2019-01-28 16:46:59.812 INFO  https://wordpress.com 
2019-01-28 16:46:59.813 INFO  https://dinhnguyenngoc.wordpress.com 
2019-01-28 16:46:59.814 INFO  http://en.wordpress.com 
2019-01-28 16:46:59.815 INFO  https://subscribe.wordpress.com 
2019-01-28 16:46:59.815 INFO  https://dinhnn.com 
2019-01-28 16:59:44.492 INFO  http://localhost:8889 
2019-01-28 16:59:44.493 INFO  http://localhost:8889 
2019-01-28 16:59:44.493 INFO  http://localhost:8889 
2019-01-28 16:59:44.494 INFO  http://localhost:8889 
2019-01-28 16:59:44.494 INFO  http://localhost:8889 
2019-01-28 16:59:44.495 INFO  http://localhost:8889 
2019-01-28 16:59:44.495 INFO  http://localhost:8889 
2019-01-28 16:59:44.496 INFO  http://localhost:8889 
2019-01-28 16:59:44.496 INFO  http://localhost:8889 
2019-01-28 16:59:44.497 INFO  http://localhost:8889 
2019-01-28 16:59:44.497 INFO  http://localhost:8889 
2019-01-28 16:59:44.498 INFO  http://localhost:8889 
2019-01-28 16:59:44.503 INFO  http://localhost:8889 
2019-01-28 16:59:44.506 INFO  http://localhost:8889 
2019-01-28 16:59:44.508 INFO  https://github.com 
2019-01-28 16:59:52.558 INFO  http://localhost:8889 
2019-01-28 16:59:52.559 INFO  http://localhost:8889 
2019-01-28 16:59:52.563 INFO  http://localhost:8889 
2019-01-28 16:59:52.563 INFO  http://localhost:8889 
2019-01-28 16:59:52.564 INFO  http://localhost:8889 
2019-01-28 16:59:52.565 INFO  http://localhost:8889 
2019-01-28 16:59:52.571 INFO  http://localhost:8889 
2019-01-28 16:59:52.571 INFO  http://localhost:8889 
2019-01-28 16:59:52.572 INFO  http://localhost:8889 
2019-01-28 16:59:52.573 INFO  http://localhost:8889 
2019-01-28 16:59:52.573 INFO  http://localhost:8889 
2019-01-28 16:59:52.574 INFO  http://localhost:8889 
2019-01-28 16:59:52.576 INFO  http://localhost:8889 
2019-01-28 16:59:52.576 INFO  http://localhost:8889 
2019-01-28 16:59:52.577 INFO  http://localhost:8889 
2019-01-28 16:59:52.577 INFO  http://localhost:8889 
2019-01-28 16:59:52.578 INFO  http://localhost:8889 
2019-01-28 16:59:52.578 INFO  http://localhost:8889 
2019-01-28 16:59:52.578 INFO  http://localhost:8889 
2019-01-28 16:59:52.579 INFO  http://localhost:8889 
2019-01-28 16:59:52.579 INFO  http://localhost:8889 
2019-01-28 16:59:52.580 INFO  http://localhost:8889 
2019-01-28 16:59:52.580 INFO  http://localhost:8889 
2019-01-28 16:59:52.581 INFO  http://localhost:8889 
2019-01-28 16:59:52.581 INFO  http://localhost:8889 
2019-01-28 16:59:52.587 INFO  http://localhost:8889 
2019-01-28 16:59:52.587 INFO  http://localhost:8889 
2019-01-28 16:59:52.589 INFO  http://localhost:8889 
2019-01-28 16:59:52.589 INFO  http://localhost:8889 
2019-01-28 16:59:52.590 INFO  http://localhost:8889 
2019-01-28 16:59:52.590 INFO  http://localhost:8889 
2019-01-28 16:59:52.590 INFO  http://localhost:8889 
2019-01-28 16:59:52.591 INFO  http://localhost:8889 
2019-01-28 16:59:52.591 INFO  http://localhost:8889 
2019-01-28 16:59:52.592 INFO  http://localhost:8889 
2019-01-28 16:59:52.592 INFO  http://localhost:8889 
2019-01-28 16:59:52.593 INFO  http://localhost:8889 
2019-01-28 16:59:52.593 INFO  http://localhost:8889 
2019-01-28 16:59:52.593 INFO  http://localhost:8889 
2019-01-28 16:59:52.594 INFO  http://localhost:8889 
2019-01-28 16:59:52.594 INFO  http://localhost:8889 
2019-01-28 16:59:52.595 INFO  http://localhost:8889 
2019-01-28 16:59:52.595 INFO  http://localhost:8889 
2019-01-28 16:59:52.595 INFO  http://localhost:8889 
2019-01-28 16:59:52.599 INFO  http://localhost:8889 
2019-01-28 16:59:52.599 INFO  http://localhost:8889 
2019-01-28 16:59:52.603 INFO  http://localhost:8889 
2019-01-28 16:59:52.604 INFO  http://localhost:8889 
2019-01-28 16:59:52.604 INFO  http://localhost:8889 
2019-01-28 16:59:52.605 INFO  http://localhost:8889 
2019-01-28 16:59:52.605 INFO  http://localhost:8889 
2019-01-28 16:59:52.606 INFO  http://localhost:8889 
2019-01-28 16:59:52.608 INFO  http://localhost:8889 
2019-01-28 16:59:52.608 INFO  http://localhost:8889 
2019-01-28 16:59:52.608 INFO  http://localhost:8889 
2019-01-28 16:59:52.609 INFO  http://localhost:8889 
2019-01-28 16:59:52.609 INFO  http://localhost:8889 
2019-01-28 16:59:52.610 INFO  http://localhost:8889 
2019-01-28 16:59:52.610 INFO  http://localhost:8889 
2019-01-28 16:59:52.610 INFO  http://localhost:8889 
2019-01-28 16:59:52.611 INFO  http://localhost:8889 
2019-01-28 16:59:52.611 INFO  http://localhost:8889 
2019-01-28 16:59:52.612 INFO  http://localhost:8889 
2019-01-28 16:59:52.612 INFO  http://localhost:8889 
2019-01-28 16:59:52.612 INFO  http://localhost:8889 
2019-01-28 16:59:52.613 INFO  http://localhost:8889 
2019-01-28 16:59:52.613 INFO  http://localhost:8889 
2019-01-28 16:59:52.614 INFO  http://localhost:8889 
2019-01-28 16:59:52.616 INFO  http://localhost:8889 
2019-01-28 16:59:52.621 INFO  http://localhost:8889 
2019-01-28 16:59:52.621 INFO  http://localhost:8889 
2019-01-28 16:59:52.622 INFO  http://localhost:8889 
2019-01-28 16:59:52.623 INFO  http://localhost:8889 
2019-01-28 16:59:52.623 INFO  http://localhost:8889 
2019-01-28 16:59:52.624 INFO  http://localhost:8889 
2019-01-28 16:59:52.624 INFO  http://localhost:8889 
2019-01-28 16:59:52.626 INFO  http://localhost:8889 
2019-01-28 16:59:52.627 INFO  http://localhost:8889 
2019-01-28 16:59:52.628 INFO  http://localhost:8889 
2019-01-28 16:59:52.629 INFO  http://localhost:8889 
2019-01-28 16:59:52.629 INFO  http://localhost:8889 
2019-01-28 16:59:52.630 INFO  http://localhost:8889 
2019-01-28 16:59:52.630 INFO  http://localhost:8889 
2019-01-28 16:59:52.631 INFO  http://localhost:8889 
2019-01-28 16:59:52.631 INFO  http://localhost:8889 
2019-01-28 16:59:52.634 INFO  http://localhost:8889 
2019-01-28 16:59:52.637 INFO  http://localhost:8889 
2019-01-28 16:59:52.638 INFO  http://nbviewer.jupyter.org 
2019-01-28 16:59:52.639 INFO  https://help.github.com 
2019-01-28 16:59:52.639 INFO  http://localhost:8889 
2019-01-28 16:59:52.640 INFO  http://localhost:8889 
2019-01-28 16:59:52.640 INFO  http://localhost:8889 
2019-01-28 16:59:52.641 INFO  http://localhost:8889 
2019-01-28 16:59:52.641 INFO  http://localhost:8889 
2019-01-28 17:00:07.688 INFO  https://support.google.com 
2019-01-28 17:00:07.688 INFO  https://www.google.com.vn 
2019-01-28 17:00:07.689 INFO  https://accounts.google.com 
2019-01-28 17:00:07.690 INFO  https://www.google.com 
2019-01-28 17:00:07.691 INFO  https://www.google.com 
2019-01-28 17:00:07.696 INFO  https://www.google.com 
2019-01-28 17:00:07.697 INFO  https://www.google.com 
2019-01-28 17:00:07.698 INFO  https://www.google.com 
2019-01-28 17:00:07.700 INFO  https://www.google.com 
2019-01-28 17:00:07.700 INFO  https://www.google.com 
2019-01-28 17:00:07.701 INFO  https://www.google.com 
2019-01-28 17:00:07.702 INFO  https://www.google.com 
2019-01-28 17:00:07.702 INFO  https://www.google.com 
2019-01-28 17:00:07.703 INFO  https://www.google.com 
2019-01-28 17:00:07.703 INFO  https://www.google.com 
2019-01-28 17:00:07.704 INFO  https://www.google.com 
2019-01-28 17:00:07.705 INFO  https://www.google.com 
2019-01-28 17:00:07.706 INFO  https://myactivity.google.com 
2019-01-28 17:00:07.711 INFO  https://www.google.com 
2019-01-28 17:00:07.712 INFO  https://support.google.com 
2019-01-28 17:00:07.713 INFO  https://www.google.com 
2019-01-28 17:00:07.713 INFO  https://www.google.com 
2019-01-28 17:00:07.714 INFO  https://www.google.com 
2019-01-28 17:00:07.715 INFO  https://www.google.com 
2019-01-28 17:00:07.717 INFO  https://www.google.com 
2019-01-28 17:00:07.719 INFO  https://www.google.com 
2019-01-28 17:00:07.720 INFO  https://www.google.com 
2019-01-28 17:00:07.721 INFO  https://www.pythonforbeginners.com 
2019-01-28 17:00:07.722 INFO  https://www.google.com 
2019-01-28 17:00:07.723 INFO  https://webcache.googleusercontent.com 
2019-01-28 17:00:07.724 INFO  https://translate.google.com 
2019-01-28 17:00:07.724 INFO  https://www.pythonforbeginners.com 
2019-01-28 17:00:07.725 INFO  https://www.pythonforbeginners.com 
2019-01-28 17:00:07.725 INFO  https://www.pythonforbeginners.com 
2019-01-28 17:00:07.726 INFO  https://www.programiz.com 
2019-01-28 17:00:07.726 INFO  https://www.google.com 
2019-01-28 17:00:07.728 INFO  https://webcache.googleusercontent.com 
2019-01-28 17:00:07.729 INFO  https://www.google.com 
2019-01-28 17:00:07.730 INFO  https://translate.google.com 
2019-01-28 17:00:07.731 INFO  https://www.programiz.com 
2019-01-28 17:00:07.734 INFO  https://www.programiz.com 
2019-01-28 17:00:07.734 INFO  https://www.programiz.com 
2019-01-28 17:00:07.735 INFO  https://wiki.python.org 
2019-01-28 17:00:07.735 INFO  https://www.google.com 
2019-01-28 17:00:07.736 INFO  https://webcache.googleusercontent.com 
2019-01-28 17:00:07.736 INFO  https://www.google.com 
2019-01-28 17:00:07.738 INFO  https://translate.google.com 
2019-01-28 17:00:07.739 INFO  https://www.w3schools.com 
2019-01-28 17:00:07.740 INFO  https://www.google.com 
2019-01-28 17:00:07.741 INFO  https://webcache.googleusercontent.com 
2019-01-28 17:00:07.741 INFO  https://translate.google.com 
2019-01-28 17:00:07.742 INFO  https://www.learnpython.org 
2019-01-28 17:00:07.743 INFO  https://www.google.com 
2019-01-28 17:00:07.743 INFO  https://webcache.googleusercontent.com 
2019-01-28 17:00:07.744 INFO  https://translate.google.com 
2019-01-28 17:00:07.745 INFO  https://www.learnpython.org 
2019-01-28 17:00:07.745 INFO  https://www.google.com 
2019-01-28 17:00:07.746 INFO  https://webcache.googleusercontent.com 
2019-01-28 17:00:07.746 INFO  https://www.google.com 
2019-01-28 17:00:07.749 INFO  https://translate.google.com 
2019-01-28 17:00:07.750 INFO  https://www.sanfoundry.com 
2019-01-28 17:00:07.750 INFO  https://www.google.com 
2019-01-28 17:00:07.751 INFO  https://webcache.googleusercontent.com 
2019-01-28 17:00:07.751 INFO  https://translate.google.com 
2019-01-28 17:00:07.752 INFO  https://blog.sicara.com 
2019-01-28 17:00:07.752 INFO  https://www.google.com 
2019-01-28 17:00:07.753 INFO  https://webcache.googleusercontent.com 
2019-01-28 17:00:07.754 INFO  https://translate.google.com 
2019-01-28 17:00:07.754 INFO  https://cantera.org 
2019-01-28 17:00:07.755 INFO  https://www.google.com 
2019-01-28 17:00:07.755 INFO  https://webcache.googleusercontent.com 
2019-01-28 17:00:07.756 INFO  https://translate.google.com 
2019-01-28 17:00:07.757 INFO  https://github.com 
2019-01-28 17:00:07.758 INFO  https://www.google.com 
2019-01-28 17:00:07.759 INFO  https://webcache.googleusercontent.com 
2019-01-28 17:00:07.760 INFO  https://www.google.com 
2019-01-28 17:00:07.760 INFO  https://translate.google.com 
2019-01-28 17:00:07.761 INFO  https://www.google.com 
2019-01-28 17:00:07.761 INFO  https://www.google.com 
2019-01-28 17:00:07.762 INFO  https://www.google.com 
2019-01-28 17:00:07.762 INFO  https://www.google.com 
2019-01-28 17:00:07.762 INFO  https://www.google.com 
2019-01-28 17:00:07.763 INFO  https://www.google.com 
2019-01-28 17:00:07.763 INFO  https://www.google.com 
2019-01-28 17:00:07.763 INFO  https://www.google.com 
2019-01-28 17:00:07.764 INFO  https://www.google.com 
2019-01-28 17:00:07.765 INFO  https://www.google.com 
2019-01-28 17:00:07.767 INFO  https://www.google.com 
2019-01-28 17:00:07.769 INFO  https://www.google.com 
2019-01-28 17:00:07.769 INFO  https://www.google.com 
2019-01-28 17:00:07.770 INFO  https://www.google.com 
2019-01-28 17:00:07.770 INFO  https://www.google.com 
2019-01-28 17:00:07.771 INFO  https://www.google.com 
2019-01-28 17:00:07.771 INFO  https://www.google.com 
2019-01-28 17:00:07.772 INFO  https://www.google.com 
2019-01-28 17:00:07.772 INFO  https://www.google.com 
2019-01-28 17:00:07.772 INFO  https://www.google.com 
2019-01-28 17:00:07.773 INFO  https://www.google.com 
2019-01-28 17:00:07.773 INFO  https://www.google.com 
2019-01-28 17:00:07.774 INFO  https://www.google.com 
2019-01-28 17:00:07.774 INFO  https://www.google.com 
2019-01-28 17:00:07.774 INFO  https://www.googleadservices.com 
2019-01-28 17:00:07.775 INFO  https://www.amabuy.vn 
2019-01-28 17:00:07.775 INFO  https://www.googleadservices.com 
2019-01-28 17:00:07.777 INFO  https://www.amabuy.vn 
2019-01-28 17:00:07.778 INFO  https://www.google.com 
2019-01-28 17:00:07.779 INFO  https://support.google.com 
2019-01-28 17:00:07.779 INFO  https://support.google.com 
2019-01-28 17:00:07.780 INFO  https://www.google.com 
2019-01-28 17:00:07.780 INFO  https://www.google.com 
2019-01-28 17:00:07.781 INFO  https://www.google.com 
2019-01-28 17:00:07.782 INFO  https://myaccount.google.com 
2019-01-28 17:00:07.783 INFO  https://www.google.com.vn 
2019-01-28 17:00:07.783 INFO  https://www.youtube.com 
2019-01-28 17:00:07.783 INFO  https://news.google.com.vn 
2019-01-28 17:00:07.784 INFO  https://mail.google.com 
2019-01-28 17:00:07.784 INFO  https://contacts.google.com 
2019-01-28 17:00:07.785 INFO  https://drive.google.com 
2019-01-28 17:00:07.787 INFO  https://www.google.com 
2019-01-28 17:00:07.788 INFO  https://plus.google.com 
2019-01-28 17:00:07.789 INFO  https://translate.google.com.vn 
2019-01-28 17:00:07.789 INFO  https://photos.google.com 
2019-01-28 17:00:07.790 INFO  https://www.google.com 
2019-01-28 17:00:07.790 INFO  https://www.google.com.vn 
2019-01-28 17:00:07.790 INFO  https://docs.google.com 
2019-01-28 17:00:07.791 INFO  https://hangouts.google.com 
2019-01-28 17:00:07.791 INFO  https://keep.google.com 
2019-01-28 17:00:07.792 INFO  https://jamboard.google.com 
2019-01-28 17:00:07.792 INFO  https://classroom.google.com 
2019-01-28 17:00:07.793 INFO  https://earth.google.com 
2019-01-28 17:00:07.793 INFO  https://www.google.com.vn 
2019-01-28 17:00:07.794 INFO  https://www.google.com.vn 
2019-01-28 17:00:07.794 INFO  https://plus.google.com 
2019-01-28 17:00:07.796 INFO  https://plus.google.com 
2019-01-28 17:00:07.799 INFO  https://myaccount.google.com 
2019-01-28 17:00:07.801 INFO  https://myaccount.google.com 
2019-01-28 17:00:07.802 INFO  https://www.google.com 
2019-01-28 17:00:07.804 INFO  https://myaccount.google.com 
2019-01-28 17:00:07.806 INFO  https://accounts.google.com 
2019-01-28 17:00:07.807 INFO  https://accounts.google.com 
2019-01-28 17:00:12.687 INFO  https://www.pythonforbeginners.com 
2019-01-28 17:00:12.688 INFO  https://www.pythonforbeginners.com 
2019-01-28 17:00:12.689 INFO  https://www.pythonforbeginners.com 
2019-01-28 17:00:12.689 INFO  https://www.pythonforbeginners.com 
2019-01-28 17:00:12.690 INFO  https://www.pythonforbeginners.com 
2019-01-28 17:00:12.690 INFO  https://www.pythonforbeginners.com 
2019-01-28 17:00:12.691 INFO  https://www.pythonforbeginners.com 
2019-01-28 17:00:12.692 INFO  https://www.pythonforbeginners.com 
2019-01-28 17:00:12.696 INFO  https://www.pythonforbeginners.com 
2019-01-28 17:00:12.700 INFO  https://www.pythonforbeginners.com 
2019-01-28 17:00:12.701 INFO  https://www.pythonforbeginners.com 
2019-01-28 17:00:12.701 INFO  https://www.pythonforbeginners.com 
2019-01-28 17:00:12.702 INFO  https://www.pythonforbeginners.com 
2019-01-28 17:00:12.702 INFO  https://www.pythonforbeginners.com 
2019-01-28 17:00:12.703 INFO  https://www.pythonforbeginners.com 
2019-01-28 17:00:12.704 INFO  https://www.pythonforbeginners.com 
2019-01-28 17:00:12.704 INFO  https://www.pythonforbeginners.com 
2019-01-28 17:00:12.706 INFO  https://www.pythonforbeginners.com 
2019-01-28 17:00:12.707 INFO  https://www.pythonforbeginners.com 
2019-01-28 17:00:12.709 INFO  https://www.pythonforbeginners.com 
2019-01-28 17:00:12.709 INFO  https://www.pythonforbeginners.com 
2019-01-28 17:00:12.710 INFO  https://www.pythonforbeginners.com 
2019-01-28 17:00:12.711 INFO  https://www.pythonforbeginners.com 
2019-01-28 17:00:12.711 INFO  https://www.pythonforbeginners.com 
2019-01-28 17:00:12.712 INFO  https://www.pythonforbeginners.com 
2019-01-28 17:00:12.713 INFO  https://www.pythonforbeginners.com 
2019-01-28 17:00:12.713 INFO  https://www.pythonforbeginners.com 
2019-01-28 17:00:12.714 INFO  https://www.pythonforbeginners.com 
2019-01-28 17:00:12.716 INFO  https://www.pythonforbeginners.com 
2019-01-28 17:00:12.718 INFO  https://www.pythonforbeginners.com 
2019-01-28 17:00:12.719 INFO  https://www.pythonforbeginners.com 
2019-01-28 17:00:12.720 INFO  https://www.pythonforbeginners.com 
2019-01-28 17:00:12.720 INFO  https://www.pythonforbeginners.com 
2019-01-28 17:00:12.721 INFO  https://www.pythonforbeginners.com 
2019-01-28 17:00:12.721 INFO  https://www.pythonforbeginners.com 
2019-01-28 17:00:12.722 INFO  https://www.pythonforbeginners.com 
2019-01-28 17:00:12.722 INFO  https://www.pythonforbeginners.com 
2019-01-28 17:00:12.723 INFO  https://www.pythonforbeginners.com 
2019-01-28 17:00:12.723 INFO  https://www.pythonforbeginners.com 
2019-01-28 17:00:12.724 INFO  http://code.activestate.com 
2019-01-28 17:00:12.724 INFO  http://snipplr.com 
2019-01-28 17:00:12.725 INFO  http://nullege.com 
2019-01-28 17:00:12.725 INFO  https://snipt.net 
2019-01-28 17:00:12.726 INFO  https://www.datacamp.com 
2019-01-28 17:00:12.728 INFO  https://www.datacamp.com 
2019-01-28 17:00:12.729 INFO  https://www.datacamp.com 
2019-01-28 17:00:12.730 INFO  https://twitter.com 
2019-01-28 17:00:12.730 INFO  https://www.pythonforbeginners.com 
2019-01-28 17:00:12.731 INFO  https://www.pythonforbeginners.com 
2019-01-28 17:00:12.733 INFO  https://www.pythonforbeginners.com 
2019-01-28 17:00:12.733 INFO  https://www.pythonforbeginners.com 
2019-01-28 17:00:12.734 INFO  https://www.pythonforbeginners.com 
2019-01-28 17:00:12.735 INFO  https://www.pythonforbeginners.com 
2019-01-28 17:00:12.735 INFO  https://www.pythonforbeginners.com 
2019-01-28 17:00:12.736 INFO  https://www.pythonforbeginners.com 
2019-01-28 17:00:12.738 INFO  https://www.pythonforbeginners.com 
2019-01-28 17:00:12.739 INFO  https://www.pythonforbeginners.com 
2019-01-28 17:00:12.739 INFO  https://www.pythonforbeginners.com 
2019-01-28 17:00:12.740 INFO  https://www.pythonforbeginners.com 
2019-01-28 17:00:12.740 INFO  https://www.pythonforbeginners.com 
2019-01-28 17:00:12.741 INFO  https://www.pythonforbeginners.com 
2019-01-28 17:00:12.741 INFO  https://twitter.com 
2019-01-28 17:00:12.742 INFO  https://www.pythonforbeginners.com 
2019-01-28 17:00:12.742 INFO  https://www.pythonforbeginners.com 
2019-01-28 17:00:12.743 INFO  https://www.pythonforbeginners.com 
2019-01-28 17:00:12.743 INFO  https://www.pythonforbeginners.com 
2019-01-28 17:00:16.926 INFO  https://www.programiz.com 
2019-01-28 17:00:16.927 INFO  https://www.programiz.com 
2019-01-28 17:00:16.928 INFO  https://www.programiz.com 
2019-01-28 17:00:16.928 INFO  https://www.programiz.com 
2019-01-28 17:00:16.929 INFO  https://www.programiz.com 
2019-01-28 17:00:16.936 INFO  https://www.programiz.com 
2019-01-28 17:00:16.937 INFO  https://www.programiz.com 
2019-01-28 17:00:16.937 INFO  https://www.programiz.com 
2019-01-28 17:00:16.938 INFO  https://www.programiz.com 
2019-01-28 17:00:16.939 INFO  https://www.programiz.com 
2019-01-28 17:00:16.939 INFO  https://www.programiz.com 
2019-01-28 17:00:16.940 INFO  https://www.programiz.com 
2019-01-28 17:00:16.940 INFO  https://www.programiz.com 
2019-01-28 17:00:16.941 INFO  https://www.programiz.com 
2019-01-28 17:00:16.942 INFO  https://www.programiz.com 
2019-01-28 17:00:16.944 INFO  https://www.programiz.com 
2019-01-28 17:00:16.947 INFO  https://www.programiz.com 
2019-01-28 17:00:16.948 INFO  https://www.programiz.com 
2019-01-28 17:00:16.948 INFO  https://www.programiz.com 
2019-01-28 17:00:16.949 INFO  https://www.programiz.com 
2019-01-28 17:00:16.950 INFO  https://www.programiz.com 
2019-01-28 17:00:16.950 INFO  https://www.programiz.com 
2019-01-28 17:00:16.951 INFO  https://www.programiz.com 
2019-01-28 17:00:16.952 INFO  https://www.programiz.com 
2019-01-28 17:00:16.952 INFO  https://www.programiz.com 
2019-01-28 17:00:16.953 INFO  https://www.programiz.com 
2019-01-28 17:00:16.953 INFO  https://www.programiz.com 
2019-01-28 17:00:16.954 INFO  https://www.programiz.com 
2019-01-28 17:00:16.957 INFO  https://www.programiz.com 
2019-01-28 17:00:16.958 INFO  https://www.programiz.com 
2019-01-28 17:00:16.958 INFO  https://www.programiz.com 
2019-01-28 17:00:16.959 INFO  https://www.programiz.com 
2019-01-28 17:00:16.960 INFO  https://www.programiz.com 
2019-01-28 17:00:16.961 INFO  https://www.programiz.com 
2019-01-28 17:00:16.961 INFO  https://www.programiz.com 
2019-01-28 17:00:16.962 INFO  https://www.programiz.com 
2019-01-28 17:00:16.963 INFO  https://www.programiz.com 
2019-01-28 17:00:16.963 INFO  https://www.programiz.com 
2019-01-28 17:00:16.964 INFO  https://www.programiz.com 
2019-01-28 17:00:16.964 INFO  https://www.programiz.com 
2019-01-28 17:00:16.965 INFO  https://www.programiz.com 
2019-01-28 17:00:16.967 INFO  https://www.programiz.com 
2019-01-28 17:00:16.968 INFO  https://www.programiz.com 
2019-01-28 17:00:16.969 INFO  https://www.programiz.com 
2019-01-28 17:00:16.969 INFO  https://www.programiz.com 
2019-01-28 17:00:16.970 INFO  https://www.programiz.com 
2019-01-28 17:00:16.971 INFO  https://www.programiz.com 
2019-01-28 17:00:16.971 INFO  https://www.programiz.com 
2019-01-28 17:00:16.972 INFO  https://www.programiz.com 
2019-01-28 17:00:16.972 INFO  https://www.programiz.com 
2019-01-28 17:00:16.973 INFO  https://www.programiz.com 
2019-01-28 17:00:16.973 INFO  https://www.programiz.com 
2019-01-28 17:00:16.974 INFO  https://www.programiz.com 
2019-01-28 17:00:16.974 INFO  https://www.programiz.com 
2019-01-28 17:00:16.975 INFO  https://www.programiz.com 
2019-01-28 17:00:16.977 INFO  https://www.programiz.com 
2019-01-28 17:00:16.977 INFO  https://www.programiz.com 
2019-01-28 17:00:16.978 INFO  https://www.programiz.com 
2019-01-28 17:00:16.978 INFO  https://www.programiz.com 
2019-01-28 17:00:16.979 INFO  https://www.programiz.com 
2019-01-28 17:00:16.979 INFO  https://www.programiz.com 
2019-01-28 17:00:16.980 INFO  https://www.programiz.com 
2019-01-28 17:00:16.980 INFO  https://www.programiz.com 
2019-01-28 17:00:16.981 INFO  https://www.programiz.com 
2019-01-28 17:00:16.981 INFO  https://www.programiz.com 
2019-01-28 17:00:16.982 INFO  https://www.programiz.com 
2019-01-28 17:00:16.982 INFO  https://www.programiz.com 
2019-01-28 17:00:16.983 INFO  https://www.programiz.com 
2019-01-28 17:00:16.983 INFO  https://www.programiz.com 
2019-01-28 17:00:16.984 INFO  https://www.programiz.com 
2019-01-28 17:00:16.984 INFO  https://www.programiz.com 
2019-01-28 17:00:16.984 INFO  https://www.programiz.com 
2019-01-28 17:00:16.985 INFO  https://www.programiz.com 
2019-01-28 17:00:16.985 INFO  https://www.programiz.com 
2019-01-28 17:00:16.987 INFO  https://www.programiz.com 
2019-01-28 17:00:16.987 INFO  https://www.programiz.com 
2019-01-28 17:00:16.988 INFO  https://www.programiz.com 
2019-01-28 17:00:16.988 INFO  https://www.programiz.com 
2019-01-28 17:00:16.989 INFO  https://www.programiz.com 
2019-01-28 17:00:16.989 INFO  https://www.programiz.com 
2019-01-28 17:00:16.990 INFO  https://www.programiz.com 
2019-01-28 17:00:16.990 INFO  https://www.programiz.com 
2019-01-28 17:00:16.990 INFO  https://www.programiz.com 
2019-01-28 17:00:16.991 INFO  https://www.programiz.com 
2019-01-28 17:00:16.991 INFO  https://www.programiz.com 
2019-01-28 17:00:31.332 INFO  https://www.programiz.com 
2019-01-28 17:00:31.332 INFO  https://www.programiz.com 
2019-01-28 17:00:31.332 INFO  https://www.programiz.com 
2019-01-28 17:00:31.332 INFO  https://www.programiz.com 
2019-01-28 17:00:31.333 INFO  https://www.programiz.com 
2019-01-28 17:00:31.333 INFO  https://www.programiz.com 
2019-01-28 17:00:31.333 INFO  https://www.programiz.com 
2019-01-28 17:00:31.333 INFO  https://www.programiz.com 
2019-01-28 17:00:31.333 INFO  https://www.programiz.com 
2019-01-28 17:00:31.333 INFO  https://www.programiz.com 
2019-01-28 17:00:31.333 INFO  https://www.programiz.com 
2019-01-28 17:00:31.333 INFO  https://www.programiz.com 
2019-01-28 17:00:31.333 INFO  https://www.programiz.com 
2019-01-28 17:00:31.333 INFO  https://www.programiz.com 
2019-01-28 17:00:31.333 INFO  https://www.programiz.com 
2019-01-28 17:00:31.333 INFO  https://www.programiz.com 
2019-01-28 17:00:31.333 INFO  https://www.programiz.com 
2019-01-28 17:00:31.333 INFO  https://www.programiz.com 
2019-01-28 17:00:31.333 INFO  https://www.programiz.com 
2019-01-28 17:00:31.333 INFO  https://www.programiz.com 
2019-01-28 17:00:31.333 INFO  https://github.com 
2019-01-28 17:00:31.333 INFO  https://www.programiz.com 
2019-01-28 17:00:31.333 INFO  https://www.programiz.com 
2019-01-28 17:00:31.334 INFO  https://www.datacamp.com 
2019-01-28 17:00:31.334 INFO  https://www.programiz.com 
2019-01-28 17:00:31.334 INFO  https://www.programiz.com 
2019-01-28 17:00:31.334 INFO  https://www.programiz.com 
2019-01-28 17:00:31.334 INFO  https://www.programiz.com 
2019-01-28 17:00:31.334 INFO  https://www.programiz.com 
2019-01-28 17:00:31.334 INFO  https://www.programiz.com 
2019-01-28 17:00:31.334 INFO  https://www.programiz.com 
2019-01-28 17:00:31.334 INFO  https://www.programiz.com 
2019-01-28 17:00:31.334 INFO  https://www.programiz.com 
2019-01-28 17:00:31.334 INFO  https://www.programiz.com 
2019-01-28 17:00:31.334 INFO  https://www.programiz.com 
2019-01-28 17:00:31.334 INFO  https://www.programiz.com 
2019-01-28 17:00:31.334 INFO  https://www.programiz.com 
2019-01-28 17:00:31.334 INFO  https://www.programiz.com 
2019-01-28 17:00:31.334 INFO  https://www.programiz.com 
2019-01-28 17:00:31.334 INFO  https://www.programiz.com 
2019-01-28 17:00:31.334 INFO  https://www.programiz.com 
2019-01-28 17:00:31.334 INFO  https://www.programiz.com 
2019-01-28 17:00:31.334 INFO  https://www.programiz.com 
2019-01-28 17:00:31.335 INFO  https://www.programiz.com 
2019-01-28 17:00:31.335 INFO  https://www.programiz.com 
2019-01-28 17:00:31.335 INFO  https://www.programiz.com 
2019-01-28 17:00:31.335 INFO  https://www.programiz.com 
2019-01-28 17:00:31.335 INFO  https://www.programiz.com 
2019-01-28 17:00:31.335 INFO  https://www.programiz.com 
2019-01-28 17:00:31.335 INFO  https://www.programiz.com 
2019-01-28 17:00:31.335 INFO  https://www.programiz.com 
2019-01-28 17:00:31.335 INFO  https://www.programiz.com 
2019-01-28 17:00:31.335 INFO  https://www.programiz.com 
2019-01-28 17:00:31.335 INFO  https://www.programiz.com 
2019-01-28 17:00:31.335 INFO  https://www.programiz.com 
2019-01-28 17:00:31.335 INFO  https://www.programiz.com 
2019-01-28 17:00:31.335 INFO  https://www.programiz.com 
2019-01-28 17:00:31.335 INFO  https://www.programiz.com 
2019-01-28 17:00:31.335 INFO  https://www.programiz.com 
2019-01-28 17:00:31.336 INFO  https://www.programiz.com 
2019-01-28 17:00:31.336 INFO  https://www.programiz.com 
2019-01-28 17:00:31.336 INFO  https://www.programiz.com 
2019-01-28 17:00:31.336 INFO  https://www.programiz.com 
2019-01-28 17:00:31.336 INFO  https://www.paypal.me 
2019-01-28 17:09:12.303 INFO  https://support.google.com 
2019-01-28 17:09:12.303 INFO  https://www.google.com.vn 
2019-01-28 17:09:12.303 INFO  https://accounts.google.com 
2019-01-28 17:09:12.303 INFO  https://www.google.com 
2019-01-28 17:09:12.303 INFO  https://www.google.com 
2019-01-28 17:09:12.304 INFO  https://www.google.com 
2019-01-28 17:09:12.304 INFO  https://www.google.com 
2019-01-28 17:09:12.304 INFO  https://www.google.com 
2019-01-28 17:09:12.304 INFO  https://www.google.com 
2019-01-28 17:09:12.304 INFO  https://www.google.com 
2019-01-28 17:09:12.304 INFO  https://www.google.com 
2019-01-28 17:09:12.304 INFO  https://www.google.com 
2019-01-28 17:09:12.304 INFO  https://www.google.com 
2019-01-28 17:09:12.305 INFO  https://www.google.com 
2019-01-28 17:09:12.305 INFO  https://www.google.com 
2019-01-28 17:09:12.305 INFO  https://www.google.com 
2019-01-28 17:09:12.305 INFO  https://www.google.com 
2019-01-28 17:09:12.305 INFO  https://myactivity.google.com 
2019-01-28 17:09:12.306 INFO  https://www.google.com 
2019-01-28 17:09:12.306 INFO  https://support.google.com 
2019-01-28 17:09:12.306 INFO  https://www.google.com 
2019-01-28 17:09:12.306 INFO  https://www.google.com 
2019-01-28 17:09:12.306 INFO  https://www.google.com 
2019-01-28 17:09:12.306 INFO  https://www.google.com 
2019-01-28 17:09:12.307 INFO  https://www.google.com 
2019-01-28 17:09:12.307 INFO  https://www.google.com 
2019-01-28 17:09:12.307 INFO  https://www.google.com 
2019-01-28 17:09:12.307 INFO  https://www.google.com 
2019-01-28 17:09:12.307 INFO  https://confluence.atlassian.com 
2019-01-28 17:09:12.307 INFO  https://www.google.com 
2019-01-28 17:09:12.308 INFO  https://www.google.com 
2019-01-28 17:09:12.308 INFO  https://www.google.com 
2019-01-28 17:09:12.308 INFO  https://github.com 
2019-01-28 17:09:12.308 INFO  https://www.google.com 
2019-01-28 17:09:12.308 INFO  https://webcache.googleusercontent.com 
2019-01-28 17:09:12.308 INFO  https://www.google.com 
2019-01-28 17:09:12.308 INFO  https://translate.google.com 
2019-01-28 17:09:12.309 INFO  https://confluence.atlassian.com 
2019-01-28 17:09:12.309 INFO  https://www.google.com 
2019-01-28 17:09:12.309 INFO  https://webcache.googleusercontent.com 
2019-01-28 17:09:12.309 INFO  https://www.google.com 
2019-01-28 17:09:12.309 INFO  https://translate.google.com 
2019-01-28 17:09:12.309 INFO  https://confluence.atlassian.com 
2019-01-28 17:09:12.309 INFO  https://confluence.atlassian.com 
2019-01-28 17:09:12.310 INFO  https://confluence.atlassian.com 
2019-01-28 17:09:12.310 INFO  https://confluence.atlassian.com 
2019-01-28 17:09:12.310 INFO  https://stackoverflow.com 
2019-01-28 17:09:12.310 INFO  https://www.google.com 
2019-01-28 17:09:12.310 INFO  https://webcache.googleusercontent.com 
2019-01-28 17:09:12.310 INFO  https://translate.google.com 
2019-01-28 17:09:12.311 INFO  https://stackoverflow.com 
2019-01-28 17:09:12.311 INFO  https://stackoverflow.com 
2019-01-28 17:09:12.311 INFO  https://stackoverflow.com 
2019-01-28 17:09:12.311 INFO  https://stackoverflow.com 
2019-01-28 17:09:12.311 INFO  https://www.google.com 
2019-01-28 17:09:12.311 INFO  https://backlog.com 
2019-01-28 17:09:12.311 INFO  https://www.google.com 
2019-01-28 17:09:12.312 INFO  https://webcache.googleusercontent.com 
2019-01-28 17:09:12.312 INFO  https://translate.google.com 
2019-01-28 17:09:12.312 INFO  https://git-scm.com 
2019-01-28 17:09:12.312 INFO  https://www.google.com 
2019-01-28 17:09:12.312 INFO  https://webcache.googleusercontent.com 
2019-01-28 17:09:12.312 INFO  https://translate.google.com 
2019-01-28 17:09:12.312 INFO  https://git-scm.com 
2019-01-28 17:09:12.312 INFO  https://www.google.com 
2019-01-28 17:09:12.312 INFO  https://webcache.googleusercontent.com 
2019-01-28 17:09:12.312 INFO  https://www.google.com 
2019-01-28 17:09:12.313 INFO  https://translate.google.com 
2019-01-28 17:09:12.313 INFO  http://dont-be-afraid-to-commit.readthedocs.io 
2019-01-28 17:09:12.313 INFO  https://www.google.com 
2019-01-28 17:09:12.313 INFO  http://webcache.googleusercontent.com 
2019-01-28 17:09:12.313 INFO  https://www.google.com 
2019-01-28 17:09:12.313 INFO  https://translate.google.com 
2019-01-28 17:09:12.313 INFO  https://www.shellhacks.com 
2019-01-28 17:09:12.313 INFO  https://www.google.com 
2019-01-28 17:09:12.313 INFO  https://webcache.googleusercontent.com 
2019-01-28 17:09:12.313 INFO  https://translate.google.com 
2019-01-28 17:09:12.313 INFO  https://rollout.io 
2019-01-28 17:09:12.313 INFO  https://www.google.com 
2019-01-28 17:09:12.314 INFO  https://webcache.googleusercontent.com 
2019-01-28 17:09:12.315 INFO  https://translate.google.com 
2019-01-28 17:09:12.315 INFO  https://www.jetbrains.com 
2019-01-28 17:09:12.315 INFO  https://www.google.com 
2019-01-28 17:09:12.315 INFO  https://webcache.googleusercontent.com 
2019-01-28 17:09:12.315 INFO  https://translate.google.com 
2019-01-28 17:09:12.315 INFO  https://www.google.com 
2019-01-28 17:09:12.315 INFO  https://www.google.com 
2019-01-28 17:09:12.315 INFO  https://www.google.com 
2019-01-28 17:09:12.315 INFO  https://www.google.com 
2019-01-28 17:09:12.316 INFO  https://www.google.com 
2019-01-28 17:09:12.316 INFO  https://www.google.com 
2019-01-28 17:09:12.316 INFO  https://www.google.com 
2019-01-28 17:09:12.316 INFO  https://www.google.com 
2019-01-28 17:09:12.316 INFO  https://www.google.com 
2019-01-28 17:09:12.316 INFO  https://www.google.com 
2019-01-28 17:09:12.316 INFO  https://www.google.com 
2019-01-28 17:09:12.316 INFO  https://www.google.com 
2019-01-28 17:09:12.316 INFO  https://www.google.com 
2019-01-28 17:09:12.316 INFO  https://www.google.com 
2019-01-28 17:09:12.316 INFO  https://www.google.com 
2019-01-28 17:09:12.317 INFO  https://www.google.com 
2019-01-28 17:09:12.317 INFO  https://www.google.com 
2019-01-28 17:09:12.317 INFO  https://www.google.com 
2019-01-28 17:09:12.317 INFO  https://www.google.com 
2019-01-28 17:09:12.317 INFO  https://support.google.com 
2019-01-28 17:09:12.317 INFO  https://support.google.com 
2019-01-28 17:09:12.317 INFO  https://www.google.com 
2019-01-28 17:09:12.317 INFO  https://www.google.com 
2019-01-28 17:09:12.318 INFO  https://www.google.com 
2019-01-28 17:09:12.318 INFO  https://myaccount.google.com 
2019-01-28 17:09:12.318 INFO  https://www.google.com.vn 
2019-01-28 17:09:12.318 INFO  https://www.youtube.com 
2019-01-28 17:09:12.318 INFO  https://news.google.com.vn 
2019-01-28 17:09:12.319 INFO  https://mail.google.com 
2019-01-28 17:09:12.319 INFO  https://contacts.google.com 
2019-01-28 17:09:12.319 INFO  https://drive.google.com 
2019-01-28 17:09:12.320 INFO  https://www.google.com 
2019-01-28 17:09:12.320 INFO  https://plus.google.com 
2019-01-28 17:09:12.320 INFO  https://translate.google.com.vn 
2019-01-28 17:09:12.320 INFO  https://photos.google.com 
2019-01-28 17:09:12.320 INFO  https://www.google.com 
2019-01-28 17:09:12.320 INFO  https://www.google.com.vn 
2019-01-28 17:09:12.321 INFO  https://docs.google.com 
2019-01-28 17:09:12.321 INFO  https://hangouts.google.com 
2019-01-28 17:09:12.321 INFO  https://keep.google.com 
2019-01-28 17:09:12.321 INFO  https://jamboard.google.com 
2019-01-28 17:09:12.321 INFO  https://classroom.google.com 
2019-01-28 17:09:12.321 INFO  https://earth.google.com 
2019-01-28 17:09:12.321 INFO  https://www.google.com.vn 
2019-01-28 17:09:12.322 INFO  https://www.google.com.vn 
2019-01-28 17:09:12.322 INFO  https://plus.google.com 
2019-01-28 17:09:12.322 INFO  https://plus.google.com 
2019-01-28 17:09:12.322 INFO  https://myaccount.google.com 
2019-01-28 17:09:12.322 INFO  https://myaccount.google.com 
2019-01-28 17:09:12.322 INFO  https://www.google.com 
2019-01-28 17:09:12.322 INFO  https://myaccount.google.com 
2019-01-28 17:09:12.322 INFO  https://accounts.google.com 
2019-01-28 17:09:12.323 INFO  https://accounts.google.com 
2019-01-28 17:09:16.672 INFO  https://support.atlassian.com 
2019-01-28 17:09:16.672 INFO  https://confluence.atlassian.com 
2019-01-28 17:09:16.672 INFO  https://confluence.atlassian.com 
2019-01-28 17:09:16.672 INFO  https://confluence.atlassian.com 
2019-01-28 17:09:16.672 INFO  https://confluence.atlassian.com 
2019-01-28 17:09:16.672 INFO  https://confluence.atlassian.com 
2019-01-28 17:09:16.672 INFO  https://my.atlassian.com 
2019-01-28 17:09:16.672 INFO  https://support.atlassian.com 
2019-01-28 17:09:16.672 INFO  https://confluence.atlassian.com 
2019-01-28 17:09:16.673 INFO  https://confluence.atlassian.com 
2019-01-28 17:09:16.673 INFO  https://confluence.atlassian.com 
2019-01-28 17:09:16.673 INFO  https://support.atlassian.com 
2019-01-28 17:09:16.673 INFO  https://support.atlassian.com 
2019-01-28 17:09:16.673 INFO  https://support.atlassian.com 
2019-01-28 17:09:16.673 INFO  https://support.atlassian.com 
2019-01-28 17:09:16.673 INFO  https://support.atlassian.com 
2019-01-28 17:09:16.673 INFO  https://support.atlassian.com 
2019-01-28 17:09:16.673 INFO  https://support.atlassian.com 
2019-01-28 17:09:16.673 INFO  https://community.atlassian.com 
2019-01-28 17:09:16.673 INFO  http://status.atlassian.com 
2019-01-28 17:09:16.673 INFO  https://marketplace.atlassian.com 
2019-01-28 17:09:16.673 INFO  https://www.atlassian.com 
2019-01-28 17:09:16.673 INFO  https://jira.atlassian.com 
2019-01-28 17:09:16.674 INFO  https://confluence.atlassian.com 
2019-01-28 17:09:16.675 INFO  https://confluence.atlassian.com 
2019-01-28 17:09:16.675 INFO  https://confluence.atlassian.com 
2019-01-28 17:09:16.675 INFO  https://support.atlassian.com 
2019-01-28 17:09:16.676 INFO  https://confluence.atlassian.com 
2019-01-28 17:09:16.676 INFO  https://www.atlassian.com 
2019-01-28 17:09:16.676 INFO  https://confluence.atlassian.com 
2019-01-28 17:09:16.676 INFO  https://confluence.atlassian.com 
2019-01-28 17:09:16.676 INFO  https://www.atlassian.com 
2019-01-28 17:09:16.677 INFO  https://www.atlassian.com 
2019-01-28 17:09:16.677 INFO  https://developer.atlassian.com 
2019-01-28 17:09:16.677 INFO  http://aug.atlassian.com 
2019-01-28 17:09:16.677 INFO  http://www.atlassian.com 
2019-01-28 17:09:16.677 INFO  https://confluence.atlassian.com 
2019-01-28 17:09:16.677 INFO  https://confluence.atlassian.com 
2019-01-28 17:09:16.678 INFO  https://confluence.atlassian.com 
2019-01-28 17:09:16.678 INFO  https://confluence.atlassian.com 
2019-01-28 17:09:16.678 INFO  https://confluence.atlassian.com 
2019-01-28 17:09:16.678 INFO  https://confluence.atlassian.com 
2019-01-28 17:09:16.678 INFO  https://confluence.atlassian.com 
2019-01-28 17:09:16.679 INFO  https://confluence.atlassian.com 
2019-01-28 17:09:16.679 INFO  https://confluence.atlassian.com 
2019-01-28 17:09:16.679 INFO  https://confluence.atlassian.com 
2019-01-28 17:09:16.679 INFO  https://confluence.atlassian.com 
2019-01-28 17:09:16.679 INFO  https://confluence.atlassian.com 
2019-01-28 17:09:16.679 INFO  https://confluence.atlassian.com 
2019-01-28 17:09:16.679 INFO  https://confluence.atlassian.com 
2019-01-28 17:09:16.679 INFO  https://confluence.atlassian.com 
2019-01-28 17:09:16.679 INFO  https://confluence.atlassian.com 
2019-01-28 17:09:16.679 INFO  https://confluence.atlassian.com 
2019-01-28 17:09:16.679 INFO  https://confluence.atlassian.com 
2019-01-28 17:09:16.679 INFO  https://confluence.atlassian.com 
2019-01-28 17:09:16.679 INFO  https://confluence.atlassian.com 
2019-01-28 17:09:16.679 INFO  https://confluence.atlassian.com 
2019-01-28 17:09:16.679 INFO  https://confluence.atlassian.com 
2019-01-28 17:09:16.679 INFO  https://confluence.atlassian.com 
2019-01-28 17:09:16.680 INFO  https://confluence.atlassian.com 
2019-01-28 17:09:16.680 INFO  https://confluence.atlassian.com 
2019-01-28 17:09:16.680 INFO  https://confluence.atlassian.com 
2019-01-28 17:09:16.680 INFO  https://confluence.atlassian.com 
2019-01-28 17:09:16.680 INFO  https://confluence.atlassian.com 
2019-01-28 17:09:16.680 INFO  https://confluence.atlassian.com 
2019-01-28 17:09:16.680 INFO  https://confluence.atlassian.com 
2019-01-28 17:09:16.680 INFO  https://confluence.atlassian.com 
2019-01-28 17:09:16.680 INFO  https://confluence.atlassian.com 
2019-01-28 17:09:16.680 INFO  https://confluence.atlassian.com 
2019-01-28 17:09:16.680 INFO  https://confluence.atlassian.com 
2019-01-28 17:09:16.680 INFO  https://confluence.atlassian.com 
2019-01-28 17:09:16.680 INFO  https://confluence.atlassian.com 
2019-01-28 17:09:16.680 INFO  https://confluence.atlassian.com 
2019-01-28 17:09:16.680 INFO  https://confluence.atlassian.com 
2019-01-28 17:09:16.680 INFO  https://confluence.atlassian.com 
2019-01-28 17:09:16.680 INFO  https://confluence.atlassian.com 
2019-01-28 17:09:16.680 INFO  https://confluence.atlassian.com 
2019-01-28 17:09:16.681 INFO  https://confluence.atlassian.com 
2019-01-28 17:09:16.681 INFO  https://confluence.atlassian.com 
2019-01-28 17:09:16.681 INFO  https://confluence.atlassian.com 
2019-01-28 17:09:16.681 INFO  https://confluence.atlassian.com 
2019-01-28 17:09:16.681 INFO  https://confluence.atlassian.com 
2019-01-28 17:09:16.681 INFO  https://confluence.atlassian.com 
2019-01-28 17:09:16.681 INFO  https://confluence.atlassian.com 
2019-01-28 17:09:16.681 INFO  https://confluence.atlassian.com 
2019-01-28 17:09:16.681 INFO  https://confluence.atlassian.com 
2019-01-28 17:09:16.681 INFO  https://confluence.atlassian.com 
2019-01-28 17:09:16.681 INFO  https://confluence.atlassian.com 
2019-01-28 17:09:16.681 INFO  https://confluence.atlassian.com 
2019-01-28 17:09:16.681 INFO  https://confluence.atlassian.com 
2019-01-28 17:09:16.681 INFO  https://confluence.atlassian.com 
2019-01-28 17:09:16.681 INFO  https://confluence.atlassian.com 
2019-01-28 17:09:16.681 INFO  https://confluence.atlassian.com 
2019-01-28 17:09:16.681 INFO  https://confluence.atlassian.com 
2019-01-28 17:09:16.681 INFO  https://confluence.atlassian.com 
2019-01-28 17:09:16.682 INFO  https://confluence.atlassian.com 
2019-01-28 17:09:16.682 INFO  https://confluence.atlassian.com 
2019-01-28 17:09:16.682 INFO  https://confluence.atlassian.com 
2019-01-28 17:09:16.682 INFO  https://confluence.atlassian.com 
2019-01-28 17:09:16.682 INFO  https://confluence.atlassian.com 
2019-01-28 17:09:16.682 INFO  https://confluence.atlassian.com 
2019-01-28 17:09:16.682 INFO  https://confluence.atlassian.com 
2019-01-28 17:09:16.682 INFO  https://confluence.atlassian.com 
2019-01-28 17:09:16.682 INFO  https://confluence.atlassian.com 
2019-01-28 17:09:16.682 INFO  https://confluence.atlassian.com 
2019-01-28 17:09:16.682 INFO  https://confluence.atlassian.com 
2019-01-28 17:09:16.682 INFO  https://confluence.atlassian.com 
2019-01-28 17:09:16.682 INFO  https://confluence.atlassian.com 
2019-01-28 17:09:16.682 INFO  https://confluence.atlassian.com 
2019-01-28 17:09:16.682 INFO  https://confluence.atlassian.com 
2019-01-28 17:09:16.682 INFO  https://confluence.atlassian.com 
2019-01-28 17:09:16.682 INFO  https://confluence.atlassian.com 
2019-01-28 17:09:16.682 INFO  https://confluence.atlassian.com 
2019-01-28 17:09:16.683 INFO  https://confluence.atlassian.com 
2019-01-28 17:09:16.683 INFO  https://confluence.atlassian.com 
2019-01-28 17:09:16.683 INFO  https://confluence.atlassian.com 
2019-01-28 17:09:16.683 INFO  https://confluence.atlassian.com 
2019-01-28 17:09:16.683 INFO  https://confluence.atlassian.com 
2019-01-28 17:09:16.683 INFO  https://confluence.atlassian.com 
2019-01-28 17:09:16.683 INFO  https://confluence.atlassian.com 
2019-01-28 17:09:16.683 INFO  https://confluence.atlassian.com 
2019-01-28 17:09:16.683 INFO  https://confluence.atlassian.com 
2019-01-28 17:09:16.683 INFO  https://confluence.atlassian.com 
2019-01-28 17:09:16.683 INFO  https://confluence.atlassian.com 
2019-01-28 17:09:16.683 INFO  https://confluence.atlassian.com 
2019-01-28 17:09:16.683 INFO  https://confluence.atlassian.com 
2019-01-28 17:09:16.683 INFO  https://confluence.atlassian.com 
2019-01-28 17:09:16.684 INFO  https://confluence.atlassian.com 
2019-01-28 17:09:16.684 INFO  https://confluence.atlassian.com 
2019-01-28 17:09:16.684 INFO  https://confluence.atlassian.com 
2019-01-28 17:09:16.684 INFO  https://confluence.atlassian.com 
2019-01-28 17:09:16.684 INFO  https://confluence.atlassian.com 
2019-01-28 17:09:16.684 INFO  https://confluence.atlassian.com 
2019-01-28 17:09:16.684 INFO  https://confluence.atlassian.com 
2019-01-28 17:09:16.684 INFO  https://confluence.atlassian.com 
2019-01-28 17:09:16.684 INFO  https://confluence.atlassian.com 
2019-01-28 17:09:16.684 INFO  https://confluence.atlassian.com 
2019-01-28 17:09:16.684 INFO  https://confluence.atlassian.com 
2019-01-28 17:09:16.684 INFO  https://confluence.atlassian.com 
2019-01-28 17:09:16.685 INFO  https://confluence.atlassian.com 
2019-01-28 17:09:16.685 INFO  https://confluence.atlassian.com 
2019-01-28 17:09:16.685 INFO  https://confluence.atlassian.com 
2019-01-28 17:09:16.685 INFO  https://confluence.atlassian.com 
2019-01-28 17:09:16.685 INFO  https://confluence.atlassian.com 
2019-01-28 17:09:16.685 INFO  https://confluence.atlassian.com 
2019-01-28 17:09:16.685 INFO  https://confluence.atlassian.com 
2019-01-28 17:09:16.685 INFO  https://confluence.atlassian.com 
2019-01-28 17:09:16.685 INFO  https://confluence.atlassian.com 
2019-01-28 17:09:16.685 INFO  https://confluence.atlassian.com 
2019-01-28 17:09:16.685 INFO  https://confluence.atlassian.com 
2019-01-28 17:09:16.685 INFO  https://confluence.atlassian.com 
2019-01-28 17:09:16.685 INFO  https://confluence.atlassian.com 
2019-01-28 17:09:16.685 INFO  https://confluence.atlassian.com 
2019-01-28 17:09:16.685 INFO  https://confluence.atlassian.com 
2019-01-28 17:09:16.685 INFO  https://confluence.atlassian.com 
2019-01-28 17:09:16.685 INFO  https://confluence.atlassian.com 
2019-01-28 17:09:16.686 INFO  https://confluence.atlassian.com 
2019-01-28 17:09:16.686 INFO  https://confluence.atlassian.com 
2019-01-28 17:09:16.686 INFO  https://confluence.atlassian.com 
2019-01-28 17:09:16.686 INFO  https://confluence.atlassian.com 
2019-01-28 17:09:16.686 INFO  https://confluence.atlassian.com 
2019-01-28 17:09:16.686 INFO  https://confluence.atlassian.com 
2019-01-28 17:09:16.686 INFO  https://confluence.atlassian.com 
2019-01-28 17:09:16.686 INFO  https://confluence.atlassian.com 
2019-01-28 17:09:16.686 INFO  https://confluence.atlassian.com 
2019-01-28 17:09:16.686 INFO  https://confluence.atlassian.com 
2019-01-28 17:09:16.686 INFO  https://confluence.atlassian.com 
2019-01-28 17:09:16.686 INFO  https://confluence.atlassian.com 
2019-01-28 17:09:16.686 INFO  https://confluence.atlassian.com 
2019-01-28 17:09:16.686 INFO  https://confluence.atlassian.com 
2019-01-28 17:09:16.686 INFO  https://confluence.atlassian.com 
2019-01-28 17:09:16.686 INFO  https://confluence.atlassian.com 
2019-01-28 17:09:16.686 INFO  https://confluence.atlassian.com 
2019-01-28 17:09:16.686 INFO  https://confluence.atlassian.com 
2019-01-28 17:09:16.686 INFO  https://confluence.atlassian.com 
2019-01-28 17:09:16.686 INFO  https://confluence.atlassian.com 
2019-01-28 17:09:16.687 INFO  https://confluence.atlassian.com 
2019-01-28 17:09:16.687 INFO  https://confluence.atlassian.com 
2019-01-28 17:09:16.687 INFO  https://confluence.atlassian.com 
2019-01-28 17:09:16.687 INFO  https://confluence.atlassian.com 
2019-01-28 17:09:16.687 INFO  https://confluence.atlassian.com 
2019-01-28 17:09:16.687 INFO  https://confluence.atlassian.com 
2019-01-28 17:09:16.687 INFO  https://confluence.atlassian.com 
2019-01-28 17:09:16.687 INFO  https://confluence.atlassian.com 
2019-01-28 17:09:16.687 INFO  https://confluence.atlassian.com 
2019-01-28 17:09:16.687 INFO  https://confluence.atlassian.com 
2019-01-28 17:09:16.687 INFO  https://confluence.atlassian.com 
2019-01-28 17:09:16.687 INFO  https://confluence.atlassian.com 
2019-01-28 17:09:16.687 INFO  https://confluence.atlassian.com 
2019-01-28 17:09:16.687 INFO  https://confluence.atlassian.com 
2019-01-28 17:09:16.687 INFO  https://confluence.atlassian.com 
2019-01-28 17:09:16.687 INFO  https://confluence.atlassian.com 
2019-01-28 17:09:16.687 INFO  https://confluence.atlassian.com 
2019-01-28 17:09:16.687 INFO  https://confluence.atlassian.com 
2019-01-28 17:09:16.687 INFO  https://confluence.atlassian.com 
2019-01-28 17:09:16.687 INFO  https://confluence.atlassian.com 
2019-01-28 17:09:16.687 INFO  https://confluence.atlassian.com 
2019-01-28 17:09:16.688 INFO  https://confluence.atlassian.com 
2019-01-28 17:09:16.688 INFO  https://confluence.atlassian.com 
2019-01-28 17:09:16.688 INFO  https://confluence.atlassian.com 
2019-01-28 17:09:16.688 INFO  https://confluence.atlassian.com 
2019-01-28 17:09:16.688 INFO  https://confluence.atlassian.com 
2019-01-28 17:09:16.688 INFO  https://confluence.atlassian.com 
2019-01-28 17:09:16.688 INFO  https://confluence.atlassian.com 
2019-01-28 17:09:16.688 INFO  https://confluence.atlassian.com 
2019-01-28 17:09:16.688 INFO  https://confluence.atlassian.com 
2019-01-28 17:09:16.688 INFO  https://confluence.atlassian.com 
2019-01-28 17:09:16.688 INFO  https://confluence.atlassian.com 
2019-01-28 17:09:16.689 INFO  https://confluence.atlassian.com 
2019-01-28 17:09:16.689 INFO  https://confluence.atlassian.com 
2019-01-28 17:09:16.689 INFO  https://confluence.atlassian.com 
2019-01-28 17:09:16.689 INFO  https://confluence.atlassian.com 
2019-01-28 17:09:16.689 INFO  https://confluence.atlassian.com 
2019-01-28 17:09:16.689 INFO  https://confluence.atlassian.com 
2019-01-28 17:09:16.689 INFO  https://confluence.atlassian.com 
2019-01-28 17:09:16.689 INFO  https://confluence.atlassian.com 
2019-01-28 17:09:16.689 INFO  https://confluence.atlassian.com 
2019-01-28 17:09:16.689 INFO  https://confluence.atlassian.com 
2019-01-28 17:09:16.689 INFO  https://confluence.atlassian.com 
2019-01-28 17:09:16.689 INFO  https://confluence.atlassian.com 
2019-01-28 17:09:16.689 INFO  https://confluence.atlassian.com 
2019-01-28 17:09:16.689 INFO  https://confluence.atlassian.com 
2019-01-28 17:09:16.689 INFO  https://confluence.atlassian.com 
2019-01-28 17:09:16.689 INFO  https://confluence.atlassian.com 
2019-01-28 17:09:16.689 INFO  https://confluence.atlassian.com 
2019-01-28 17:09:16.689 INFO  https://confluence.atlassian.com 
2019-01-28 17:09:16.689 INFO  https://confluence.atlassian.com 
2019-01-28 17:09:16.690 INFO  https://confluence.atlassian.com 
2019-01-28 17:09:16.690 INFO  https://confluence.atlassian.com 
2019-01-28 17:09:16.690 INFO  https://confluence.atlassian.com 
2019-01-28 17:09:16.690 INFO  https://confluence.atlassian.com 
2019-01-28 17:09:16.690 INFO  https://confluence.atlassian.com 
2019-01-28 17:09:16.690 INFO  https://confluence.atlassian.com 
2019-01-28 17:09:16.690 INFO  https://confluence.atlassian.com 
2019-01-28 17:09:16.690 INFO  https://confluence.atlassian.com 
2019-01-28 17:09:16.690 INFO  https://confluence.atlassian.com 
2019-01-28 17:09:16.690 INFO  https://confluence.atlassian.com 
2019-01-28 17:09:16.690 INFO  https://confluence.atlassian.com 
2019-01-28 17:09:16.690 INFO  https://confluence.atlassian.com 
2019-01-28 17:09:16.690 INFO  https://confluence.atlassian.com 
2019-01-28 17:09:16.690 INFO  https://confluence.atlassian.com 
2019-01-28 17:09:16.690 INFO  https://confluence.atlassian.com 
2019-01-28 17:09:16.690 INFO  https://confluence.atlassian.com 
2019-01-28 17:09:16.690 INFO  https://confluence.atlassian.com 
2019-01-28 17:09:16.690 INFO  https://confluence.atlassian.com 
2019-01-28 17:09:16.690 INFO  https://confluence.atlassian.com 
2019-01-28 17:09:16.690 INFO  https://confluence.atlassian.com 
2019-01-28 17:09:16.690 INFO  https://confluence.atlassian.com 
2019-01-28 17:09:16.691 INFO  https://confluence.atlassian.com 
2019-01-28 17:09:16.691 INFO  https://confluence.atlassian.com 
2019-01-28 17:09:16.691 INFO  https://confluence.atlassian.com 
2019-01-28 17:09:16.691 INFO  https://confluence.atlassian.com 
2019-01-28 17:09:16.691 INFO  https://confluence.atlassian.com 
2019-01-28 17:09:16.691 INFO  https://confluence.atlassian.com 
2019-01-28 17:09:16.691 INFO  https://confluence.atlassian.com 
2019-01-28 17:09:16.691 INFO  https://confluence.atlassian.com 
2019-01-28 17:09:16.691 INFO  https://confluence.atlassian.com 
2019-01-28 17:09:16.691 INFO  https://confluence.atlassian.com 
2019-01-28 17:09:16.691 INFO  https://confluence.atlassian.com 
2019-01-28 17:09:16.691 INFO  https://confluence.atlassian.com 
2019-01-28 17:09:16.691 INFO  https://confluence.atlassian.com 
2019-01-28 17:09:16.691 INFO  https://confluence.atlassian.com 
2019-01-28 17:09:16.691 INFO  https://confluence.atlassian.com 
2019-01-28 17:09:16.691 INFO  https://confluence.atlassian.com 
2019-01-28 17:09:16.691 INFO  https://confluence.atlassian.com 
2019-01-28 17:09:16.691 INFO  https://confluence.atlassian.com 
2019-01-28 17:09:16.691 INFO  https://confluence.atlassian.com 
2019-01-28 17:09:16.691 INFO  https://confluence.atlassian.com 
2019-01-28 17:09:16.691 INFO  https://confluence.atlassian.com 
2019-01-28 17:09:16.691 INFO  https://confluence.atlassian.com 
2019-01-28 17:09:16.692 INFO  https://confluence.atlassian.com 
2019-01-28 17:09:16.692 INFO  https://confluence.atlassian.com 
2019-01-28 17:09:16.692 INFO  https://confluence.atlassian.com 
2019-01-28 17:09:16.692 INFO  https://confluence.atlassian.com 
2019-01-28 17:09:16.692 INFO  https://confluence.atlassian.com 
2019-01-28 17:09:16.692 INFO  https://confluence.atlassian.com 
2019-01-28 17:09:16.692 INFO  https://confluence.atlassian.com 
2019-01-28 17:09:16.692 INFO  https://confluence.atlassian.com 
2019-01-28 17:09:16.692 INFO  https://confluence.atlassian.com 
2019-01-28 17:09:16.692 INFO  https://confluence.atlassian.com 
2019-01-28 17:09:16.692 INFO  https://confluence.atlassian.com 
2019-01-28 17:09:16.692 INFO  https://confluence.atlassian.com 
2019-01-28 17:09:16.692 INFO  https://confluence.atlassian.com 
2019-01-28 17:09:16.692 INFO  https://confluence.atlassian.com 
2019-01-28 17:09:16.692 INFO  https://confluence.atlassian.com 
2019-01-28 17:09:16.692 INFO  https://confluence.atlassian.com 
2019-01-28 17:09:16.692 INFO  https://confluence.atlassian.com 
2019-01-28 17:09:16.692 INFO  https://confluence.atlassian.com 
2019-01-28 17:09:16.692 INFO  https://confluence.atlassian.com 
2019-01-28 17:09:16.692 INFO  https://confluence.atlassian.com 
2019-01-28 17:09:16.693 INFO  https://confluence.atlassian.com 
2019-01-28 17:09:16.693 INFO  https://confluence.atlassian.com 
2019-01-28 17:09:16.693 INFO  https://confluence.atlassian.com 
2019-01-28 17:09:16.693 INFO  https://confluence.atlassian.com 
2019-01-28 17:09:16.693 INFO  https://confluence.atlassian.com 
2019-01-28 17:09:16.693 INFO  https://confluence.atlassian.com 
2019-01-28 17:09:16.693 INFO  https://confluence.atlassian.com 
2019-01-28 17:09:16.693 INFO  https://confluence.atlassian.com 
2019-01-28 17:09:16.693 INFO  https://confluence.atlassian.com 
2019-01-28 17:09:16.693 INFO  https://confluence.atlassian.com 
2019-01-28 17:09:16.694 INFO  https://confluence.atlassian.com 
2019-01-28 17:09:16.694 INFO  https://confluence.atlassian.com 
2019-01-28 17:09:16.694 INFO  https://confluence.atlassian.com 
2019-01-28 17:09:16.694 INFO  https://confluence.atlassian.com 
2019-01-28 17:09:16.694 INFO  https://confluence.atlassian.com 
2019-01-28 17:09:16.694 INFO  https://confluence.atlassian.com 
2019-01-28 17:09:16.695 INFO  https://confluence.atlassian.com 
2019-01-28 17:09:16.695 INFO  https://confluence.atlassian.com 
2019-01-28 17:09:16.695 INFO  https://confluence.atlassian.com 
2019-01-28 17:09:16.695 INFO  https://confluence.atlassian.com 
2019-01-28 17:09:16.695 INFO  https://confluence.atlassian.com 
2019-01-28 17:09:16.695 INFO  https://confluence.atlassian.com 
2019-01-28 17:09:16.695 INFO  https://confluence.atlassian.com 
2019-01-28 17:09:16.695 INFO  https://confluence.atlassian.com 
2019-01-28 17:09:16.695 INFO  https://confluence.atlassian.com 
2019-01-28 17:09:16.695 INFO  https://confluence.atlassian.com 
2019-01-28 17:09:16.695 INFO  https://confluence.atlassian.com 
2019-01-28 17:09:16.695 INFO  https://confluence.atlassian.com 
2019-01-28 17:09:16.695 INFO  https://confluence.atlassian.com 
2019-01-28 17:09:16.695 INFO  https://confluence.atlassian.com 
2019-01-28 17:09:16.695 INFO  https://confluence.atlassian.com 
2019-01-28 17:09:16.695 INFO  https://confluence.atlassian.com 
2019-01-28 17:09:16.695 INFO  https://confluence.atlassian.com 
2019-01-28 17:09:16.695 INFO  https://confluence.atlassian.com 
2019-01-28 17:09:16.695 INFO  https://confluence.atlassian.com 
2019-01-28 17:09:16.696 INFO  https://confluence.atlassian.com 
2019-01-28 17:09:16.696 INFO  https://confluence.atlassian.com 
2019-01-28 17:09:16.696 INFO  https://confluence.atlassian.com 
2019-01-28 17:09:16.696 INFO  https://confluence.atlassian.com 
2019-01-28 17:09:16.696 INFO  https://confluence.atlassian.com 
2019-01-28 17:09:16.696 INFO  https://confluence.atlassian.com 
2019-01-28 17:09:16.696 INFO  https://confluence.atlassian.com 
2019-01-28 17:09:16.696 INFO  https://confluence.atlassian.com 
2019-01-28 17:09:16.696 INFO  https://confluence.atlassian.com 
2019-01-28 17:09:16.696 INFO  https://confluence.atlassian.com 
2019-01-28 17:09:16.696 INFO  https://confluence.atlassian.com 
2019-01-28 17:09:16.697 INFO  https://confluence.atlassian.com 
2019-01-28 17:09:16.697 INFO  https://confluence.atlassian.com 
2019-01-28 17:09:16.697 INFO  https://confluence.atlassian.com 
2019-01-28 17:09:16.697 INFO  https://confluence.atlassian.com 
2019-01-28 17:09:16.697 INFO  https://confluence.atlassian.com 
2019-01-28 17:09:16.697 INFO  https://confluence.atlassian.com 
2019-01-28 17:09:16.697 INFO  https://confluence.atlassian.com 
2019-01-28 17:09:16.697 INFO  https://confluence.atlassian.com 
2019-01-28 17:09:16.697 INFO  https://confluence.atlassian.com 
2019-01-28 17:09:16.697 INFO  https://confluence.atlassian.com 
2019-01-28 17:09:16.698 INFO  https://confluence.atlassian.com 
2019-01-28 17:09:16.698 INFO  https://confluence.atlassian.com 
2019-01-28 17:09:16.698 INFO  https://confluence.atlassian.com 
2019-01-28 17:09:16.698 INFO  https://confluence.atlassian.com 
2019-01-28 17:09:16.698 INFO  https://confluence.atlassian.com 
2019-01-28 17:09:16.698 INFO  https://confluence.atlassian.com 
2019-01-28 17:09:16.698 INFO  https://confluence.atlassian.com 
2019-01-28 17:09:16.698 INFO  https://confluence.atlassian.com 
2019-01-28 17:09:16.698 INFO  https://support.atlassian.com 
2019-01-28 17:09:16.698 INFO  https://support.atlassian.com 
2019-01-28 17:09:16.698 INFO  https://confluence.atlassian.com 
2019-01-28 17:09:16.699 INFO  https://confluence.atlassian.com 
2019-01-28 17:09:16.699 INFO  https://confluence.atlassian.com 
2019-01-28 17:09:16.699 INFO  https://confluence.atlassian.com 
2019-01-28 17:09:16.699 INFO  https://confluence.atlassian.com 
2019-01-28 17:09:16.699 INFO  https://confluence.atlassian.com 
2019-01-28 17:09:16.699 INFO  https://confluence.atlassian.com 
2019-01-28 17:09:16.699 INFO  https://confluence.atlassian.com 
2019-01-28 17:09:16.699 INFO  https://confluence.atlassian.com 
2019-01-28 17:09:16.699 INFO  https://confluence.atlassian.com 
2019-01-28 17:09:16.699 INFO  https://confluence.atlassian.com 
2019-01-28 17:09:16.699 INFO  https://confluence.atlassian.com 
2019-01-28 17:09:16.699 INFO  https://confluence.atlassian.com 
2019-01-28 17:09:16.699 INFO  https://confluence.atlassian.com 
2019-01-28 17:09:16.699 INFO  https://confluence.atlassian.com 
2019-01-28 17:09:16.700 INFO  https://confluence.atlassian.com 
2019-01-28 17:09:16.700 INFO  https://confluence.atlassian.com 
2019-01-28 17:09:16.700 INFO  https://confluence.atlassian.com 
2019-01-28 17:09:16.700 INFO  https://confluence.atlassian.com 
2019-01-28 17:09:16.700 INFO  https://confluence.atlassian.com 
2019-01-28 17:09:16.700 INFO  https://confluence.atlassian.com 
2019-01-28 17:09:16.700 INFO  https://confluence.atlassian.com 
2019-01-28 17:09:16.700 INFO  https://confluence.atlassian.com 
2019-01-28 17:09:16.700 INFO  https://confluence.atlassian.com 
2019-01-28 17:09:16.700 INFO  https://confluence.atlassian.com 
2019-01-28 17:09:16.700 INFO  https://confluence.atlassian.com 
2019-01-28 17:09:16.700 INFO  https://confluence.atlassian.com 
2019-01-28 17:09:16.700 INFO  https://confluence.atlassian.com 
2019-01-28 17:09:16.700 INFO  https://confluence.atlassian.com 
2019-01-28 17:09:16.700 INFO  https://confluence.atlassian.com 
2019-01-28 17:09:16.700 INFO  https://confluence.atlassian.com 
2019-01-28 17:09:16.700 INFO  https://confluence.atlassian.com 
2019-01-28 17:09:16.700 INFO  https://confluence.atlassian.com 
2019-01-28 17:09:16.700 INFO  https://confluence.atlassian.com 
2019-01-28 17:09:16.700 INFO  https://confluence.atlassian.com 
2019-01-28 17:09:16.700 INFO  https://confluence.atlassian.com 
2019-01-28 17:09:16.701 INFO  https://confluence.atlassian.com 
2019-01-28 17:09:16.701 INFO  https://confluence.atlassian.com 
2019-01-28 17:09:16.701 INFO  https://confluence.atlassian.com 
2019-01-28 17:09:16.701 INFO  https://confluence.atlassian.com 
2019-01-28 17:09:16.701 INFO  https://confluence.atlassian.com 
2019-01-28 17:09:16.701 INFO  https://confluence.atlassian.com 
2019-01-28 17:09:16.701 INFO  https://confluence.atlassian.com 
2019-01-28 17:09:16.701 INFO  https://community.atlassian.com 
2019-01-28 17:09:16.701 INFO  http://stevelosh.com 
2019-01-28 17:09:16.701 INFO  https://confluence.atlassian.com 
2019-01-28 17:09:16.701 INFO  https://confluence.atlassian.com 
2019-01-28 17:09:16.702 INFO  https://confluence.atlassian.com 
2019-01-28 17:09:16.702 INFO  https://confluence.atlassian.com 
2019-01-28 17:09:16.702 INFO  https://confluence.atlassian.com 
2019-01-28 17:09:16.702 INFO  https://confluence.atlassian.com 
2019-01-28 17:09:16.702 INFO  http://www.atlassian.com 
2019-01-28 17:09:16.702 INFO  https://www.k15t.com 
2019-01-28 17:09:16.702 INFO  https://www.atlassian.com 
2019-01-28 17:09:16.702 INFO  https://www.atlassian.com 
2019-01-28 17:09:16.702 INFO  https://www.atlassian.com 
2019-01-28 17:09:16.702 INFO  https://www.atlassian.com 
