2018-10-09 13:25:06.334 INFO  https://www.w3schools.com/ 
2018-10-09 13:25:06.334 INFO  javascript:void(0); 
2018-10-09 13:25:06.334 INFO  https://www.w3schools.com/default.asp 
2018-10-09 13:25:06.334 INFO  https://www.w3schools.com/html/default.asp 
2018-10-09 13:25:06.334 INFO  https://www.w3schools.com/css/default.asp 
2018-10-09 13:25:06.334 INFO  https://www.w3schools.com/js/default.asp 
2018-10-09 13:25:06.334 INFO  https://www.w3schools.com/sql/default.asp 
2018-10-09 13:25:06.334 INFO  https://www.w3schools.com/php/default.asp 
2018-10-09 13:25:06.334 INFO  https://www.w3schools.com/bootstrap/default.asp 
2018-10-09 13:25:06.334 INFO  https://www.w3schools.com/howto/default.asp 
2018-10-09 13:25:06.334 INFO  https://www.w3schools.com/jquery/default.asp 
2018-10-09 13:25:06.334 INFO  https://www.w3schools.com/w3css/default.asp 
2018-10-09 13:25:06.334 INFO  https://www.w3schools.com/python/default.asp 
2018-10-09 13:25:06.334 INFO  https://www.w3schools.com/xml/default.asp 
2018-10-09 13:25:06.334 INFO  javascript:void(0); 
2018-10-09 13:25:06.334 INFO  javascript:void(0); 
2018-10-09 13:25:06.334 INFO  javascript:void(0); 
2018-10-09 13:25:06.334 INFO  https://www.w3schools.com/forum/default.asp 
2018-10-09 13:25:06.334 INFO  javascript:void(0); 
2018-10-09 13:25:06.334 INFO  javascript:void(0); 
2018-10-09 13:25:06.334 INFO  https://www.w3schools.com/html/default.asp 
2018-10-09 13:25:06.334 INFO  https://www.w3schools.com/css/default.asp 
2018-10-09 13:25:06.334 INFO  https://www.w3schools.com/w3css/default.asp 
2018-10-09 13:25:06.334 INFO  https://www.w3schools.com/colors/default.asp 
2018-10-09 13:25:06.334 INFO  https://www.w3schools.com/bootstrap/default.asp 
2018-10-09 13:25:06.334 INFO  https://www.w3schools.com/bootstrap4/default.asp 
2018-10-09 13:25:06.334 INFO  https://www.w3schools.com/graphics/default.asp 
2018-10-09 13:25:06.334 INFO  https://www.w3schools.com/icons/default.asp 
2018-10-09 13:25:06.334 INFO  https://www.w3schools.com/howto/default.asp 
2018-10-09 13:25:06.334 INFO  https://www.w3schools.com/js/default.asp 
2018-10-09 13:25:06.334 INFO  https://www.w3schools.com/jquery/default.asp 
2018-10-09 13:25:06.334 INFO  https://www.w3schools.com/angular/default.asp 
2018-10-09 13:25:06.334 INFO  https://www.w3schools.com/js/js_json_intro.asp 
2018-10-09 13:25:06.334 INFO  https://www.w3schools.com/js/js_ajax_intro.asp 
2018-10-09 13:25:06.334 INFO  https://www.w3schools.com/w3js/default.asp 
2018-10-09 13:25:06.334 INFO  https://www.w3schools.com/sql/default.asp 
2018-10-09 13:25:06.334 INFO  https://www.w3schools.com/php/default.asp 
2018-10-09 13:25:06.334 INFO  https://www.w3schools.com/python/default.asp 
2018-10-09 13:25:06.334 INFO  https://www.w3schools.com/asp/default.asp 
2018-10-09 13:25:06.334 INFO  https://www.w3schools.com/nodejs/default.asp 
2018-10-09 13:25:06.334 INFO  https://www.w3schools.com/nodejs/nodejs_raspberrypi.asp 
2018-10-09 13:25:06.334 INFO  https://www.w3schools.com/w3css/w3css_templates.asp 
2018-10-09 13:25:06.334 INFO  https://www.w3schools.com/browsers/default.asp 
2018-10-09 13:25:06.334 INFO  https://www.w3schools.com/cert/default.asp 
2018-10-09 13:25:06.334 INFO  https://www.w3schools.com/tryit/default.asp 
2018-10-09 13:25:06.334 INFO  https://www.w3schools.com/whatis/default.asp 
2018-10-09 13:25:06.334 INFO  https://www.w3schools.com/xml/default.asp 
2018-10-09 13:25:06.334 INFO  https://www.w3schools.com/xml/ajax_intro.asp 
2018-10-09 13:25:06.334 INFO  https://www.w3schools.com/xml/dom_intro.asp 
2018-10-09 13:25:06.334 INFO  https://www.w3schools.com/xml/xml_dtd_intro.asp 
2018-10-09 13:25:06.334 INFO  https://www.w3schools.com/xml/schema_intro.asp 
2018-10-09 13:25:06.334 INFO  https://www.w3schools.com/xml/xsl_intro.asp 
2018-10-09 13:25:06.334 INFO  https://www.w3schools.com/xml/xpath_intro.asp 
2018-10-09 13:25:06.334 INFO  https://www.w3schools.com/xml/xquery_intro.asp 
2018-10-09 13:25:06.334 INFO  https://www.w3schools.com/tags/default.asp 
2018-10-09 13:25:06.334 INFO  https://www.w3schools.com/tags/ref_eventattributes.asp 
2018-10-09 13:25:06.334 INFO  https://www.w3schools.com/colors/default.asp 
2018-10-09 13:25:06.334 INFO  https://www.w3schools.com/tags/ref_attributes.asp 
2018-10-09 13:25:06.334 INFO  https://www.w3schools.com/tags/ref_canvas.asp 
2018-10-09 13:25:06.334 INFO  https://www.w3schools.com/graphics/svg_reference.asp 
2018-10-09 13:25:06.334 INFO  https://www.w3schools.com/graphics/google_maps_reference.asp 
2018-10-09 13:25:06.334 INFO  https://www.w3schools.com/charsets/default.asp 
2018-10-09 13:25:06.334 INFO  https://www.w3schools.com/charsets/ref_html_ascii.asp 
2018-10-09 13:25:06.334 INFO  https://www.w3schools.com/charsets/ref_html_ansi.asp 
2018-10-09 13:25:06.334 INFO  https://www.w3schools.com/charsets/ref_html_ansi.asp 
2018-10-09 13:25:06.334 INFO  https://www.w3schools.com/charsets/ref_html_8859.asp 
2018-10-09 13:25:06.334 INFO  https://www.w3schools.com/charsets/ref_html_symbols.asp 
2018-10-09 13:25:06.334 INFO  https://www.w3schools.com/charsets/ref_html_utf8.asp 
2018-10-09 13:25:06.334 INFO  https://www.w3schools.com/cssref/default.asp 
2018-10-09 13:25:06.334 INFO  https://www.w3schools.com/cssref/css3_browsersupport.asp 
2018-10-09 13:25:06.334 INFO  https://www.w3schools.com/cssref/css_selectors.asp 
2018-10-09 13:25:06.334 INFO  https://www.w3schools.com/w3css/w3css_references.asp 
2018-10-09 13:25:06.334 INFO  https://www.w3schools.com/bootstrap/bootstrap_ref_all_classes.asp 
2018-10-09 13:25:06.334 INFO  https://www.w3schools.com/icons/icons_reference.asp 
2018-10-09 13:25:06.334 INFO  https://www.w3schools.com/xml/dom_nodetype.asp 
2018-10-09 13:25:06.334 INFO  https://www.w3schools.com/xml/dom_http.asp 
2018-10-09 13:25:06.334 INFO  https://www.w3schools.com/xml/xsl_elementref.asp 
2018-10-09 13:25:06.334 INFO  https://www.w3schools.com/xml/schema_elements_ref.asp 
2018-10-09 13:25:06.334 INFO  https://www.w3schools.com/jsref/default.asp 
2018-10-09 13:25:06.334 INFO  https://www.w3schools.com/jsref/default.asp 
2018-10-09 13:25:06.334 INFO  https://www.w3schools.com/jquery/jquery_ref_overview.asp 
2018-10-09 13:25:06.334 INFO  https://www.w3schools.com/angular/angular_ref_directives.asp 
2018-10-09 13:25:06.334 INFO  https://www.w3schools.com/w3js/w3js_references.asp 
2018-10-09 13:25:06.334 INFO  https://www.w3schools.com/php/php_ref_overview.asp 
2018-10-09 13:25:06.334 INFO  https://www.w3schools.com/sql/sql_quickref.asp 
2018-10-09 13:25:06.334 INFO  https://www.w3schools.com/python/python_reference.asp 
2018-10-09 13:25:06.334 INFO  https://www.w3schools.com/asp/asp_ref_response.asp 
2018-10-09 13:25:06.334 INFO  https://www.w3schools.com/html/html_examples.asp 
2018-10-09 13:25:06.334 INFO  https://www.w3schools.com/html/html_exercises.asp 
2018-10-09 13:25:06.334 INFO  https://www.w3schools.com/css/css_examples.asp 
2018-10-09 13:25:06.334 INFO  https://www.w3schools.com/css/css_exercises.asp 
2018-10-09 13:25:06.334 INFO  https://www.w3schools.com/w3css/w3css_examples.asp 
2018-10-09 13:25:06.334 INFO  https://www.w3schools.com/w3css/w3css_templates.asp 
2018-10-09 13:25:06.334 INFO  https://www.w3schools.com/bootstrap/bootstrap_examples.asp 
2018-10-09 13:25:06.334 INFO  https://www.w3schools.com/howto/default.asp 
2018-10-09 13:25:06.334 INFO  https://www.w3schools.com/graphics/svg_examples.asp 
2018-10-09 13:25:06.334 INFO  https://www.w3schools.com/js/js_examples.asp 
2018-10-09 13:25:06.334 INFO  https://www.w3schools.com/js/js_exercises.asp 
2018-10-09 13:25:06.334 INFO  https://www.w3schools.com/js/js_dom_examples.asp 
2018-10-09 13:25:06.334 INFO  https://www.w3schools.com/jquery/jquery_examples.asp 
2018-10-09 13:25:06.334 INFO  https://www.w3schools.com/angular/angular_examples.asp 
2018-10-09 13:25:06.334 INFO  https://www.w3schools.com/js/js_ajax_examples.asp 
2018-10-09 13:25:06.334 INFO  https://www.w3schools.com/w3js/w3js_examples.asp 
2018-10-09 13:25:06.334 INFO  https://www.w3schools.com/php/php_examples.asp 
2018-10-09 13:25:06.334 INFO  https://www.w3schools.com/asp/asp_examples.asp 
2018-10-09 13:25:06.334 INFO  https://www.w3schools.com/sql/sql_exercises.asp 
2018-10-09 13:25:06.334 INFO  https://www.w3schools.com/python/python_exercises.asp 
2018-10-09 13:25:06.334 INFO  https://www.w3schools.com/xml/xml_examples.asp 
2018-10-09 13:25:06.334 INFO  https://www.w3schools.com/xml/xsl_examples.asp 
2018-10-09 13:25:06.334 INFO  https://www.w3schools.com/xml/xpath_examples.asp 
2018-10-09 13:25:06.334 INFO  https://www.w3schools.com/xml/schema_example.asp 
2018-10-09 13:25:06.334 INFO  https://www.w3schools.com/graphics/svg_examples.asp 
2018-10-09 13:25:06.334 INFO  https://www.w3schools.com/quiztest/quiztest.asp?Qtest=HTML 
2018-10-09 13:25:06.334 INFO  https://www.w3schools.com/quiztest/quiztest.asp?Qtest=CSS 
2018-10-09 13:25:06.334 INFO  https://www.w3schools.com/quiztest/quiztest.asp?Qtest=JavaScript 
2018-10-09 13:25:06.334 INFO  https://www.w3schools.com/quiztest/quiztest.asp?Qtest=Bootstrap 
2018-10-09 13:25:06.334 INFO  https://www.w3schools.com/quiztest/quiztest.asp?Qtest=jQuery 
2018-10-09 13:25:06.334 INFO  https://www.w3schools.com/quiztest/quiztest.asp?Qtest=PHP 
2018-10-09 13:25:06.334 INFO  https://www.w3schools.com/quiztest/quiztest.asp?Qtest=SQL 
2018-10-09 13:25:06.334 INFO  https://www.w3schools.com/quiztest/quiztest.asp?Qtest=XML 
2018-10-09 13:25:06.334 INFO  javascript:void(0) 
2018-10-09 13:25:06.334 INFO  https://www.w3schools.com/jsref/default.asp 
2018-10-09 13:25:06.334 INFO  https://www.w3schools.com/jsref/jsref_obj_array.asp 
2018-10-09 13:25:06.334 INFO  https://www.w3schools.com/jsref/jsref_obj_boolean.asp 
2018-10-09 13:25:06.334 INFO  https://www.w3schools.com/jsref/jsref_obj_date.asp 
2018-10-09 13:25:06.334 INFO  https://www.w3schools.com/jsref/jsref_obj_error.asp 
2018-10-09 13:25:06.334 INFO  https://www.w3schools.com/jsref/jsref_obj_global.asp 
2018-10-09 13:25:06.334 INFO  https://www.w3schools.com/jsref/jsref_obj_json.asp 
2018-10-09 13:25:06.334 INFO  https://www.w3schools.com/jsref/jsref_obj_math.asp 
2018-10-09 13:25:06.335 INFO  https://www.w3schools.com/jsref/jsref_obj_number.asp 
2018-10-09 13:25:06.335 INFO  https://www.w3schools.com/jsref/jsref_operators.asp 
2018-10-09 13:25:06.335 INFO  https://www.w3schools.com/jsref/jsref_obj_regexp.asp 
2018-10-09 13:25:06.335 INFO  https://www.w3schools.com/jsref/jsref_statements.asp 
2018-10-09 13:25:06.335 INFO  https://www.w3schools.com/jsref/jsref_obj_string.asp 
2018-10-09 13:25:06.335 INFO  https://www.w3schools.com/jsref/dom_obj_attributes.asp 
2018-10-09 13:25:06.335 INFO  https://www.w3schools.com/jsref/obj_console.asp 
2018-10-09 13:25:06.335 INFO  https://www.w3schools.com/jsref/dom_obj_document.asp 
2018-10-09 13:25:06.335 INFO  https://www.w3schools.com/jsref/dom_obj_all.asp 
2018-10-09 13:25:06.335 INFO  https://www.w3schools.com/jsref/dom_obj_event.asp 
2018-10-09 13:25:06.335 INFO  https://www.w3schools.com/jsref/obj_events.asp 
2018-10-09 13:25:06.335 INFO  https://www.w3schools.com/jsref/obj_geolocation.asp 
2018-10-09 13:25:06.335 INFO  https://www.w3schools.com/jsref/obj_history.asp 
2018-10-09 13:25:06.335 INFO  https://www.w3schools.com/jsref/dom_obj_htmlcollection.asp 
2018-10-09 13:25:06.335 INFO  https://www.w3schools.com/jsref/obj_location.asp 
2018-10-09 13:25:06.335 INFO  https://www.w3schools.com/jsref/obj_navigator.asp 
2018-10-09 13:25:06.335 INFO  https://www.w3schools.com/jsref/obj_screen.asp 
2018-10-09 13:25:06.335 INFO  https://www.w3schools.com/jsref/dom_obj_style.asp 
2018-10-09 13:25:06.335 INFO  https://www.w3schools.com/jsref/obj_window.asp 
2018-10-09 13:25:06.335 INFO  https://www.w3schools.com/jsref/obj_storage.asp 
2018-10-09 13:25:06.335 INFO  https://www.w3schools.com/jsref/dom_obj_anchor.asp 
2018-10-09 13:25:06.335 INFO  https://www.w3schools.com/jsref/dom_obj_abbr.asp 
2018-10-09 13:25:06.335 INFO  https://www.w3schools.com/jsref/dom_obj_address.asp 
2018-10-09 13:25:06.335 INFO  https://www.w3schools.com/jsref/dom_obj_area.asp 
2018-10-09 13:25:06.335 INFO  https://www.w3schools.com/jsref/dom_obj_article.asp 
2018-10-09 13:25:06.335 INFO  https://www.w3schools.com/jsref/dom_obj_aside.asp 
2018-10-09 13:25:06.335 INFO  https://www.w3schools.com/jsref/dom_obj_audio.asp 
2018-10-09 13:25:06.335 INFO  https://www.w3schools.com/jsref/dom_obj_b.asp 
2018-10-09 13:25:06.335 INFO  https://www.w3schools.com/jsref/dom_obj_base.asp 
2018-10-09 13:25:06.335 INFO  https://www.w3schools.com/jsref/dom_obj_bdo.asp 
2018-10-09 13:25:06.335 INFO  https://www.w3schools.com/jsref/dom_obj_blockquote.asp 
2018-10-09 13:25:06.335 INFO  https://www.w3schools.com/jsref/dom_obj_body.asp 
2018-10-09 13:25:06.335 INFO  https://www.w3schools.com/jsref/dom_obj_br.asp 
2018-10-09 13:25:06.335 INFO  https://www.w3schools.com/jsref/dom_obj_pushbutton.asp 
2018-10-09 13:25:06.335 INFO  https://www.w3schools.com/jsref/dom_obj_canvas.asp 
2018-10-09 13:25:06.335 INFO  https://www.w3schools.com/jsref/dom_obj_caption.asp 
2018-10-09 13:25:06.335 INFO  https://www.w3schools.com/jsref/dom_obj_cite.asp 
2018-10-09 13:25:06.335 INFO  https://www.w3schools.com/jsref/dom_obj_code.asp 
2018-10-09 13:25:06.335 INFO  https://www.w3schools.com/jsref/dom_obj_col.asp 
2018-10-09 13:25:06.335 INFO  https://www.w3schools.com/jsref/dom_obj_colgroup.asp 
2018-10-09 13:25:06.335 INFO  https://www.w3schools.com/jsref/dom_obj_datalist.asp 
2018-10-09 13:25:06.335 INFO  https://www.w3schools.com/jsref/dom_obj_dd.asp 
2018-10-09 13:25:06.335 INFO  https://www.w3schools.com/jsref/dom_obj_del.asp 
2018-10-09 13:25:06.335 INFO  https://www.w3schools.com/jsref/dom_obj_details.asp 
2018-10-09 13:25:06.335 INFO  https://www.w3schools.com/jsref/dom_obj_dfn.asp 
2018-10-09 13:25:06.335 INFO  https://www.w3schools.com/jsref/dom_obj_dialog.asp 
2018-10-09 13:25:06.335 INFO  https://www.w3schools.com/jsref/dom_obj_div.asp 
2018-10-09 13:25:06.335 INFO  https://www.w3schools.com/jsref/dom_obj_dl.asp 
2018-10-09 13:25:06.335 INFO  https://www.w3schools.com/jsref/dom_obj_dt.asp 
2018-10-09 13:25:06.335 INFO  https://www.w3schools.com/jsref/dom_obj_em.asp 
2018-10-09 13:25:06.335 INFO  https://www.w3schools.com/jsref/dom_obj_embed.asp 
2018-10-09 13:25:06.335 INFO  https://www.w3schools.com/jsref/dom_obj_fieldset.asp 
2018-10-09 13:25:06.335 INFO  https://www.w3schools.com/jsref/dom_obj_figcaption.asp 
2018-10-09 13:25:06.335 INFO  https://www.w3schools.com/jsref/dom_obj_figure.asp 
2018-10-09 13:25:06.335 INFO  https://www.w3schools.com/jsref/dom_obj_footer.asp 
2018-10-09 13:25:06.335 INFO  https://www.w3schools.com/jsref/dom_obj_form.asp 
2018-10-09 13:25:06.335 INFO  https://www.w3schools.com/jsref/dom_obj_head.asp 
2018-10-09 13:25:06.335 INFO  https://www.w3schools.com/jsref/dom_obj_header.asp 
2018-10-09 13:25:06.335 INFO  https://www.w3schools.com/jsref/dom_obj_heading.asp 
2018-10-09 13:25:06.335 INFO  https://www.w3schools.com/jsref/dom_obj_hr.asp 
2018-10-09 13:25:06.335 INFO  https://www.w3schools.com/jsref/dom_obj_html.asp 
2018-10-09 13:25:06.335 INFO  https://www.w3schools.com/jsref/dom_obj_i.asp 
2018-10-09 13:25:06.335 INFO  https://www.w3schools.com/jsref/dom_obj_frame.asp 
2018-10-09 13:25:06.335 INFO  https://www.w3schools.com/jsref/dom_obj_image.asp 
2018-10-09 13:25:06.335 INFO  https://www.w3schools.com/jsref/dom_obj_ins.asp 
2018-10-09 13:25:06.335 INFO  https://www.w3schools.com/jsref/dom_obj_button.asp 
2018-10-09 13:25:06.335 INFO  https://www.w3schools.com/jsref/dom_obj_checkbox.asp 
2018-10-09 13:25:06.335 INFO  https://www.w3schools.com/jsref/dom_obj_color.asp 
2018-10-09 13:25:06.335 INFO  https://www.w3schools.com/jsref/dom_obj_date.asp 
2018-10-09 13:25:06.335 INFO  https://www.w3schools.com/jsref/dom_obj_datetime.asp 
2018-10-09 13:25:06.335 INFO  https://www.w3schools.com/jsref/dom_obj_datetime-local.asp 
2018-10-09 13:25:06.335 INFO  https://www.w3schools.com/jsref/dom_obj_email.asp 
2018-10-09 13:25:06.335 INFO  https://www.w3schools.com/jsref/dom_obj_fileupload.asp 
2018-10-09 13:25:06.335 INFO  https://www.w3schools.com/jsref/dom_obj_hidden.asp 
2018-10-09 13:25:06.335 INFO  https://www.w3schools.com/jsref/dom_obj_input_image.asp 
2018-10-09 13:25:06.335 INFO  https://www.w3schools.com/jsref/dom_obj_month.asp 
2018-10-09 13:25:06.335 INFO  https://www.w3schools.com/jsref/dom_obj_number.asp 
2018-10-09 13:25:06.335 INFO  https://www.w3schools.com/jsref/dom_obj_password.asp 
2018-10-09 13:25:06.335 INFO  https://www.w3schools.com/jsref/dom_obj_radio.asp 
2018-10-09 13:25:06.335 INFO  https://www.w3schools.com/jsref/dom_obj_range.asp 
2018-10-09 13:25:06.335 INFO  https://www.w3schools.com/jsref/dom_obj_reset.asp 
2018-10-09 13:25:06.335 INFO  https://www.w3schools.com/jsref/dom_obj_search.asp 
2018-10-09 13:25:06.335 INFO  https://www.w3schools.com/jsref/dom_obj_submit.asp 
2018-10-09 13:25:06.335 INFO  https://www.w3schools.com/jsref/dom_obj_text.asp 
2018-10-09 13:25:06.335 INFO  https://www.w3schools.com/jsref/dom_obj_input_time.asp 
2018-10-09 13:25:06.335 INFO  https://www.w3schools.com/jsref/dom_obj_url.asp 
2018-10-09 13:25:06.335 INFO  https://www.w3schools.com/jsref/dom_obj_week.asp 
2018-10-09 13:25:06.335 INFO  https://www.w3schools.com/jsref/dom_obj_kbd.asp 
2018-10-09 13:25:06.335 INFO  https://www.w3schools.com/jsref/dom_obj_label.asp 
2018-10-09 13:25:06.335 INFO  https://www.w3schools.com/jsref/dom_obj_legend.asp 
2018-10-09 13:25:06.335 INFO  https://www.w3schools.com/jsref/dom_obj_li.asp 
2018-10-09 13:25:06.335 INFO  https://www.w3schools.com/jsref/dom_obj_link.asp 
2018-10-09 13:25:06.335 INFO  https://www.w3schools.com/jsref/dom_obj_map.asp 
2018-10-09 13:25:06.335 INFO  https://www.w3schools.com/jsref/dom_obj_mark.asp 
2018-10-09 13:25:06.335 INFO  https://www.w3schools.com/jsref/dom_obj_menu.asp 
2018-10-09 13:25:06.335 INFO  https://www.w3schools.com/jsref/dom_obj_menuitem.asp 
2018-10-09 13:25:06.335 INFO  https://www.w3schools.com/jsref/dom_obj_meta.asp 
2018-10-09 13:25:06.335 INFO  https://www.w3schools.com/jsref/dom_obj_meter.asp 
2018-10-09 13:25:06.335 INFO  https://www.w3schools.com/jsref/dom_obj_nav.asp 
2018-10-09 13:25:06.335 INFO  https://www.w3schools.com/jsref/dom_obj_object.asp 
2018-10-09 13:25:06.335 INFO  https://www.w3schools.com/jsref/dom_obj_ol.asp 
2018-10-09 13:25:06.335 INFO  https://www.w3schools.com/jsref/dom_obj_optgroup.asp 
2018-10-09 13:25:06.335 INFO  https://www.w3schools.com/jsref/dom_obj_option.asp 
2018-10-09 13:25:06.335 INFO  https://www.w3schools.com/jsref/dom_obj_output.asp 
2018-10-09 13:25:06.335 INFO  https://www.w3schools.com/jsref/dom_obj_paragraph.asp 
2018-10-09 13:25:06.335 INFO  https://www.w3schools.com/jsref/dom_obj_param.asp 
2018-10-09 13:25:06.335 INFO  https://www.w3schools.com/jsref/dom_obj_pre.asp 
2018-10-09 13:25:06.335 INFO  https://www.w3schools.com/jsref/dom_obj_progress.asp 
2018-10-09 13:25:06.335 INFO  https://www.w3schools.com/jsref/dom_obj_quote.asp 
2018-10-09 13:25:06.335 INFO  https://www.w3schools.com/jsref/dom_obj_s.asp 
2018-10-09 13:25:06.335 INFO  https://www.w3schools.com/jsref/dom_obj_samp.asp 
2018-10-09 13:25:06.335 INFO  https://www.w3schools.com/jsref/dom_obj_script.asp 
2018-10-09 13:25:06.335 INFO  https://www.w3schools.com/jsref/dom_obj_section.asp 
2018-10-09 13:25:06.335 INFO  https://www.w3schools.com/jsref/dom_obj_select.asp 
2018-10-09 13:25:06.335 INFO  https://www.w3schools.com/jsref/dom_obj_small.asp 
2018-10-09 13:25:06.335 INFO  https://www.w3schools.com/jsref/dom_obj_source.asp 
2018-10-09 13:25:06.335 INFO  https://www.w3schools.com/jsref/dom_obj_span.asp 
2018-10-09 13:25:06.335 INFO  https://www.w3schools.com/jsref/dom_obj_strong.asp 
2018-10-09 13:25:06.335 INFO  https://www.w3schools.com/jsref/dom_obj_style.asp 
2018-10-09 13:25:06.335 INFO  https://www.w3schools.com/jsref/dom_obj_sub.asp 
2018-10-09 13:25:06.335 INFO  https://www.w3schools.com/jsref/dom_obj_summary.asp 
2018-10-09 13:25:06.335 INFO  https://www.w3schools.com/jsref/dom_obj_sup.asp 
2018-10-09 13:25:06.335 INFO  https://www.w3schools.com/jsref/dom_obj_table.asp 
2018-10-09 13:25:06.335 INFO  https://www.w3schools.com/jsref/dom_obj_tabledata.asp 
2018-10-09 13:25:06.335 INFO  https://www.w3schools.com/jsref/dom_obj_tablehead.asp 
2018-10-09 13:25:06.335 INFO  https://www.w3schools.com/jsref/dom_obj_tablerow.asp 
2018-10-09 13:25:06.335 INFO  https://www.w3schools.com/jsref/dom_obj_textarea.asp 
2018-10-09 13:25:06.335 INFO  https://www.w3schools.com/jsref/dom_obj_time.asp 
2018-10-09 13:25:06.335 INFO  https://www.w3schools.com/jsref/dom_obj_title.asp 
2018-10-09 13:25:06.335 INFO  https://www.w3schools.com/jsref/dom_obj_track.asp 
2018-10-09 13:25:06.335 INFO  https://www.w3schools.com/jsref/dom_obj_u.asp 
2018-10-09 13:25:06.335 INFO  https://www.w3schools.com/jsref/dom_obj_ul.asp 
2018-10-09 13:25:06.335 INFO  https://www.w3schools.com/jsref/dom_obj_var.asp 
2018-10-09 13:25:06.335 INFO  https://www.w3schools.com/jsref/dom_obj_video.asp 
2018-10-09 13:25:06.335 INFO  https://www.w3schools.com/jsref/obj_cssstyledeclaration.asp 
2018-10-09 13:25:06.335 INFO  https://www.w3schools.com/jsref/jsref_type_conversion.asp 
2018-10-09 13:25:06.335 INFO  https://www.w3schools.com/jsref/jsref_obj_date.asp 
2018-10-09 13:25:06.335 INFO  https://www.w3schools.com/jsref/tryit.asp?filename=tryjsref_getdate 
2018-10-09 13:25:06.335 INFO  https://www.w3schools.com/jsref/tryit.asp?filename=tryjsref_getdate2 
2018-10-09 13:25:06.335 INFO  https://www.w3schools.com/jsref/jsref_obj_date.asp 
2018-10-09 13:25:06.335 INFO  https://www.w3schools.com/colors/colors_picker.asp 
2018-10-09 13:25:06.335 INFO  https://www.w3schools.com/colors/colors_picker.asp 
2018-10-09 13:25:06.335 INFO  https://www.w3schools.com/howto/default.asp 
2018-10-09 13:25:06.335 INFO  https://www.w3schools.com/howto/howto_js_tabs.asp 
2018-10-09 13:25:06.335 INFO  https://www.w3schools.com/howto/howto_css_dropdown.asp 
2018-10-09 13:25:06.335 INFO  https://www.w3schools.com/howto/howto_js_accordion.asp 
2018-10-09 13:25:06.335 INFO  https://www.w3schools.com/howto/howto_js_sidenav.asp 
2018-10-09 13:25:06.335 INFO  https://www.w3schools.com/howto/howto_js_topnav.asp 
2018-10-09 13:25:06.335 INFO  https://www.w3schools.com/howto/howto_css_modals.asp 
2018-10-09 13:25:06.335 INFO  https://www.w3schools.com/howto/howto_js_progressbar.asp 
2018-10-09 13:25:06.335 INFO  https://www.w3schools.com/howto/howto_css_parallax.asp 
2018-10-09 13:25:06.335 INFO  https://www.w3schools.com/howto/howto_css_login_form.asp 
2018-10-09 13:25:06.335 INFO  https://www.w3schools.com/howto/howto_html_include.asp 
2018-10-09 13:25:06.335 INFO  https://www.w3schools.com/howto/howto_google_maps.asp 
2018-10-09 13:25:06.335 INFO  https://www.w3schools.com/howto/howto_js_rangeslider.asp 
2018-10-09 13:25:06.335 INFO  https://www.w3schools.com/howto/howto_css_tooltip.asp 
2018-10-09 13:25:06.335 INFO  https://www.w3schools.com/howto/howto_js_slideshow.asp 
2018-10-09 13:25:06.335 INFO  https://www.w3schools.com/howto/howto_js_filter_lists.asp 
2018-10-09 13:25:06.335 INFO  https://www.w3schools.com/howto/howto_js_sort_list.asp 
2018-10-09 13:25:06.335 INFO  http://www.facebook.com/sharer.php?u=https://www.w3schools.com/jsref/jsref_getdate.asp 
2018-10-09 13:25:06.335 INFO  https://twitter.com/home?status=Currently%20reading%20https://www.w3schools.com/jsref/jsref_getdate.asp 
2018-10-09 13:25:06.335 INFO  https://plus.google.com/share?url=https://www.w3schools.com/jsref/jsref_getdate.asp 
2018-10-09 13:25:06.335 INFO  javascript:void(0); 
2018-10-09 13:25:06.335 INFO  https://www.w3schools.com/cert/default.asp 
2018-10-09 13:25:06.335 INFO  https://www.w3schools.com/cert/cert_html.asp 
2018-10-09 13:25:06.335 INFO  https://www.w3schools.com/cert/cert_css.asp 
2018-10-09 13:25:06.335 INFO  https://www.w3schools.com/cert/cert_javascript.asp 
2018-10-09 13:25:06.335 INFO  https://www.w3schools.com/cert/cert_php.asp 
2018-10-09 13:25:06.335 INFO  https://www.w3schools.com/cert/cert_jquery.asp 
2018-10-09 13:25:06.335 INFO  https://www.w3schools.com/cert/cert_bootstrap.asp 
2018-10-09 13:25:06.335 INFO  https://www.w3schools.com/cert/cert_xml.asp 
2018-10-09 13:25:06.335 INFO  https://www.w3schools.com/cert/default.asp 
2018-10-09 13:25:06.335 INFO  javascript:void(0); 
2018-10-09 13:25:06.335 INFO  javascript:void(0); 
2018-10-09 13:25:06.335 INFO  https://www.w3schools.com/forum/default.asp 
2018-10-09 13:25:06.335 INFO  https://www.w3schools.com/about/default.asp 
2018-10-09 13:25:06.335 INFO  https://www.w3schools.com/html/default.asp 
2018-10-09 13:25:06.335 INFO  https://www.w3schools.com/css/default.asp 
2018-10-09 13:25:06.335 INFO  https://www.w3schools.com/js/default.asp 
2018-10-09 13:25:06.335 INFO  https://www.w3schools.com/howto/default.asp 
2018-10-09 13:25:06.335 INFO  https://www.w3schools.com/w3css/default.asp 
2018-10-09 13:25:06.335 INFO  https://www.w3schools.com/bootstrap/default.asp 
2018-10-09 13:25:06.335 INFO  https://www.w3schools.com/sql/default.asp 
2018-10-09 13:25:06.335 INFO  https://www.w3schools.com/php/default.asp 
2018-10-09 13:25:06.335 INFO  https://www.w3schools.com/jquery/default.asp 
2018-10-09 13:25:06.335 INFO  https://www.w3schools.com/python/default.asp 
2018-10-09 13:25:06.335 INFO  https://www.w3schools.com/tags/default.asp 
2018-10-09 13:25:06.335 INFO  https://www.w3schools.com/cssref/default.asp 
2018-10-09 13:25:06.335 INFO  https://www.w3schools.com/jsref/default.asp 
2018-10-09 13:25:06.335 INFO  https://www.w3schools.com/w3css/w3css_references.asp 
2018-10-09 13:25:06.335 INFO  https://www.w3schools.com/bootstrap/bootstrap_ref_all_classes.asp 
2018-10-09 13:25:06.335 INFO  https://www.w3schools.com/sql/sql_ref_mysql.asp 
2018-10-09 13:25:06.335 INFO  https://www.w3schools.com/php/php_ref_overview.asp 
2018-10-09 13:25:06.335 INFO  https://www.w3schools.com/colors/colors_names.asp 
2018-10-09 13:25:06.335 INFO  https://www.w3schools.com/jquery/jquery_ref_overview.asp 
2018-10-09 13:25:06.335 INFO  https://www.w3schools.com/python/python_reference.asp 
2018-10-09 13:25:06.335 INFO  https://www.w3schools.com/html/html_examples.asp 
2018-10-09 13:25:06.335 INFO  https://www.w3schools.com/css/css_examples.asp 
2018-10-09 13:25:06.335 INFO  https://www.w3schools.com/js/js_examples.asp 
2018-10-09 13:25:06.335 INFO  https://www.w3schools.com/howto/default.asp 
2018-10-09 13:25:06.335 INFO  https://www.w3schools.com/w3css/w3css_examples.asp 
2018-10-09 13:25:06.335 INFO  https://www.w3schools.com/bootstrap/bootstrap_examples.asp 
2018-10-09 13:25:06.335 INFO  https://www.w3schools.com/php/php_examples.asp 
2018-10-09 13:25:06.335 INFO  https://www.w3schools.com/jquery/jquery_examples.asp 
2018-10-09 13:25:06.335 INFO  https://www.w3schools.com/angular/angular_examples.asp 
2018-10-09 13:25:06.335 INFO  https://www.w3schools.com/xml/xml_examples.asp 
2018-10-09 13:25:06.335 INFO  https://www.w3schools.com/cert/default.asp 
2018-10-09 13:25:06.335 INFO  https://www.w3schools.com/cert/default.asp 
2018-10-09 13:25:06.335 INFO  https://www.w3schools.com/cert/default.asp 
2018-10-09 13:25:06.335 INFO  https://www.w3schools.com/cert/default.asp 
2018-10-09 13:25:06.335 INFO  https://www.w3schools.com/cert/default.asp 
2018-10-09 13:25:06.335 INFO  https://www.w3schools.com/cert/default.asp 
2018-10-09 13:25:06.335 INFO  https://www.w3schools.com/cert/default.asp 
2018-10-09 13:25:06.335 INFO  https://www.w3schools.com/about/about_copyright.asp 
2018-10-09 13:25:06.335 INFO  https://www.w3schools.com/about/about_privacy.asp 
2018-10-09 13:25:06.335 INFO  https://www.w3schools.com/about/about_copyright.asp 
2018-10-09 13:25:06.335 INFO  https://www.w3schools.com/w3css/ 
2018-10-09 13:25:06.335 INFO  https://www.w3schools.com/ 
