2018-10-26 18:06:48.877 INFO  https://support.google.com 
2018-10-26 18:06:48.877 INFO  https://www.google.com.vn 
2018-10-26 18:06:48.877 INFO  https://accounts.google.com 
2018-10-26 18:06:48.877 INFO  https://www.google.com.vn 
2018-10-26 18:06:48.877 INFO  https://www.google.com.vn 
2018-10-26 18:06:48.877 INFO  https://www.google.com.vn 
2018-10-26 18:06:48.877 INFO  https://www.google.com.vn 
2018-10-26 18:06:48.877 INFO  https://www.google.com.vn 
2018-10-26 18:06:48.877 INFO  https://www.google.com.vn 
2018-10-26 18:06:48.877 INFO  https://www.google.com.vn 
2018-10-26 18:06:48.877 INFO  https://www.google.com.vn 
2018-10-26 18:06:48.877 INFO  https://www.google.com.vn 
2018-10-26 18:06:48.877 INFO  https://www.google.com.vn 
2018-10-26 18:06:48.877 INFO  https://www.google.com.vn 
2018-10-26 18:06:48.877 INFO  https://www.google.com.vn 
2018-10-26 18:06:48.877 INFO  https://www.google.com.vn 
2018-10-26 18:06:48.877 INFO  https://www.google.com.vn 
2018-10-26 18:06:48.877 INFO  https://support.google.com 
2018-10-26 18:06:48.877 INFO  https://www.google.com.vn 
2018-10-26 18:06:48.877 INFO  https://www.google.com.vn 
2018-10-26 18:06:48.877 INFO  https://www.google.com.vn 
2018-10-26 18:06:48.877 INFO  https://www.google.com.vn 
2018-10-26 18:06:48.877 INFO  https://www.instagram.com 
2018-10-26 18:06:48.877 INFO  https://www.google.com.vn 
2018-10-26 18:06:48.877 INFO  https://www.google.com.vn 
2018-10-26 18:06:48.877 INFO  https://translate.google.com.vn 
2018-10-26 18:06:48.877 INFO  https://www.instagram.com 
2018-10-26 18:06:48.877 INFO  https://help.instagram.com 
2018-10-26 18:06:48.877 INFO  https://www.instagram.com 
2018-10-26 18:06:48.877 INFO  https://www.instagram.com 
2018-10-26 18:06:48.877 INFO  https://www.instagram.com 
2018-10-26 18:06:48.877 INFO  https://www.google.com.vn 
2018-10-26 18:06:48.877 INFO  https://play.google.com 
2018-10-26 18:06:48.877 INFO  https://www.google.com.vn 
2018-10-26 18:06:48.877 INFO  https://webcache.googleusercontent.com 
2018-10-26 18:06:48.877 INFO  https://translate.google.com.vn 
2018-10-26 18:06:48.877 INFO  https://itunes.apple.com 
2018-10-26 18:06:48.877 INFO  https://www.google.com.vn 
2018-10-26 18:06:48.877 INFO  https://webcache.googleusercontent.com 
2018-10-26 18:06:48.877 INFO  https://www.google.com.vn 
2018-10-26 18:06:48.877 INFO  https://translate.google.com.vn 
2018-10-26 18:06:48.877 INFO  https://www.facebook.com 
2018-10-26 18:06:48.877 INFO  https://www.google.com.vn 
2018-10-26 18:06:48.877 INFO  https://www.google.com.vn 
2018-10-26 18:06:48.877 INFO  https://www.youtube.com 
2018-10-26 18:06:48.877 INFO  https://www.instagram.com 
2018-10-26 18:06:48.877 INFO  https://www.youtube.com 
2018-10-26 18:06:48.877 INFO  http://genk.vn 
2018-10-26 18:06:48.877 INFO  https://www.google.com.vn 
2018-10-26 18:06:48.877 INFO  http://webcache.googleusercontent.com 
2018-10-26 18:06:48.877 INFO  https://www.google.com.vn 
2018-10-26 18:06:48.877 INFO  https://instagram-press.com 
2018-10-26 18:06:48.877 INFO  https://www.google.com.vn 
2018-10-26 18:06:48.877 INFO  https://webcache.googleusercontent.com 
2018-10-26 18:06:48.877 INFO  https://www.google.com.vn 
2018-10-26 18:06:48.877 INFO  https://translate.google.com.vn 
2018-10-26 18:06:48.877 INFO  https://www.google.com.vn 
2018-10-26 18:06:48.877 INFO  https://www.google.com.vn 
2018-10-26 18:06:48.877 INFO  https://www.google.com.vn 
2018-10-26 18:06:48.877 INFO  https://www.google.com.vn 
2018-10-26 18:06:48.877 INFO  https://www.google.com.vn 
2018-10-26 18:06:48.877 INFO  https://www.google.com.vn 
2018-10-26 18:06:48.877 INFO  https://www.google.com.vn 
2018-10-26 18:06:48.877 INFO  https://www.google.com.vn 
2018-10-26 18:06:48.877 INFO  https://www.google.com.vn 
2018-10-26 18:06:48.877 INFO  https://www.google.com.vn 
2018-10-26 18:06:48.877 INFO  https://www.google.com.vn 
2018-10-26 18:06:48.877 INFO  https://www.google.com.vn 
2018-10-26 18:06:48.877 INFO  https://www.google.com.vn 
2018-10-26 18:06:48.877 INFO  https://www.google.com.vn 
2018-10-26 18:06:48.877 INFO  https://www.google.com.vn 
2018-10-26 18:06:48.877 INFO  https://www.google.com.vn 
2018-10-26 18:06:48.877 INFO  https://www.google.com.vn 
2018-10-26 18:06:48.877 INFO  https://www.google.com.vn 
2018-10-26 18:06:48.877 INFO  https://www.google.com.vn 
2018-10-26 18:06:48.877 INFO  https://www.google.com.vn 
2018-10-26 18:06:48.877 INFO  https://www.google.com.vn 
2018-10-26 18:06:48.877 INFO  https://www.google.com.vn 
2018-10-26 18:06:48.877 INFO  https://www.google.com.vn 
2018-10-26 18:06:48.877 INFO  https://www.google.com.vn 
2018-10-26 18:06:48.877 INFO  https://www.google.com.vn 
2018-10-26 18:06:48.877 INFO  https://www.google.com.vn 
2018-10-26 18:06:48.877 INFO  https://www.google.com.vn 
2018-10-26 18:06:48.877 INFO  https://www.google.com.vn 
2018-10-26 18:06:48.877 INFO  https://vi.wikipedia.org 
2018-10-26 18:06:48.877 INFO  https://www.google.com.vn 
2018-10-26 18:06:48.877 INFO  https://www.google.com.vn 
2018-10-26 18:06:48.877 INFO  https://www.google.com.vn 
2018-10-26 18:06:48.877 INFO  https://www.google.com.vn 
2018-10-26 18:06:48.877 INFO  https://www.google.com.vn 
2018-10-26 18:06:48.877 INFO  https://www.google.com.vn 
2018-10-26 18:06:48.877 INFO  https://www.google.com.vn 
2018-10-26 18:06:48.877 INFO  https://www.google.com.vn 
2018-10-26 18:06:48.877 INFO  https://www.google.com.vn 
2018-10-26 18:06:48.877 INFO  https://www.google.com.vn 
2018-10-26 18:06:48.877 INFO  https://www.google.com.vn 
2018-10-26 18:06:48.877 INFO  https://www.google.com.vn 
2018-10-26 18:06:48.877 INFO  https://www.google.com.vn 
2018-10-26 18:06:48.877 INFO  https://www.google.com.vn 
2018-10-26 18:06:48.877 INFO  https://www.google.com.vn 
2018-10-26 18:06:48.877 INFO  https://www.google.com.vn 
2018-10-26 18:06:48.877 INFO  https://www.google.com.vn 
2018-10-26 18:06:48.877 INFO  https://www.google.com.vn 
2018-10-26 18:06:48.877 INFO  https://support.google.com 
2018-10-26 18:06:48.877 INFO  https://support.google.com 
2018-10-26 18:06:48.877 INFO  https://www.google.com.vn 
2018-10-26 18:06:48.877 INFO  https://www.google.com.vn 
2018-10-26 18:06:48.877 INFO  https://www.google.com.vn 
2018-10-26 18:06:48.877 INFO  https://myaccount.google.com 
2018-10-26 18:06:48.877 INFO  https://www.google.com.vn 
2018-10-26 18:06:48.877 INFO  https://www.youtube.com 
2018-10-26 18:06:48.877 INFO  https://news.google.com.vn 
2018-10-26 18:06:48.877 INFO  https://mail.google.com 
2018-10-26 18:06:48.877 INFO  https://contacts.google.com 
2018-10-26 18:06:48.877 INFO  https://drive.google.com 
2018-10-26 18:06:48.877 INFO  https://www.google.com 
2018-10-26 18:06:48.877 INFO  https://plus.google.com 
2018-10-26 18:06:48.877 INFO  https://translate.google.com.vn 
2018-10-26 18:06:48.877 INFO  https://photos.google.com 
2018-10-26 18:06:48.877 INFO  https://www.google.com.vn 
2018-10-26 18:06:48.877 INFO  https://docs.google.com 
2018-10-26 18:06:48.877 INFO  https://hangouts.google.com 
2018-10-26 18:06:48.877 INFO  https://keep.google.com 
2018-10-26 18:06:48.877 INFO  https://earth.google.com 
2018-10-26 18:06:48.877 INFO  https://www.google.com.vn 
2018-10-26 18:06:48.877 INFO  https://www.google.com.vn 
2018-10-26 18:06:59.364 INFO  https://support.google.com 
2018-10-26 18:06:59.364 INFO  https://www.google.com.vn 
2018-10-26 18:06:59.364 INFO  https://accounts.google.com 
2018-10-26 18:06:59.364 INFO  https://www.google.com.vn 
2018-10-26 18:06:59.364 INFO  https://www.google.com.vn 
2018-10-26 18:06:59.364 INFO  https://www.google.com.vn 
2018-10-26 18:06:59.364 INFO  https://www.google.com.vn 
2018-10-26 18:06:59.364 INFO  https://www.google.com.vn 
2018-10-26 18:06:59.364 INFO  https://www.google.com.vn 
2018-10-26 18:06:59.364 INFO  https://www.google.com.vn 
2018-10-26 18:06:59.364 INFO  https://www.google.com.vn 
2018-10-26 18:06:59.364 INFO  https://www.google.com.vn 
2018-10-26 18:06:59.364 INFO  https://www.google.com.vn 
2018-10-26 18:06:59.364 INFO  https://www.google.com.vn 
2018-10-26 18:06:59.364 INFO  https://www.google.com.vn 
2018-10-26 18:06:59.364 INFO  https://www.google.com.vn 
2018-10-26 18:06:59.364 INFO  https://www.google.com.vn 
2018-10-26 18:06:59.364 INFO  https://support.google.com 
2018-10-26 18:06:59.364 INFO  https://www.google.com.vn 
2018-10-26 18:06:59.364 INFO  https://www.google.com.vn 
2018-10-26 18:06:59.364 INFO  https://www.google.com.vn 
2018-10-26 18:06:59.364 INFO  https://www.google.com.vn 
2018-10-26 18:06:59.364 INFO  https://www.google.com.vn 
2018-10-26 18:06:59.364 INFO  https://www.google.com.vn 
2018-10-26 18:06:59.364 INFO  https://www.tumblr.com 
2018-10-26 18:06:59.364 INFO  https://www.google.com.vn 
2018-10-26 18:06:59.364 INFO  https://webcache.googleusercontent.com 
2018-10-26 18:06:59.364 INFO  https://www.google.com.vn 
2018-10-26 18:06:59.364 INFO  https://translate.google.com.vn 
2018-10-26 18:06:59.364 INFO  https://www.tumblr.com 
2018-10-26 18:06:59.364 INFO  https://www.tumblr.com 
2018-10-26 18:06:59.364 INFO  https://www.tumblr.com 
2018-10-26 18:06:59.364 INFO  https://www.tumblr.com 
2018-10-26 18:06:59.364 INFO  https://vi.wikipedia.org 
2018-10-26 18:06:59.364 INFO  https://www.google.com.vn 
2018-10-26 18:06:59.364 INFO  https://webcache.googleusercontent.com 
2018-10-26 18:06:59.364 INFO  https://www.google.com.vn 
2018-10-26 18:06:59.364 INFO  https://play.google.com 
2018-10-26 18:06:59.364 INFO  https://www.google.com.vn 
2018-10-26 18:06:59.364 INFO  https://webcache.googleusercontent.com 
2018-10-26 18:06:59.364 INFO  https://translate.google.com.vn 
2018-10-26 18:06:59.364 INFO  https://www.facebook.com 
2018-10-26 18:06:59.364 INFO  https://www.google.com.vn 
2018-10-26 18:06:59.364 INFO  https://www.google.com.vn 
2018-10-26 18:06:59.364 INFO  https://itunes.apple.com 
2018-10-26 18:06:59.364 INFO  https://www.google.com.vn 
2018-10-26 18:06:59.364 INFO  https://webcache.googleusercontent.com 
2018-10-26 18:06:59.364 INFO  https://www.google.com.vn 
2018-10-26 18:06:59.364 INFO  https://translate.google.com.vn 
2018-10-26 18:06:59.364 INFO  https://tumblr.zendesk.com 
2018-10-26 18:06:59.364 INFO  https://www.google.com.vn 
2018-10-26 18:06:59.364 INFO  https://webcache.googleusercontent.com 
2018-10-26 18:06:59.364 INFO  https://www.google.com.vn 
2018-10-26 18:06:59.364 INFO  https://translate.google.com.vn 
2018-10-26 18:06:59.364 INFO  https://tumblr.zendesk.com 
2018-10-26 18:06:59.364 INFO  https://www.google.com.vn 
2018-10-26 18:06:59.364 INFO  https://webcache.googleusercontent.com 
2018-10-26 18:06:59.364 INFO  https://www.google.com.vn 
2018-10-26 18:06:59.364 INFO  https://translate.google.com.vn 
2018-10-26 18:06:59.364 INFO  https://twitter.com 
2018-10-26 18:06:59.364 INFO  https://www.google.com.vn 
2018-10-26 18:06:59.364 INFO  https://webcache.googleusercontent.com 
2018-10-26 18:06:59.364 INFO  https://www.google.com.vn 
2018-10-26 18:06:59.364 INFO  https://translate.google.com.vn 
2018-10-26 18:06:59.364 INFO  https://www.google.com.vn 
2018-10-26 18:06:59.364 INFO  https://www.google.com.vn 
2018-10-26 18:06:59.364 INFO  https://www.google.com.vn 
2018-10-26 18:06:59.364 INFO  https://www.google.com.vn 
2018-10-26 18:06:59.364 INFO  https://www.google.com.vn 
2018-10-26 18:06:59.364 INFO  https://www.google.com.vn 
2018-10-26 18:06:59.364 INFO  https://www.google.com.vn 
2018-10-26 18:06:59.364 INFO  https://www.google.com.vn 
2018-10-26 18:06:59.364 INFO  https://www.google.com.vn 
2018-10-26 18:06:59.364 INFO  https://www.google.com.vn 
2018-10-26 18:06:59.364 INFO  https://www.google.com.vn 
2018-10-26 18:06:59.364 INFO  https://www.google.com.vn 
2018-10-26 18:06:59.364 INFO  https://www.google.com.vn 
2018-10-26 18:06:59.364 INFO  https://www.google.com.vn 
2018-10-26 18:06:59.364 INFO  https://www.google.com.vn 
2018-10-26 18:06:59.364 INFO  https://www.google.com.vn 
2018-10-26 18:06:59.364 INFO  https://vi.wikipedia.org 
2018-10-26 18:06:59.364 INFO  https://www.google.com.vn 
2018-10-26 18:06:59.364 INFO  https://www.google.com.vn 
2018-10-26 18:06:59.364 INFO  https://www.google.com.vn 
2018-10-26 18:06:59.364 INFO  https://www.google.com.vn 
2018-10-26 18:06:59.364 INFO  https://www.google.com.vn 
2018-10-26 18:06:59.364 INFO  https://www.google.com.vn 
2018-10-26 18:06:59.364 INFO  https://www.google.com.vn 
2018-10-26 18:06:59.364 INFO  https://www.google.com.vn 
2018-10-26 18:06:59.364 INFO  https://www.google.com.vn 
2018-10-26 18:06:59.364 INFO  https://www.google.com.vn 
2018-10-26 18:06:59.364 INFO  https://www.google.com.vn 
2018-10-26 18:06:59.364 INFO  https://www.google.com.vn 
2018-10-26 18:06:59.364 INFO  https://www.google.com.vn 
2018-10-26 18:06:59.364 INFO  https://www.google.com.vn 
2018-10-26 18:06:59.364 INFO  https://www.google.com.vn 
2018-10-26 18:06:59.364 INFO  https://support.google.com 
2018-10-26 18:06:59.364 INFO  https://support.google.com 
2018-10-26 18:06:59.364 INFO  https://www.google.com.vn 
2018-10-26 18:06:59.364 INFO  https://www.google.com.vn 
2018-10-26 18:06:59.364 INFO  https://www.google.com.vn 
2018-10-26 18:06:59.364 INFO  https://myaccount.google.com 
2018-10-26 18:06:59.364 INFO  https://www.google.com.vn 
2018-10-26 18:06:59.364 INFO  https://www.youtube.com 
2018-10-26 18:06:59.364 INFO  https://news.google.com.vn 
2018-10-26 18:06:59.364 INFO  https://mail.google.com 
2018-10-26 18:06:59.364 INFO  https://contacts.google.com 
2018-10-26 18:06:59.364 INFO  https://drive.google.com 
2018-10-26 18:06:59.364 INFO  https://www.google.com 
2018-10-26 18:06:59.364 INFO  https://plus.google.com 
2018-10-26 18:06:59.364 INFO  https://translate.google.com.vn 
2018-10-26 18:06:59.364 INFO  https://photos.google.com 
2018-10-26 18:06:59.364 INFO  https://www.google.com.vn 
2018-10-26 18:06:59.364 INFO  https://docs.google.com 
2018-10-26 18:06:59.364 INFO  https://hangouts.google.com 
2018-10-26 18:06:59.364 INFO  https://keep.google.com 
2018-10-26 18:06:59.364 INFO  https://earth.google.com 
2018-10-26 18:06:59.364 INFO  https://www.google.com.vn 
2018-10-26 18:06:59.364 INFO  https://www.google.com.vn 
2018-10-26 18:07:06.350 INFO  https://itunes.apple.com 
2018-10-26 18:07:06.351 INFO  https://play.google.com 
2018-10-26 18:07:06.351 INFO  https://www.microsoft.com 
2018-10-26 18:07:06.351 INFO  https://www.instagram.com 
2018-10-26 18:07:06.351 INFO  https://help.instagram.com 
2018-10-26 18:07:06.351 INFO  https://instagram-press.com 
2018-10-26 18:07:06.351 INFO  https://www.instagram.com 
2018-10-26 18:07:06.351 INFO  https://www.instagram.com 
2018-10-26 18:07:06.351 INFO  https://www.instagram.com 
2018-10-26 18:07:06.351 INFO  https://www.instagram.com 
2018-10-26 18:07:06.351 INFO  https://www.instagram.com 
2018-10-26 18:07:06.351 INFO  https://www.instagram.com 
2018-10-26 18:07:06.351 INFO  https://www.instagram.com 
2018-10-26 18:07:14.894 INFO  https://www.tumblr.com 
2018-10-26 18:07:14.894 INFO  https://www.tumblr.com 
2018-10-26 18:07:14.894 INFO  https://www.tumblr.com 
2018-10-26 18:07:14.894 INFO  https://www.tumblr.com 
2018-10-26 18:07:14.894 INFO  https://www.tumblr.com 
2018-10-26 18:07:14.894 INFO  https://www.tumblr.com 
2018-10-26 18:07:14.894 INFO  https://www.tumblr.com 
2018-10-26 18:07:14.894 INFO  https://www.tumblr.com 
2018-10-26 18:07:14.894 INFO  https://www.tumblr.com 
2018-10-26 18:07:14.894 INFO  https://app.appsflyer.com 
2018-10-26 18:07:14.894 INFO  https://app.appsflyer.com 
2018-10-26 18:07:14.894 INFO  https://www.tumblr.com 
2018-10-26 18:07:14.894 INFO  https://www.tumblr.com 
2018-10-26 18:07:14.894 INFO  https://www.tumblr.com 
2018-10-26 18:07:14.894 INFO  http://sylphex.tumblr.com 
2018-10-26 18:07:14.894 INFO  http://sylphex.tumblr.com 
2018-10-26 18:07:14.894 INFO  http://artsycrapfromsai.tumblr.com 
2018-10-26 18:07:14.894 INFO  http://uxia15draws.tumblr.com 
2018-10-26 18:07:14.894 INFO  https://rissich.tumblr.com 
2018-10-26 18:07:14.894 INFO  http://music.tumblr.com 
2018-10-26 18:07:14.894 INFO  http://snatti.tumblr.com 
2018-10-26 18:07:14.894 INFO  http://radsity.tumblr.com 
2018-10-26 18:07:14.894 INFO  http://calypsolemon.tumblr.com 
2018-10-26 18:07:14.894 INFO  http://sylphex.tumblr.com 
2018-10-26 18:07:14.894 INFO  http://anxioussailorsoldier.tumblr.com 
2018-10-26 18:07:14.894 INFO  https://build.tumblr.com 
2018-10-26 18:07:14.894 INFO  http://fluffysheeps.tumblr.com 
2018-10-26 18:07:14.894 INFO  http://tetraorb.tumblr.com 
2018-10-26 18:07:14.894 INFO  http://twilight.tumblr.com 
2018-10-26 18:07:14.894 INFO  https://www.tumblr.com 
2018-10-26 18:07:14.894 INFO  https://www.tumblr.com 
2018-10-26 18:07:14.894 INFO  https://www.tumblr.com 
2018-10-26 18:07:14.894 INFO  https://www.tumblr.com 
2018-10-26 18:07:14.894 INFO  https://www.tumblr.com 
2018-10-26 18:07:14.894 INFO  https://www.tumblr.com 
2018-10-26 18:07:14.894 INFO  https://www.tumblr.com 
2018-10-26 18:07:14.894 INFO  http://sukerufun.tumblr.com 
2018-10-26 18:07:14.894 INFO  http://sukerufun.tumblr.com 
2018-10-26 18:07:14.894 INFO  https://www.tumblr.com 
2018-10-26 18:07:14.894 INFO  https://www.tumblr.com 
2018-10-26 18:07:14.894 INFO  https://www.tumblr.com 
2018-10-26 18:07:19.158 INFO  https://www.tumblr.com 
2018-10-26 18:07:19.158 INFO  https://www.tumblr.com 
2018-10-26 18:07:19.158 INFO  https://www.tumblr.com 
2018-10-26 18:07:19.158 INFO  https://www.tumblr.com 
2018-10-26 18:07:19.158 INFO  https://www.tumblr.com 
2018-10-26 18:07:19.158 INFO  https://www.tumblr.com 
2018-10-26 18:07:19.158 INFO  https://www.tumblr.com 
2018-10-26 18:07:19.158 INFO  https://www.tumblr.com 
2018-10-26 18:07:19.158 INFO  https://app.appsflyer.com 
2018-10-26 18:07:19.158 INFO  https://app.appsflyer.com 
2018-10-26 18:07:19.158 INFO  https://www.tumblr.com 
2018-10-26 18:07:19.158 INFO  https://www.tumblr.com 
2018-10-26 18:07:19.158 INFO  https://www.tumblr.com 
2018-10-26 18:07:19.158 INFO  http://stephaniepriscillart.tumblr.com 
2018-10-26 18:07:19.158 INFO  http://stephaniepriscillart.tumblr.com 
2018-10-26 18:07:19.158 INFO  https://www.tumblr.com 
2018-10-26 18:07:19.158 INFO  https://www.tumblr.com 
2018-10-26 18:07:19.158 INFO  https://www.tumblr.com 
2018-10-26 18:07:19.158 INFO  https://www.tumblr.com 
2018-10-26 18:07:19.158 INFO  https://www.tumblr.com 
2018-10-26 18:07:19.158 INFO  https://www.tumblr.com 
2018-10-26 18:07:19.158 INFO  https://www.tumblr.com 
2018-10-26 18:07:19.158 INFO  http://snatti.tumblr.com 
2018-10-26 18:07:19.158 INFO  http://snatti.tumblr.com 
2018-10-26 18:07:19.158 INFO  https://www.tumblr.com 
2018-10-26 18:07:19.158 INFO  https://www.tumblr.com 
2018-10-26 18:07:19.158 INFO  https://www.tumblr.com 
2018-10-26 18:07:22.804 INFO  https://www.facebook.com 
2018-10-26 18:07:22.804 INFO  https://www.facebook.com 
2018-10-26 18:07:22.804 INFO  https://www.facebook.com 
2018-10-26 18:07:22.804 INFO  https://www.facebook.com 
2018-10-26 18:07:22.804 INFO  https://www.facebook.com 
2018-10-26 18:07:22.804 INFO  https://www.facebook.com 
2018-10-26 18:07:22.804 INFO  https://l.facebook.com 
2018-10-26 18:07:22.804 INFO  https://en-gb.facebook.com 
2018-10-26 18:07:22.804 INFO  https://zh-tw.facebook.com 
2018-10-26 18:07:22.804 INFO  https://ko-kr.facebook.com 
2018-10-26 18:07:22.804 INFO  https://ja-jp.facebook.com 
2018-10-26 18:07:22.804 INFO  https://fr-fr.facebook.com 
2018-10-26 18:07:22.804 INFO  https://th-th.facebook.com 
2018-10-26 18:07:22.804 INFO  https://es-la.facebook.com 
2018-10-26 18:07:22.804 INFO  https://pt-br.facebook.com 
2018-10-26 18:07:22.804 INFO  https://de-de.facebook.com 
2018-10-26 18:07:22.804 INFO  https://it-it.facebook.com 
2018-10-26 18:07:22.804 INFO  https://www.facebook.com 
2018-10-26 18:07:22.804 INFO  https://www.facebook.com 
2018-10-26 18:07:22.804 INFO  https://www.facebook.com 
2018-10-26 18:07:22.804 INFO  https://messenger.com 
2018-10-26 18:07:22.805 INFO  https://www.facebook.com 
2018-10-26 18:07:22.805 INFO  https://www.facebook.com 
2018-10-26 18:07:22.805 INFO  https://www.facebook.com 
2018-10-26 18:07:22.805 INFO  https://www.facebook.com 
2018-10-26 18:07:22.805 INFO  https://www.facebook.com 
2018-10-26 18:07:22.805 INFO  https://www.facebook.com 
2018-10-26 18:07:22.805 INFO  https://www.facebook.com 
2018-10-26 18:07:22.805 INFO  https://www.facebook.com 
2018-10-26 18:07:22.805 INFO  https://www.facebook.com 
2018-10-26 18:07:22.805 INFO  https://www.facebook.com 
2018-10-26 18:07:22.805 INFO  https://www.facebook.com 
2018-10-26 18:07:22.805 INFO  https://l.facebook.com 
2018-10-26 18:07:22.805 INFO  https://www.facebook.com 
2018-10-26 18:07:22.805 INFO  https://www.facebook.com 
2018-10-26 18:07:22.805 INFO  https://www.facebook.com 
2018-10-26 18:07:22.805 INFO  https://www.facebook.com 
2018-10-26 18:07:22.805 INFO  https://developers.facebook.com 
2018-10-26 18:07:22.805 INFO  https://www.facebook.com 
2018-10-26 18:07:22.805 INFO  https://www.facebook.com 
2018-10-26 18:07:22.805 INFO  https://www.facebook.com 
2018-10-26 18:07:22.805 INFO  https://www.facebook.com 
2018-10-26 18:07:22.805 INFO  https://www.facebook.com 
2018-10-26 18:07:22.805 INFO  https://www.facebook.com 
2018-10-26 18:07:22.805 INFO  https://www.facebook.com 
2018-10-26 18:07:22.805 INFO  https://www.facebook.com 
2018-10-26 18:07:22.805 INFO  https://www.facebook.com 
2018-10-26 18:07:22.805 INFO  https://www.facebook.com 
2018-10-26 18:07:35.499 INFO  https://www.tumblr.com 
2018-10-26 18:07:35.499 INFO  https://www.tumblr.com 
2018-10-26 18:07:35.499 INFO  https://www.tumblr.com 
2018-10-26 18:07:35.499 INFO  https://www.tumblr.com 
2018-10-26 18:07:35.499 INFO  https://www.tumblr.com 
2018-10-26 18:07:35.499 INFO  https://www.tumblr.com 
2018-10-26 18:07:35.499 INFO  https://www.tumblr.com 
2018-10-26 18:07:35.499 INFO  https://www.tumblr.com 
2018-10-26 18:07:35.499 INFO  https://app.appsflyer.com 
2018-10-26 18:07:35.499 INFO  https://app.appsflyer.com 
2018-10-26 18:07:35.499 INFO  https://www.tumblr.com 
2018-10-26 18:07:35.499 INFO  https://www.tumblr.com 
2018-10-26 18:07:35.499 INFO  https://www.tumblr.com 
2018-10-26 18:07:35.499 INFO  http://cc--sketches.tumblr.com 
2018-10-26 18:07:35.499 INFO  http://cc--sketches.tumblr.com 
2018-10-26 18:07:35.499 INFO  http://artsycrapfromsai.tumblr.com 
2018-10-26 18:07:35.499 INFO  http://uxia15draws.tumblr.com 
2018-10-26 18:07:35.499 INFO  https://rissich.tumblr.com 
2018-10-26 18:07:35.499 INFO  http://music.tumblr.com 
2018-10-26 18:07:35.499 INFO  http://snatti.tumblr.com 
2018-10-26 18:07:35.499 INFO  http://radsity.tumblr.com 
2018-10-26 18:07:35.499 INFO  http://calypsolemon.tumblr.com 
2018-10-26 18:07:35.499 INFO  http://sylphex.tumblr.com 
2018-10-26 18:07:35.499 INFO  http://anxioussailorsoldier.tumblr.com 
2018-10-26 18:07:35.499 INFO  https://build.tumblr.com 
2018-10-26 18:07:35.499 INFO  http://fluffysheeps.tumblr.com 
2018-10-26 18:07:35.499 INFO  http://tetraorb.tumblr.com 
2018-10-26 18:07:35.499 INFO  http://twilight.tumblr.com 
2018-10-26 18:07:35.499 INFO  https://www.tumblr.com 
2018-10-26 18:07:35.499 INFO  https://www.tumblr.com 
2018-10-26 18:07:35.499 INFO  https://www.tumblr.com 
2018-10-26 18:07:35.499 INFO  https://www.tumblr.com 
2018-10-26 18:07:35.499 INFO  https://www.tumblr.com 
2018-10-26 18:07:35.499 INFO  https://www.tumblr.com 
2018-10-26 18:07:35.499 INFO  https://www.tumblr.com 
2018-10-26 18:07:35.499 INFO  http://snatti.tumblr.com 
2018-10-26 18:07:35.499 INFO  http://snatti.tumblr.com 
2018-10-26 18:07:35.499 INFO  https://www.tumblr.com 
2018-10-26 18:07:35.499 INFO  https://www.tumblr.com 
2018-10-26 18:07:35.499 INFO  https://www.tumblr.com 
2018-10-26 18:07:43.422 INFO  https://www.tumblr.com 
2018-10-26 18:07:43.422 INFO  https://www.tumblr.com 
2018-10-26 18:07:43.422 INFO  https://www.tumblr.com 
2018-10-26 18:07:43.422 INFO  https://www.tumblr.com 
2018-10-26 18:07:43.422 INFO  https://www.tumblr.com 
2018-10-26 18:07:43.422 INFO  https://www.tumblr.com 
2018-10-26 18:07:43.422 INFO  https://www.tumblr.com 
2018-10-26 18:07:43.422 INFO  https://www.tumblr.com 
2018-10-26 18:07:43.422 INFO  https://app.appsflyer.com 
2018-10-26 18:07:43.422 INFO  https://app.appsflyer.com 
2018-10-26 18:07:43.422 INFO  https://www.tumblr.com 
2018-10-26 18:07:43.422 INFO  https://www.tumblr.com 
2018-10-26 18:07:43.422 INFO  https://www.tumblr.com 
2018-10-26 18:07:43.422 INFO  http://wiltkingart.tumblr.com 
2018-10-26 18:07:43.422 INFO  http://wiltkingart.tumblr.com 
2018-10-26 18:07:43.422 INFO  http://artsycrapfromsai.tumblr.com 
2018-10-26 18:07:43.422 INFO  http://uxia15draws.tumblr.com 
2018-10-26 18:07:43.422 INFO  https://rissich.tumblr.com 
2018-10-26 18:07:43.422 INFO  http://music.tumblr.com 
2018-10-26 18:07:43.422 INFO  http://snatti.tumblr.com 
2018-10-26 18:07:43.422 INFO  http://radsity.tumblr.com 
2018-10-26 18:07:43.422 INFO  http://calypsolemon.tumblr.com 
2018-10-26 18:07:43.422 INFO  http://sylphex.tumblr.com 
2018-10-26 18:07:43.422 INFO  http://anxioussailorsoldier.tumblr.com 
2018-10-26 18:07:43.422 INFO  https://build.tumblr.com 
2018-10-26 18:07:43.422 INFO  http://fluffysheeps.tumblr.com 
2018-10-26 18:07:43.422 INFO  http://tetraorb.tumblr.com 
2018-10-26 18:07:43.422 INFO  http://twilight.tumblr.com 
2018-10-26 18:07:43.422 INFO  https://www.tumblr.com 
2018-10-26 18:07:43.422 INFO  https://www.tumblr.com 
2018-10-26 18:07:43.422 INFO  https://www.tumblr.com 
2018-10-26 18:07:43.422 INFO  https://www.tumblr.com 
2018-10-26 18:07:43.422 INFO  https://www.tumblr.com 
2018-10-26 18:07:43.422 INFO  https://www.tumblr.com 
2018-10-26 18:07:43.422 INFO  https://www.tumblr.com 
2018-10-26 18:07:43.422 INFO  http://tetraorb.tumblr.com 
2018-10-26 18:07:43.422 INFO  http://tetraorb.tumblr.com 
2018-10-26 18:07:43.422 INFO  https://www.tumblr.com 
2018-10-26 18:07:43.422 INFO  https://www.tumblr.com 
2018-10-26 18:07:43.422 INFO  https://www.tumblr.com 
2018-10-26 18:08:05.211 INFO  https://www.tumblr.com 
2018-10-26 18:08:05.211 INFO  https://www.tumblr.com 
2018-10-26 18:08:05.211 INFO  https://www.tumblr.com 
2018-10-26 18:08:05.211 INFO  https://www.tumblr.com 
2018-10-26 18:08:05.211 INFO  https://www.tumblr.com 
2018-10-26 18:08:05.211 INFO  https://www.tumblr.com 
2018-10-26 18:08:05.211 INFO  https://www.tumblr.com 
2018-10-26 18:08:05.211 INFO  https://www.tumblr.com 
2018-10-26 18:08:05.211 INFO  https://www.tumblr.com 
2018-10-26 18:08:05.211 INFO  https://www.tumblr.com 
2018-10-26 18:08:05.211 INFO  https://www.tumblr.com 
2018-10-26 18:08:05.211 INFO  https://www.tumblr.com 
2018-10-26 18:08:05.211 INFO  https://everythingfox.tumblr.com 
2018-10-26 18:08:05.211 INFO  https://www.tumblr.com 
2018-10-26 18:08:05.211 INFO  http://iglovequotes.tumblr.com 
2018-10-26 18:08:05.211 INFO  https://www.tumblr.com 
2018-10-26 18:08:05.211 INFO  http://vie-vie-vian.tumblr.com 
2018-10-26 18:08:05.211 INFO  https://www.tumblr.com 
2018-10-26 18:08:05.211 INFO  http://thatsthat24.tumblr.com 
2018-10-26 18:08:05.211 INFO  https://www.tumblr.com 
2018-10-26 18:08:05.211 INFO  https://cuangangbuong.tumblr.com 
2018-10-26 18:08:05.211 INFO  https://www.tumblr.com 
2018-10-26 18:08:05.211 INFO  http://guy.tumblr.com 
2018-10-26 18:08:05.211 INFO  https://www.tumblr.com 
2018-10-26 18:08:05.211 INFO  https://www.tumblr.com 
2018-10-26 18:08:05.211 INFO  http://uxia15draws.tumblr.com 
2018-10-26 18:08:05.211 INFO  https://www.tumblr.com 
2018-10-26 18:08:05.211 INFO  http://uxia15draws.tumblr.com 
2018-10-26 18:08:05.211 INFO  https://www.tumblr.com 
2018-10-26 18:08:05.211 INFO  https://www.tumblr.com 
2018-10-26 18:08:05.211 INFO  https://www.tumblr.com 
2018-10-26 18:08:05.211 INFO  https://www.tumblr.com 
2018-10-26 18:08:05.211 INFO  https://www.tumblr.com 
2018-10-26 18:08:05.211 INFO  https://www.tumblr.com 
2018-10-26 18:08:05.211 INFO  https://www.tumblr.com 
2018-10-26 18:08:05.211 INFO  https://www.tumblr.com 
2018-10-26 18:08:05.211 INFO  https://www.tumblr.com 
2018-10-26 18:08:05.211 INFO  https://www.tumblr.com 
2018-10-26 18:08:05.211 INFO  https://hoabanglang01.tumblr.com 
2018-10-26 18:08:05.211 INFO  https://1m55er.tumblr.com 
2018-10-26 18:08:05.211 INFO  https://1m55er.tumblr.com 
2018-10-26 18:08:05.211 INFO  https://www.tumblr.com 
2018-10-26 18:08:05.211 INFO  https://www.tumblr.com 
2018-10-26 18:08:05.211 INFO  https://1m55er.tumblr.com 
2018-10-26 18:08:05.211 INFO  https://fineve.tumblr.com 
2018-10-26 18:08:05.211 INFO  https://fineve.tumblr.com 
2018-10-26 18:08:05.211 INFO  https://tmblr.co 
2018-10-26 18:08:05.211 INFO  https://www.tumblr.com 
2018-10-26 18:08:05.211 INFO  https://www.tumblr.com 
2018-10-26 18:08:05.211 INFO  https://fineve.tumblr.com 
2018-10-26 18:08:05.211 INFO  http://mocdieptu.tumblr.com 
2018-10-26 18:08:05.211 INFO  http://mocdieptu.tumblr.com 
2018-10-26 18:08:05.211 INFO  https://www.tumblr.com 
2018-10-26 18:08:05.211 INFO  https://www.tumblr.com 
2018-10-26 18:08:05.211 INFO  http://mocdieptu.tumblr.com 
2018-10-26 18:08:05.211 INFO  https://gac-nho-cua-mach.tumblr.com 
2018-10-26 18:08:05.211 INFO  https://gac-nho-cua-mach.tumblr.com 
2018-10-26 18:08:05.211 INFO  https://gac-nho-cua-mach.tumblr.com 
2018-10-26 18:08:05.211 INFO  https://www.tumblr.com 
2018-10-26 18:08:05.211 INFO  https://www.tumblr.com 
2018-10-26 18:08:05.211 INFO  https://www.tumblr.com 
2018-10-26 18:08:05.211 INFO  https://www.tumblr.com 
2018-10-26 18:08:05.211 INFO  https://www.tumblr.com 
2018-10-26 18:08:05.211 INFO  https://www.tumblr.com 
2018-10-26 18:08:05.211 INFO  https://www.tumblr.com 
2018-10-26 18:08:05.211 INFO  https://www.tumblr.com 
2018-10-26 18:08:05.211 INFO  https://www.tumblr.com 
2018-10-26 18:08:05.211 INFO  https://gac-nho-cua-mach.tumblr.com 
2018-10-26 18:08:05.211 INFO  https://blog-himekawa-ayumi-1512.tumblr.com 
2018-10-26 18:08:05.211 INFO  https://blog-himekawa-ayumi-1512.tumblr.com 
2018-10-26 18:08:05.211 INFO  https://www.tumblr.com 
2018-10-26 18:08:05.211 INFO  https://www.tumblr.com 
2018-10-26 18:08:05.211 INFO  https://www.tumblr.com 
2018-10-26 18:08:05.211 INFO  https://www.tumblr.com 
2018-10-26 18:08:05.211 INFO  https://www.tumblr.com 
2018-10-26 18:08:05.211 INFO  https://www.tumblr.com 
2018-10-26 18:08:05.211 INFO  https://www.tumblr.com 
2018-10-26 18:08:05.211 INFO  https://www.tumblr.com 
2018-10-26 18:08:05.211 INFO  https://www.tumblr.com 
2018-10-26 18:08:05.211 INFO  https://blog-himekawa-ayumi-1512.tumblr.com 
2018-10-26 18:08:05.211 INFO  https://gac-nho-cua-mach.tumblr.com 
2018-10-26 18:08:05.211 INFO  https://gac-nho-cua-mach.tumblr.com 
2018-10-26 18:08:05.211 INFO  https://gac-nho-cua-mach.tumblr.com 
2018-10-26 18:08:05.211 INFO  https://www.tumblr.com 
2018-10-26 18:08:05.211 INFO  https://www.tumblr.com 
2018-10-26 18:08:05.211 INFO  https://gac-nho-cua-mach.tumblr.com 
2018-10-26 18:08:05.211 INFO  https://gac-nho-cua-mach.tumblr.com 
2018-10-26 18:08:05.211 INFO  https://gac-nho-cua-mach.tumblr.com 
2018-10-26 18:08:05.211 INFO  https://gac-nho-cua-mach.tumblr.com 
2018-10-26 18:08:05.211 INFO  https://www.tumblr.com 
2018-10-26 18:08:05.211 INFO  https://www.tumblr.com 
2018-10-26 18:08:05.211 INFO  https://gac-nho-cua-mach.tumblr.com 
2018-10-26 18:08:05.211 INFO  https://gac-nho-cua-mach.tumblr.com 
2018-10-26 18:08:05.211 INFO  https://gac-nho-cua-mach.tumblr.com 
2018-10-26 18:08:05.211 INFO  https://gac-nho-cua-mach.tumblr.com 
2018-10-26 18:08:05.211 INFO  https://www.tumblr.com 
2018-10-26 18:08:05.211 INFO  https://www.tumblr.com 
2018-10-26 18:08:05.211 INFO  https://gac-nho-cua-mach.tumblr.com 
2018-10-26 18:08:05.211 INFO  https://gac-nho-cua-mach.tumblr.com 
2018-10-26 18:08:05.211 INFO  https://gac-nho-cua-mach.tumblr.com 
2018-10-26 18:08:05.211 INFO  https://gac-nho-cua-mach.tumblr.com 
2018-10-26 18:08:05.211 INFO  https://www.tumblr.com 
2018-10-26 18:08:05.211 INFO  https://www.tumblr.com 
2018-10-26 18:08:05.211 INFO  https://gac-nho-cua-mach.tumblr.com 
2018-10-26 18:08:05.211 INFO  https://gac-nho-cua-mach.tumblr.com 
2018-10-26 18:08:05.211 INFO  https://gac-nho-cua-mach.tumblr.com 
2018-10-26 18:08:05.211 INFO  https://gac-nho-cua-mach.tumblr.com 
2018-10-26 18:08:05.211 INFO  https://www.tumblr.com 
2018-10-26 18:08:05.211 INFO  https://www.tumblr.com 
2018-10-26 18:08:05.211 INFO  https://gac-nho-cua-mach.tumblr.com 
2018-10-26 18:08:05.211 INFO  https://www.tumblr.com 
2018-10-26 18:08:05.211 INFO  https://www.tumblr.com 
2018-10-26 18:08:05.211 INFO  https://www.tumblr.com 
2018-10-26 18:08:05.211 INFO  https://www.tumblr.com 
2018-10-26 18:08:19.014 INFO  https://itunes.apple.com 
2018-10-26 18:08:19.014 INFO  https://play.google.com 
2018-10-26 18:08:19.014 INFO  https://www.microsoft.com 
2018-10-26 18:08:19.014 INFO  https://www.instagram.com 
2018-10-26 18:08:19.014 INFO  https://help.instagram.com 
2018-10-26 18:08:19.014 INFO  https://instagram-press.com 
2018-10-26 18:08:19.014 INFO  https://www.instagram.com 
2018-10-26 18:08:19.014 INFO  https://www.instagram.com 
2018-10-26 18:08:19.014 INFO  https://www.instagram.com 
2018-10-26 18:08:19.014 INFO  https://www.instagram.com 
2018-10-26 18:08:19.014 INFO  https://www.instagram.com 
2018-10-26 18:08:19.014 INFO  https://www.instagram.com 
2018-10-26 18:08:19.014 INFO  https://www.instagram.com 
2018-10-26 18:09:50.075 INFO  https://www.facebook.com 
2018-10-26 18:09:50.075 INFO  https://www.facebook.com 
2018-10-26 18:09:50.075 INFO  https://www.facebook.com 
2018-10-26 18:09:50.075 INFO  https://www.facebook.com 
2018-10-26 18:09:50.075 INFO  https://www.facebook.com 
2018-10-26 18:09:50.075 INFO  https://www.facebook.com 
2018-10-26 18:09:50.075 INFO  https://l.facebook.com 
2018-10-26 18:09:50.075 INFO  https://en-gb.facebook.com 
2018-10-26 18:09:50.075 INFO  https://zh-tw.facebook.com 
2018-10-26 18:09:50.075 INFO  https://ko-kr.facebook.com 
2018-10-26 18:09:50.075 INFO  https://ja-jp.facebook.com 
2018-10-26 18:09:50.075 INFO  https://fr-fr.facebook.com 
2018-10-26 18:09:50.075 INFO  https://th-th.facebook.com 
2018-10-26 18:09:50.075 INFO  https://es-la.facebook.com 
2018-10-26 18:09:50.075 INFO  https://pt-br.facebook.com 
2018-10-26 18:09:50.075 INFO  https://de-de.facebook.com 
2018-10-26 18:09:50.075 INFO  https://it-it.facebook.com 
2018-10-26 18:09:50.075 INFO  https://www.facebook.com 
2018-10-26 18:09:50.075 INFO  https://www.facebook.com 
2018-10-26 18:09:50.075 INFO  https://www.facebook.com 
2018-10-26 18:09:50.075 INFO  https://messenger.com 
2018-10-26 18:09:50.075 INFO  https://www.facebook.com 
2018-10-26 18:09:50.075 INFO  https://www.facebook.com 
2018-10-26 18:09:50.075 INFO  https://www.facebook.com 
2018-10-26 18:09:50.075 INFO  https://www.facebook.com 
2018-10-26 18:09:50.075 INFO  https://www.facebook.com 
2018-10-26 18:09:50.075 INFO  https://www.facebook.com 
2018-10-26 18:09:50.075 INFO  https://www.facebook.com 
2018-10-26 18:09:50.075 INFO  https://www.facebook.com 
2018-10-26 18:09:50.075 INFO  https://www.facebook.com 
2018-10-26 18:09:50.075 INFO  https://www.facebook.com 
2018-10-26 18:09:50.075 INFO  https://www.facebook.com 
2018-10-26 18:09:50.075 INFO  https://l.facebook.com 
2018-10-26 18:09:50.075 INFO  https://www.facebook.com 
2018-10-26 18:09:50.075 INFO  https://www.facebook.com 
2018-10-26 18:09:50.075 INFO  https://www.facebook.com 
2018-10-26 18:09:50.075 INFO  https://www.facebook.com 
2018-10-26 18:09:50.075 INFO  https://developers.facebook.com 
2018-10-26 18:09:50.075 INFO  https://www.facebook.com 
2018-10-26 18:09:50.075 INFO  https://www.facebook.com 
2018-10-26 18:09:50.075 INFO  https://www.facebook.com 
2018-10-26 18:09:50.075 INFO  https://www.facebook.com 
2018-10-26 18:09:50.075 INFO  https://www.facebook.com 
2018-10-26 18:09:50.075 INFO  https://www.facebook.com 
2018-10-26 18:09:50.075 INFO  https://www.facebook.com 
2018-10-26 18:09:50.075 INFO  https://www.facebook.com 
2018-10-26 18:09:50.075 INFO  https://www.facebook.com 
2018-10-26 18:09:50.075 INFO  https://www.facebook.com 
2018-10-26 18:09:54.203 INFO  https://itunes.apple.com 
2018-10-26 18:09:54.203 INFO  https://play.google.com 
2018-10-26 18:09:54.203 INFO  https://www.microsoft.com 
2018-10-26 18:09:54.203 INFO  https://www.instagram.com 
2018-10-26 18:09:54.203 INFO  https://help.instagram.com 
2018-10-26 18:09:54.203 INFO  https://instagram-press.com 
2018-10-26 18:09:54.203 INFO  https://www.instagram.com 
2018-10-26 18:09:54.203 INFO  https://www.instagram.com 
2018-10-26 18:09:54.203 INFO  https://www.instagram.com 
2018-10-26 18:09:54.203 INFO  https://www.instagram.com 
2018-10-26 18:09:54.203 INFO  https://www.instagram.com 
2018-10-26 18:09:54.203 INFO  https://www.instagram.com 
2018-10-26 18:09:54.203 INFO  https://www.instagram.com 
2018-10-26 18:12:50.231 INFO  https://mail.google.com 
2018-10-26 18:12:50.231 INFO  https://www.google.com.vn 
2018-10-26 18:12:50.231 INFO  https://www.google.com.vn 
2018-10-26 18:12:50.231 INFO  https://accounts.google.com 
2018-10-26 18:12:50.231 INFO  https://www.google.com.vn 
2018-10-26 18:12:50.231 INFO  https://www.google.com.vn 
2018-10-26 18:12:50.231 INFO  https://www.google.com 
2018-10-26 18:12:50.231 INFO  https://www.google.com.vn 
2018-10-26 18:12:50.231 INFO  https://www.google.com.vn 
2018-10-26 18:12:50.231 INFO  https://www.google.com.vn 
2018-10-26 18:12:50.231 INFO  https://www.google.com.vn 
2018-10-26 18:12:50.231 INFO  https://www.google.com.vn 
2018-10-26 18:12:50.231 INFO  https://www.google.com.vn 
2018-10-26 18:12:50.231 INFO  https://www.google.com.vn 
2018-10-26 18:12:50.231 INFO  https://www.google.com.vn 
2018-10-26 18:12:50.231 INFO  https://www.google.com.vn 
2018-10-26 18:12:50.231 INFO  https://www.google.com.vn 
2018-10-26 18:12:50.231 INFO  https://support.google.com 
2018-10-26 18:12:50.231 INFO  https://www.google.com.vn 
2018-10-26 18:12:50.231 INFO  https://www.google.com.vn 
2018-10-26 18:12:50.231 INFO  https://www.google.com.vn 
2018-10-26 18:12:50.231 INFO  https://www.google.com.vn 
2018-10-26 18:12:50.231 INFO  https://myaccount.google.com 
2018-10-26 18:12:50.231 INFO  https://www.google.com.vn 
2018-10-26 18:12:50.231 INFO  https://www.youtube.com 
2018-10-26 18:12:50.231 INFO  https://news.google.com.vn 
2018-10-26 18:12:50.231 INFO  https://mail.google.com 
2018-10-26 18:12:50.231 INFO  https://contacts.google.com 
2018-10-26 18:12:50.231 INFO  https://drive.google.com 
2018-10-26 18:12:50.231 INFO  https://www.google.com 
2018-10-26 18:12:50.231 INFO  https://plus.google.com 
2018-10-26 18:12:50.231 INFO  https://translate.google.com.vn 
2018-10-26 18:12:50.231 INFO  https://photos.google.com 
2018-10-26 18:12:50.231 INFO  https://www.google.com.vn 
2018-10-26 18:12:50.231 INFO  https://docs.google.com 
2018-10-26 18:12:50.231 INFO  https://hangouts.google.com 
2018-10-26 18:12:50.231 INFO  https://keep.google.com 
2018-10-26 18:12:50.231 INFO  https://earth.google.com 
2018-10-26 18:12:50.231 INFO  https://www.google.com.vn 
2018-10-26 18:12:50.231 INFO  https://www.google.com.vn 
2018-10-26 18:12:52.937 INFO  https://career.vng.com.vn 
2018-10-26 18:12:52.937 INFO  https://career.vng.com.vn 
2018-10-26 18:12:52.937 INFO  https://www.vng.com.vn 
2018-10-26 18:12:52.937 INFO  https://www.vng.com.vn 
2018-10-26 18:12:52.937 INFO  https://www.vng.com.vn 
2018-10-26 18:12:52.937 INFO  https://www.vng.com.vn 
2018-10-26 18:12:52.937 INFO  https://www.vng.com.vn 
2018-10-26 18:12:52.937 INFO  https://www.vng.com.vn 
2018-10-26 18:12:52.937 INFO  https://www.vng.com.vn 
2018-10-26 18:12:52.937 INFO  https://career.vng.com.vn 
2018-10-26 18:12:52.937 INFO  https://career.vng.com.vn 
2018-10-26 18:12:52.937 INFO  https://career.vng.com.vn 
2018-10-26 18:12:52.937 INFO  https://career.vng.com.vn 
2018-10-26 18:12:52.937 INFO  http://www.facebook.com 
2018-10-26 18:12:52.937 INFO  https://career.vng.com.vn 
2018-10-26 18:12:52.937 INFO  https://career.vng.com.vn 
2018-10-26 18:12:52.937 INFO  https://career.vng.com.vn 
2018-10-26 18:12:52.937 INFO  https://career.vng.com.vn 
2018-10-26 18:12:52.937 INFO  https://career.vng.com.vn 
2018-10-26 18:12:52.937 INFO  https://career.vng.com.vn 
2018-10-26 18:12:52.937 INFO  https://career.vng.com.vn 
2018-10-26 18:12:52.937 INFO  https://www.vng.com.vn 
2018-10-26 18:12:52.937 INFO  https://career.vng.com.vn 
2018-10-26 18:12:52.937 INFO  https://career.vng.com.vn 
2018-10-26 18:12:52.937 INFO  https://career.vng.com.vn 
2018-10-26 18:12:52.937 INFO  https://career.vng.com.vn 
2018-10-26 18:12:52.937 INFO  https://career.vng.com.vn 
2018-10-26 18:12:52.937 INFO  https://www.vng.com.vn 
2018-10-26 18:12:52.937 INFO  https://www.vng.com.vn 
2018-10-26 18:12:52.937 INFO  https://www.vng.com.vn 
2018-10-26 18:12:52.937 INFO  https://www.facebook.com 
2018-10-26 18:12:52.937 INFO  https://plus.google.com 
2018-10-26 18:12:52.937 INFO  https://twitter.com 
2018-10-26 18:12:52.937 INFO  https://www.linkedin.com 
2018-10-26 18:12:52.937 INFO  https://me.zing.vn 
2018-10-26 18:14:30.956 INFO  http://hungbui.net 
2018-10-26 18:14:30.956 INFO  http://hungbui.net 
2018-10-26 18:14:30.956 INFO  http://hungbui.net 
2018-10-26 18:14:30.956 INFO  http://hungbui.net 
2018-10-26 18:14:30.956 INFO  http://hungbui.net 
2018-10-26 18:14:30.956 INFO  http://hungbui.net 
2018-10-26 18:14:30.956 INFO  http://hungbui.net 
2018-10-26 18:14:30.956 INFO  http://hungbui.net 
2018-10-26 18:14:30.956 INFO  http://hungbui.net 
2018-10-26 18:14:30.956 INFO  http://hungbui.net 
2018-10-26 18:14:30.956 INFO  http://hungbui.net 
2018-10-26 18:14:30.956 INFO  http://hungbui.net 
2018-10-26 18:14:30.956 INFO  http://hungbui.net 
2018-10-26 18:14:30.956 INFO  http://hungbui.net 
2018-10-26 18:14:30.956 INFO  http://hungbui.net 
2018-10-26 18:14:30.956 INFO  http://hungbui.net 
2018-10-26 18:14:30.956 INFO  http://hungbui.net 
2018-10-26 18:14:30.956 INFO  http://hungbui.net 
2018-10-26 18:14:30.956 INFO  http://hungbui.net 
2018-10-26 18:14:30.956 INFO  http://hungbui.net 
2018-10-26 18:14:30.956 INFO  http://hungbui.net 
2018-10-26 18:14:30.956 INFO  http://hungbui.net 
2018-10-26 18:14:30.956 INFO  http://hungbui.net 
2018-10-26 18:14:30.956 INFO  http://hungbui.net 
2018-10-26 18:14:30.956 INFO  http://hungbui.net 
2018-10-26 18:14:30.956 INFO  http://hungbui.net 
2018-10-26 18:14:30.956 INFO  http://hungbui.net 
2018-10-26 18:14:30.956 INFO  http://hungbui.net 
2018-10-26 18:14:30.956 INFO  http://hungbui.net 
2018-10-26 18:14:30.956 INFO  http://hungbui.net 
2018-10-26 18:14:30.956 INFO  http://hungbui.net 
2018-10-26 18:14:30.956 INFO  http://hungbui.net 
2018-10-26 18:14:30.956 INFO  http://hungbui.net 
2018-10-26 18:14:30.956 INFO  http://hungbui.net 
2018-10-26 18:14:30.956 INFO  http://hungbui.net 
2018-10-26 18:14:30.956 INFO  http://hungbui.net 
2018-10-26 18:14:30.956 INFO  http://hungbui.net 
2018-10-26 18:14:30.956 INFO  http://hungbui.net 
2018-10-26 18:14:30.956 INFO  http://hungbui.net 
2018-10-26 18:14:30.956 INFO  http://hungbui.net 
2018-10-26 18:14:30.956 INFO  http://hungbui.net 
2018-10-26 18:14:30.956 INFO  http://hungbui.net 
2018-10-26 18:14:30.956 INFO  http://hungbui.net 
2018-10-26 18:14:30.956 INFO  http://hungbui.net 
2018-10-26 18:14:30.956 INFO  http://hungbui.net 
2018-10-26 18:14:30.956 INFO  http://hungbui.net 
2018-10-26 18:14:30.956 INFO  http://hungbui.net 
2018-10-26 18:14:30.956 INFO  http://hungbui.net 
2018-10-26 18:14:30.956 INFO  http://hungbui.net 
2018-10-26 18:14:30.956 INFO  http://hungbui.net 
2018-10-26 18:14:30.956 INFO  http://hungbui.net 
2018-10-26 18:14:30.956 INFO  http://hungbui.net 
2018-10-26 18:14:30.956 INFO  http://hungbui.net 
2018-10-26 18:14:30.956 INFO  http://hungbui.net 
2018-10-26 18:14:30.956 INFO  http://hungbui.net 
2018-10-26 18:14:30.956 INFO  http://hungbui.net 
2018-10-26 18:14:30.956 INFO  http://hungbui.net 
2018-10-26 18:14:30.956 INFO  http://hungbui.net 
2018-10-26 18:14:30.956 INFO  http://hungbui.net 
2018-10-26 18:14:30.956 INFO  http://hungbui.net 
2018-10-26 18:14:30.956 INFO  http://hungbui.net 
2018-10-26 18:14:30.956 INFO  http://hungbui.net 
2018-10-26 18:14:30.956 INFO  http://hungbui.net 
2018-10-26 18:14:30.956 INFO  http://hungbui.net 
2018-10-26 18:14:30.956 INFO  http://hungbui.net 
2018-10-26 18:14:30.956 INFO  http://hungbui.net 
2018-10-26 18:14:30.956 INFO  http://hungbui.net 
2018-10-26 18:14:30.956 INFO  http://hungbui.net 
2018-10-26 18:14:30.956 INFO  http://hungbui.net 
2018-10-26 18:14:30.956 INFO  http://hungbui.net 
2018-10-26 18:14:30.956 INFO  http://hungbui.net 
2018-10-26 18:14:30.956 INFO  http://hungbui.net 
2018-10-26 18:14:30.956 INFO  http://hungbui.net 
2018-10-26 18:14:30.956 INFO  http://hungbui.net 
2018-10-26 18:14:30.956 INFO  http://hungbui.net 
2018-10-26 18:14:30.956 INFO  http://colorlib.com 
2018-10-26 18:14:30.956 INFO  http://wordpress.org 
2018-10-26 18:15:09.060 INFO  https://thefullsnack.com 
2018-10-26 18:15:09.060 INFO  https://www.youtube.com 
2018-10-26 18:15:09.060 INFO  https://toidicodedao.com 
2018-10-26 18:15:09.060 INFO  https://thefullsnack.com 
2018-10-26 18:15:09.060 INFO  https://thefullsnack.com 
2018-10-26 18:15:09.060 INFO  https://thefullsnack.com 
2018-10-26 18:15:09.060 INFO  https://thefullsnack.com 
2018-10-26 18:15:09.060 INFO  https://thefullsnack.com 
2018-10-26 18:15:09.060 INFO  https://thefullsnack.com 
2018-10-26 18:15:09.060 INFO  https://www.facebook.com 
2018-10-26 18:15:09.060 INFO  http://creativecommons.org 
2018-10-26 18:15:09.060 INFO  http://github.com 
2018-10-26 18:15:09.060 INFO  http://facebook.com 
2018-10-26 18:15:09.060 INFO  http://twitter.com 
2018-10-26 18:15:09.060 INFO  http://github.com 
2018-10-26 18:15:09.060 INFO  https://thefullsnack.com 
2018-10-26 18:15:09.060 INFO  https://thefullsnack.com 
2018-10-26 18:15:22.587 INFO  http://hungbui.net 
2018-10-26 18:15:22.587 INFO  http://hungbui.net 
2018-10-26 18:15:22.587 INFO  http://hungbui.net 
2018-10-26 18:15:22.587 INFO  http://hungbui.net 
2018-10-26 18:15:22.587 INFO  http://hungbui.net 
2018-10-26 18:15:22.587 INFO  http://hungbui.net 
2018-10-26 18:15:22.587 INFO  http://hungbui.net 
2018-10-26 18:15:22.587 INFO  http://hungbui.net 
2018-10-26 18:15:22.587 INFO  http://hungbui.net 
2018-10-26 18:15:22.587 INFO  http://hungbui.net 
2018-10-26 18:15:22.587 INFO  http://hungbui.net 
2018-10-26 18:15:22.587 INFO  http://hungbui.net 
2018-10-26 18:15:22.587 INFO  http://hungbui.net 
2018-10-26 18:15:22.587 INFO  http://hungbui.net 
2018-10-26 18:15:22.587 INFO  http://hungbui.net 
2018-10-26 18:15:22.587 INFO  http://hungbui.net 
2018-10-26 18:15:22.587 INFO  http://colorlib.com 
2018-10-26 18:15:22.587 INFO  http://wordpress.org 
2018-10-26 18:16:38.968 INFO  https://thefullsnack.com 
2018-10-26 18:16:38.968 INFO  https://thefullsnack.com 
2018-10-26 18:16:38.968 INFO  https://thefullsnack.com 
2018-10-26 18:16:38.968 INFO  https://github.com 
2018-10-26 18:16:38.968 INFO  https://thefullsnack.com 
2018-10-26 18:16:38.968 INFO  https://thefullsnack.com 
2018-10-26 18:16:38.968 INFO  https://www.goodreads.com 
2018-10-26 18:16:38.968 INFO  https://huytd.github.io 
2018-10-26 18:16:38.968 INFO  https://www.reddit.com 
2018-10-26 18:16:38.968 INFO  https://news.kipalog.com 
2018-10-26 18:16:38.968 INFO  https://thefullsnack.com 
2018-10-26 18:16:38.968 INFO  https://thefullsnack.com 
2018-10-26 18:16:38.968 INFO  https://thefullsnack.com 
2018-10-26 18:16:38.968 INFO  https://thefullsnack.com 
2018-10-26 18:16:38.968 INFO  https://thefullsnack.com 
2018-10-26 18:16:38.968 INFO  https://thefullsnack.com 
2018-10-26 18:16:38.968 INFO  https://thefullsnack.com 
2018-10-26 18:16:38.968 INFO  https://thefullsnack.com 
2018-10-26 18:16:38.968 INFO  https://thefullsnack.com 
2018-10-26 18:16:38.968 INFO  https://thefullsnack.com 
2018-10-26 18:16:38.968 INFO  https://thefullsnack.com 
2018-10-26 18:16:38.968 INFO  https://thefullsnack.com 
2018-10-26 18:16:38.968 INFO  https://thefullsnack.com 
2018-10-26 18:16:38.968 INFO  https://thefullsnack.com 
2018-10-26 18:16:38.968 INFO  https://thefullsnack.com 
2018-10-26 18:16:38.968 INFO  https://thefullsnack.com 
2018-10-26 18:16:38.968 INFO  https://thefullsnack.com 
2018-10-26 18:16:38.968 INFO  https://thefullsnack.com 
2018-10-26 18:16:38.968 INFO  https://thefullsnack.com 
2018-10-26 18:16:38.968 INFO  https://thefullsnack.com 
2018-10-26 18:16:38.968 INFO  https://thefullsnack.com 
2018-10-26 18:16:38.968 INFO  https://thefullsnack.com 
2018-10-26 18:16:38.968 INFO  https://thefullsnack.com 
2018-10-26 18:16:38.968 INFO  https://thefullsnack.com 
2018-10-26 18:16:38.968 INFO  https://thefullsnack.com 
2018-10-26 18:16:38.968 INFO  https://thefullsnack.com 
2018-10-26 18:16:38.968 INFO  https://thefullsnack.com 
2018-10-26 18:16:38.968 INFO  https://thefullsnack.com 
2018-10-26 18:16:38.968 INFO  https://thefullsnack.com 
2018-10-26 18:16:38.968 INFO  https://thefullsnack.com 
2018-10-26 18:16:38.968 INFO  https://thefullsnack.com 
2018-10-26 18:16:38.968 INFO  https://thefullsnack.com 
2018-10-26 18:16:38.968 INFO  https://thefullsnack.com 
2018-10-26 18:16:38.968 INFO  https://thefullsnack.com 
2018-10-26 18:16:38.968 INFO  https://thefullsnack.com 
2018-10-26 18:16:38.968 INFO  https://thefullsnack.com 
2018-10-26 18:16:38.968 INFO  https://thefullsnack.com 
2018-10-26 18:16:38.968 INFO  https://thefullsnack.com 
2018-10-26 18:16:38.968 INFO  https://thefullsnack.com 
2018-10-26 18:16:38.968 INFO  https://thefullsnack.com 
2018-10-26 18:16:38.968 INFO  https://thefullsnack.com 
2018-10-26 18:16:38.968 INFO  https://thefullsnack.com 
2018-10-26 18:16:38.968 INFO  https://thefullsnack.com 
2018-10-26 18:16:38.968 INFO  https://thefullsnack.com 
2018-10-26 18:16:38.968 INFO  https://thefullsnack.com 
2018-10-26 18:16:38.968 INFO  https://thefullsnack.com 
2018-10-26 18:16:38.968 INFO  https://thefullsnack.com 
2018-10-26 18:16:38.968 INFO  https://thefullsnack.com 
2018-10-26 18:16:38.968 INFO  https://thefullsnack.com 
2018-10-26 18:16:38.968 INFO  https://thefullsnack.com 
2018-10-26 18:16:38.968 INFO  https://thefullsnack.com 
2018-10-26 18:16:38.968 INFO  https://thefullsnack.com 
2018-10-26 18:16:38.968 INFO  https://thefullsnack.com 
2018-10-26 18:16:38.968 INFO  https://thefullsnack.com 
2018-10-26 18:16:38.968 INFO  https://thefullsnack.com 
2018-10-26 18:16:38.968 INFO  https://thefullsnack.com 
2018-10-26 18:16:38.968 INFO  https://thefullsnack.com 
2018-10-26 18:16:38.968 INFO  https://thefullsnack.com 
2018-10-26 18:16:38.968 INFO  https://thefullsnack.com 
2018-10-26 18:16:38.968 INFO  https://thefullsnack.com 
2018-10-26 18:16:38.968 INFO  https://thefullsnack.com 
2018-10-26 18:16:38.968 INFO  https://thefullsnack.com 
2018-10-26 18:16:38.968 INFO  https://thefullsnack.com 
2018-10-26 18:16:38.968 INFO  https://thefullsnack.com 
2018-10-26 18:16:38.968 INFO  https://thefullsnack.com 
2018-10-26 18:16:38.968 INFO  https://thefullsnack.com 
2018-10-26 18:16:38.968 INFO  https://thefullsnack.com 
2018-10-26 18:16:38.968 INFO  https://thefullsnack.com 
2018-10-26 18:16:38.968 INFO  https://thefullsnack.com 
2018-10-26 18:16:38.968 INFO  https://thefullsnack.com 
2018-10-26 18:16:38.968 INFO  https://thefullsnack.com 
2018-10-26 18:16:38.968 INFO  https://thefullsnack.com 
2018-10-26 18:16:38.968 INFO  https://thefullsnack.com 
2018-10-26 18:16:38.968 INFO  https://thefullsnack.com 
2018-10-26 18:16:38.968 INFO  https://thefullsnack.com 
2018-10-26 18:16:38.968 INFO  https://thefullsnack.com 
2018-10-26 18:16:38.968 INFO  https://thefullsnack.com 
2018-10-26 18:16:38.968 INFO  https://thefullsnack.com 
2018-10-26 18:16:38.968 INFO  https://thefullsnack.com 
2018-10-26 18:16:38.968 INFO  https://thefullsnack.com 
2018-10-26 18:16:38.968 INFO  https://thefullsnack.com 
2018-10-26 18:16:38.968 INFO  https://thefullsnack.com 
2018-10-26 18:16:38.968 INFO  https://thefullsnack.com 
2018-10-26 18:16:38.968 INFO  https://thefullsnack.com 
2018-10-26 18:16:38.968 INFO  https://thefullsnack.com 
2018-10-26 18:16:38.968 INFO  https://thefullsnack.com 
2018-10-26 18:16:38.968 INFO  https://thefullsnack.com 
2018-10-26 18:16:38.968 INFO  https://thefullsnack.com 
2018-10-26 18:16:38.968 INFO  https://thefullsnack.com 
2018-10-26 18:16:38.968 INFO  https://thefullsnack.com 
2018-10-26 18:16:38.968 INFO  https://thefullsnack.com 
2018-10-26 18:16:38.968 INFO  https://thefullsnack.com 
2018-10-26 18:16:38.968 INFO  https://thefullsnack.com 
2018-10-26 18:16:38.968 INFO  https://thefullsnack.com 
2018-10-26 18:16:38.968 INFO  https://thefullsnack.com 
2018-10-26 18:16:38.968 INFO  https://thefullsnack.com 
2018-10-26 18:16:38.968 INFO  https://thefullsnack.com 
2018-10-26 18:16:38.968 INFO  https://thefullsnack.com 
2018-10-26 18:16:38.968 INFO  https://thefullsnack.com 
2018-10-26 18:16:38.968 INFO  https://thefullsnack.com 
2018-10-26 18:16:38.968 INFO  https://thefullsnack.com 
2018-10-26 18:16:38.968 INFO  https://thefullsnack.com 
2018-10-26 18:16:38.968 INFO  https://thefullsnack.com 
2018-10-26 18:16:38.968 INFO  https://thefullsnack.com 
2018-10-26 18:16:38.968 INFO  https://thefullsnack.com 
2018-10-26 18:16:38.968 INFO  https://thefullsnack.com 
2018-10-26 18:16:38.968 INFO  https://thefullsnack.com 
2018-10-26 18:16:38.968 INFO  http://creativecommons.org 
2018-10-26 18:16:38.968 INFO  http://github.com 
2018-10-26 18:16:38.968 INFO  http://facebook.com 
2018-10-26 18:16:38.968 INFO  http://twitter.com 
2018-10-26 18:16:38.968 INFO  http://github.com 
2018-10-26 18:16:38.968 INFO  https://thefullsnack.com 
2018-10-26 18:16:38.968 INFO  https://thefullsnack.com 
2018-10-26 18:19:01.714 INFO  http://192.168.177.102:8123 
2018-10-26 18:19:01.714 INFO  http://192.168.177.102:8123 
2018-10-26 18:19:08.174 INFO  http://192.168.177.102:7778 
2018-10-26 18:19:08.174 INFO  http://192.168.177.102:7778 
2018-10-26 18:19:08.174 INFO  http://192.168.177.102:7778 
2018-10-26 18:19:08.174 INFO  http://192.168.177.102:7778 
2018-10-26 18:19:08.174 INFO  http://192.168.177.102:7778 
2018-10-26 18:19:08.174 INFO  http://192.168.177.102:7778 
2018-10-26 18:19:08.174 INFO  http://192.168.177.102:7778 
2018-10-26 18:19:08.174 INFO  http://192.168.177.102:7778 
2018-10-26 18:19:08.174 INFO  http://192.168.177.102:7778 
2018-10-26 18:19:08.174 INFO  http://192.168.177.102:7778 
2018-10-26 18:19:08.174 INFO  http://192.168.177.102:7778 
2018-10-26 18:19:08.174 INFO  http://192.168.177.102:7778 
2018-10-26 18:19:08.174 INFO  http://192.168.177.102:7778 
2018-10-26 18:19:08.174 INFO  http://192.168.177.102:7778 
2018-10-26 18:19:08.174 INFO  http://192.168.177.102:7778 
2018-10-26 18:19:08.174 INFO  http://192.168.177.102:7778 
2018-10-26 18:19:08.174 INFO  http://192.168.177.102:7778 
2018-10-26 18:19:08.174 INFO  http://192.168.177.102:7778 
2018-10-26 18:19:08.174 INFO  http://192.168.177.102:7778 
2018-10-26 18:19:08.174 INFO  http://192.168.177.102:7778 
2018-10-26 18:19:08.174 INFO  http://192.168.177.102:7778 
2018-10-26 18:19:08.174 INFO  http://192.168.177.102:7778 
2018-10-26 18:19:08.174 INFO  http://192.168.177.102:7778 
2018-10-26 18:19:08.174 INFO  http://192.168.177.102:7778 
2018-10-26 18:19:08.174 INFO  http://192.168.177.102:7778 
2018-10-26 18:19:08.174 INFO  http://192.168.177.102:7778 
2018-10-26 18:19:08.174 INFO  http://192.168.177.102:7778 
2018-10-26 18:19:08.174 INFO  http://192.168.177.102:7778 
2018-10-26 18:19:08.174 INFO  http://192.168.177.102:7778 
2018-10-26 18:19:08.174 INFO  http://192.168.177.102:7778 
2018-10-26 18:19:08.174 INFO  http://192.168.177.102:7778 
2018-10-26 18:19:08.174 INFO  http://192.168.177.102:7778 
2018-10-26 18:19:08.174 INFO  http://192.168.177.102:7778 
2018-10-26 18:19:08.174 INFO  http://192.168.177.102:7778 
2018-10-26 18:19:08.174 INFO  http://192.168.177.102:7778 
2018-10-26 18:19:08.174 INFO  http://192.168.177.102:7778 
2018-10-26 18:19:08.174 INFO  http://192.168.177.102:7778 
2018-10-26 18:19:08.174 INFO  http://192.168.177.102:7778 
2018-10-26 18:19:08.174 INFO  http://192.168.177.102:7778 
2018-10-26 18:19:08.174 INFO  http://192.168.177.102:7778 
2018-10-26 18:19:08.174 INFO  http://192.168.177.102:7778 
2018-10-26 18:19:08.174 INFO  http://192.168.177.102:7778 
2018-10-26 18:19:08.174 INFO  http://192.168.177.102:7778 
2018-10-26 18:19:08.174 INFO  http://192.168.177.102:7778 
2018-10-26 18:19:08.174 INFO  http://192.168.177.102:7778 
2018-10-26 18:19:08.174 INFO  http://192.168.177.102:7778 
2018-10-26 18:19:08.174 INFO  http://192.168.177.102:7778 
2018-10-26 18:19:08.174 INFO  http://192.168.177.102:7778 
2018-10-26 18:19:08.174 INFO  http://192.168.177.102:7778 
2018-10-26 18:19:08.174 INFO  http://192.168.177.102:7778 
2018-10-26 18:19:08.174 INFO  http://192.168.177.102:7778 
2018-10-26 18:19:08.174 INFO  http://192.168.177.102:7778 
2018-10-26 18:19:08.174 INFO  http://192.168.177.102:7778 
2018-10-26 18:19:08.174 INFO  http://192.168.177.102:7778 
2018-10-26 18:19:08.174 INFO  http://192.168.177.102:7778 
2018-10-26 18:19:08.174 INFO  http://192.168.177.102:7778 
2018-10-26 18:19:08.174 INFO  http://192.168.177.102:7778 
2018-10-26 18:19:08.174 INFO  http://192.168.177.102:7778 
2018-10-26 18:19:08.174 INFO  http://192.168.177.102:7778 
2018-10-26 18:19:08.174 INFO  http://192.168.177.102:7778 
2018-10-26 18:19:08.174 INFO  http://192.168.177.102:7778 
2018-10-26 18:19:08.174 INFO  http://192.168.177.102:7778 
2018-10-26 18:19:08.174 INFO  http://192.168.177.102:7778 
2018-10-26 18:19:08.174 INFO  http://192.168.177.102:7778 
2018-10-26 18:19:08.174 INFO  http://192.168.177.102:7778 
2018-10-26 18:19:08.174 INFO  http://192.168.177.102:7778 
2018-10-26 18:19:08.174 INFO  http://192.168.177.102:7778 
2018-10-26 18:19:08.174 INFO  http://192.168.177.102:7778 
2018-10-26 18:19:08.174 INFO  http://192.168.177.102:7778 
2018-10-26 18:19:08.174 INFO  http://192.168.177.102:7778 
2018-10-26 18:19:08.174 INFO  http://192.168.177.102:7778 
2018-10-26 18:19:08.174 INFO  http://192.168.177.102:7778 
2018-10-26 18:19:08.174 INFO  http://192.168.177.102:7778 
2018-10-26 18:19:08.174 INFO  http://192.168.177.102:7778 
2018-10-26 18:19:08.174 INFO  http://192.168.177.102:7778 
2018-10-26 18:19:08.174 INFO  http://192.168.177.102:7778 
2018-10-26 18:19:08.174 INFO  http://192.168.177.102:7778 
2018-10-26 18:19:08.174 INFO  http://192.168.177.102:7778 
2018-10-26 18:19:08.174 INFO  http://192.168.177.102:7778 
2018-10-26 18:19:08.174 INFO  http://192.168.177.102:7778 
2018-10-26 18:19:08.174 INFO  http://192.168.177.102:7778 
2018-10-26 18:19:08.174 INFO  http://192.168.177.102:7778 
2018-10-26 18:19:08.174 INFO  http://192.168.177.102:7778 
2018-10-26 18:19:08.174 INFO  http://192.168.177.102:7778 
2018-10-26 18:19:08.174 INFO  http://192.168.177.102:7778 
2018-10-26 18:19:08.174 INFO  http://192.168.177.102:7778 
2018-10-26 18:19:08.174 INFO  http://192.168.177.102:7778 
2018-10-26 18:19:08.174 INFO  http://192.168.177.102:7778 
2018-10-26 18:19:08.174 INFO  http://192.168.177.102:7778 
2018-10-26 18:19:08.174 INFO  http://192.168.177.102:7778 
2018-10-26 18:19:08.174 INFO  http://192.168.177.102:7778 
2018-10-26 18:19:08.174 INFO  http://192.168.177.102:7778 
2018-10-26 18:19:08.174 INFO  http://192.168.177.102:7778 
2018-10-26 18:19:14.340 INFO  http://192.168.177.102:7778 
2018-10-26 18:19:14.340 INFO  http://192.168.177.102:7778 
2018-10-26 18:19:14.340 INFO  http://192.168.177.102:7778 
2018-10-26 18:19:14.340 INFO  http://192.168.177.102:7778 
2018-10-26 18:19:14.340 INFO  http://192.168.177.102:7778 
2018-10-26 18:19:14.340 INFO  http://192.168.177.102:7778 
2018-10-26 18:19:14.340 INFO  http://192.168.177.102:7778 
2018-10-26 18:19:14.340 INFO  http://192.168.177.102:7778 
2018-10-26 18:19:14.340 INFO  http://192.168.177.102:7778 
2018-10-26 18:19:14.340 INFO  http://192.168.177.102:7778 
2018-10-26 18:19:19.568 INFO  http://192.168.177.102:7778 
2018-10-26 18:19:19.568 INFO  http://192.168.177.102:7778 
2018-10-26 18:19:19.568 INFO  http://192.168.177.102:7778 
2018-10-26 18:19:19.568 INFO  http://192.168.177.102:7778 
2018-10-26 18:19:19.568 INFO  http://192.168.177.102:7778 
2018-10-26 18:19:19.568 INFO  http://192.168.177.102:7778 
2018-10-26 18:19:19.568 INFO  http://192.168.177.102:7778 
2018-10-26 18:19:19.568 INFO  http://192.168.177.102:7778 
2018-10-26 18:19:19.568 INFO  http://192.168.177.102:7778 
2018-10-26 18:19:19.568 INFO  http://192.168.177.102:7778 
