2018-10-09 13:27:12.828 INFO  https://xamvn.com/index.php 
2018-10-09 13:27:12.828 INFO  https://xamvn.com/reputation_board.php?pn=1&hidelikes=0 
2018-10-09 13:27:12.828 INFO  https://xamvn.com/showthread.php?t=28333&page=3# 
2018-10-09 13:27:12.828 INFO  https://xamvn.com/index.php 
2018-10-09 13:27:12.828 INFO  https://xamvn.com/forumdisplay.php?f=1 
2018-10-09 13:27:12.828 INFO  https://xamvn.com/forumdisplay.php?f=17 
2018-10-09 13:27:12.828 INFO  https://xamvn.com/showthread.php?t=28333&page=3 
2018-10-09 13:27:12.828 INFO  https://xamvn.com/register.php 
2018-10-09 13:27:12.828 INFO  https://xamvn.com/register.php 
2018-10-09 13:27:12.828 INFO  https://xamvn.com/memberlist.php 
2018-10-09 13:27:12.828 INFO  https://xamvn.com/newreply.php?do=newreply&noquote=1&p=484322 
2018-10-09 13:27:12.828 INFO  https://xamvn.com/showthread.php?t=28333&page=2 
2018-10-09 13:27:12.828 INFO  https://xamvn.com/showthread.php?t=28333 
2018-10-09 13:27:12.828 INFO  https://xamvn.com/showthread.php?t=28333&page=2 
2018-10-09 13:27:12.828 INFO  https://xamvn.com/showthread.php?t=28333&page=4 
2018-10-09 13:27:12.828 INFO  https://xamvn.com/showthread.php?t=28333&page=5 
2018-10-09 13:27:12.828 INFO  https://xamvn.com/showthread.php?t=28333&page=13 
2018-10-09 13:27:12.828 INFO  https://xamvn.com/showthread.php?t=28333&page=4 
2018-10-09 13:27:12.828 INFO  https://xamvn.com/showthread.php?t=28333&page=19 
2018-10-09 13:27:12.828 INFO  https://xamvn.com/showthread.php?t=28333&goto=newpost 
2018-10-09 13:27:12.828 INFO  https://xamvn.com/showthread.php?t=28333&goto=newpost 
2018-10-09 13:27:12.828 INFO  https://xamvn.com/showthread.php?t=28333&page=3&nojs=1#goto_threadtools 
2018-10-09 13:27:12.828 INFO  https://xamvn.com/showpost.php?p=484322&postcount=21 
2018-10-09 13:27:12.828 INFO  https://xamvn.com/member.php?u=36372 
2018-10-09 13:27:12.828 INFO  https://xamvn.com/member.php?u=36372 
2018-10-09 13:27:12.828 INFO  https://xamvn.com/showthread.php?p=484317#post484317 
2018-10-09 13:27:12.828 INFO  https://xamvn.com/newreply.php?do=newreply&p=484322 
2018-10-09 13:27:12.828 INFO  https://xamvn.com/member.php?u=36372 
2018-10-09 13:27:12.828 INFO  https://xamvn.com/private.php?do=newpm&u=36372 
2018-10-09 13:27:12.828 INFO  https://xamvn.com/search.php?do=finduser&u=36372 
2018-10-09 13:27:12.828 INFO  https://xamvn.com/showpost.php?p=484328&postcount=22 
2018-10-09 13:27:12.828 INFO  https://xamvn.com/member.php?u=1672 
2018-10-09 13:27:12.828 INFO  https://xamvn.com/newreply.php?do=newreply&p=484328 
2018-10-09 13:27:12.828 INFO  https://xamvn.com/member.php?u=1672 
2018-10-09 13:27:12.828 INFO  https://xamvn.com/private.php?do=newpm&u=1672 
2018-10-09 13:27:12.828 INFO  https://xamvn.com/search.php?do=finduser&u=1672 
2018-10-09 13:27:12.828 INFO  https://xamvn.com/showpost.php?p=484361&postcount=23 
2018-10-09 13:27:12.828 INFO  https://xamvn.com/member.php?u=23211 
2018-10-09 13:27:12.828 INFO  https://xamvn.com/member.php?u=23211 
2018-10-09 13:27:12.828 INFO  https://xamvn.com/newreply.php?do=newreply&p=484361 
2018-10-09 13:27:12.828 INFO  https://xamvn.com/member.php?u=23211 
2018-10-09 13:27:12.828 INFO  https://xamvn.com/private.php?do=newpm&u=23211 
2018-10-09 13:27:12.829 INFO  https://xamvn.com/search.php?do=finduser&u=23211 
2018-10-09 13:27:12.829 INFO  https://xamvn.com/showpost.php?p=484362&postcount=24 
2018-10-09 13:27:12.829 INFO  https://xamvn.com/member.php?u=36372 
2018-10-09 13:27:12.829 INFO  https://xamvn.com/member.php?u=36372 
2018-10-09 13:27:12.829 INFO  https://xamvn.com/showthread.php?p=484328#post484328 
2018-10-09 13:27:12.829 INFO  https://xamvn.com/newreply.php?do=newreply&p=484362 
2018-10-09 13:27:12.829 INFO  https://xamvn.com/member.php?u=36372 
2018-10-09 13:27:12.829 INFO  https://xamvn.com/private.php?do=newpm&u=36372 
2018-10-09 13:27:12.829 INFO  https://xamvn.com/search.php?do=finduser&u=36372 
2018-10-09 13:27:12.829 INFO  https://xamvn.com/showpost.php?p=484372&postcount=25 
2018-10-09 13:27:12.829 INFO  https://xamvn.com/member.php?u=36058 
2018-10-09 13:27:12.829 INFO  https://xamvn.com/newreply.php?do=newreply&p=484372 
2018-10-09 13:27:12.829 INFO  https://xamvn.com/member.php?u=36058 
2018-10-09 13:27:12.829 INFO  https://xamvn.com/private.php?do=newpm&u=36058 
2018-10-09 13:27:12.829 INFO  https://xamvn.com/search.php?do=finduser&u=36058 
2018-10-09 13:27:12.829 INFO  https://xamvn.com/showpost.php?p=484396&postcount=26 
2018-10-09 13:27:12.829 INFO  https://xamvn.com/member.php?u=363 
2018-10-09 13:27:12.829 INFO  https://xamvn.com/member.php?u=363 
2018-10-09 13:27:12.829 INFO  https://xamvn.com/newreply.php?do=newreply&p=484396 
2018-10-09 13:27:12.829 INFO  https://xamvn.com/member.php?u=363 
2018-10-09 13:27:12.829 INFO  https://xamvn.com/private.php?do=newpm&u=363 
2018-10-09 13:27:12.829 INFO  https://xamvn.com/search.php?do=finduser&u=363 
2018-10-09 13:27:12.829 INFO  https://xamvn.com/showpost.php?p=484441&postcount=27 
2018-10-09 13:27:12.829 INFO  https://xamvn.com/member.php?u=12456 
2018-10-09 13:27:12.829 INFO  https://xamvn.com/showthread.php?p=484321#post484321 
2018-10-09 13:27:12.829 INFO  https://xamvn.com/newreply.php?do=newreply&p=484441 
2018-10-09 13:27:12.829 INFO  https://xamvn.com/member.php?u=12456 
2018-10-09 13:27:12.829 INFO  https://xamvn.com/private.php?do=newpm&u=12456 
2018-10-09 13:27:12.829 INFO  https://xamvn.com/search.php?do=finduser&u=12456 
2018-10-09 13:27:12.829 INFO  https://xamvn.com/showpost.php?p=484520&postcount=28 
2018-10-09 13:27:12.829 INFO  https://xamvn.com/member.php?u=11604 
2018-10-09 13:27:12.829 INFO  https://anh4.com/v/MpP12Zy 
2018-10-09 13:27:12.829 INFO  https://anh4.com/v/6RQvFpx 
2018-10-09 13:27:12.829 INFO  https://anh4.com/v/dAXoAlz 
2018-10-09 13:27:12.829 INFO  https://anh4.com/v/68cDaDd 
2018-10-09 13:27:12.829 INFO  https://xamvn.com/newreply.php?do=newreply&p=484520 
2018-10-09 13:27:12.829 INFO  https://xamvn.com/member.php?u=11604 
2018-10-09 13:27:12.829 INFO  https://xamvn.com/private.php?do=newpm&u=11604 
2018-10-09 13:27:12.829 INFO  https://xamvn.com/search.php?do=finduser&u=11604 
2018-10-09 13:27:12.829 INFO  https://xamvn.com/showpost.php?p=484550&postcount=29 
2018-10-09 13:27:12.829 INFO  https://xamvn.com/member.php?u=34412 
2018-10-09 13:27:12.829 INFO  https://xamvn.com/showthread.php?p=483829#post483829 
2018-10-09 13:27:12.829 INFO  https://xamvn.com/newreply.php?do=newreply&p=484550 
2018-10-09 13:27:12.829 INFO  https://xamvn.com/member.php?u=34412 
2018-10-09 13:27:12.829 INFO  https://xamvn.com/private.php?do=newpm&u=34412 
2018-10-09 13:27:12.829 INFO  https://xamvn.com/search.php?do=finduser&u=34412 
2018-10-09 13:27:12.829 INFO  https://xamvn.com/showpost.php?p=484560&postcount=30 
2018-10-09 13:27:12.829 INFO  https://xamvn.com/member.php?u=11602 
2018-10-09 13:27:12.829 INFO  https://xamvn.com/newreply.php?do=newreply&p=484560 
2018-10-09 13:27:12.829 INFO  https://xamvn.com/member.php?u=11602 
2018-10-09 13:27:12.829 INFO  https://xamvn.com/private.php?do=newpm&u=11602 
2018-10-09 13:27:12.829 INFO  https://xamvn.com/search.php?do=finduser&u=11602 
2018-10-09 13:27:12.829 INFO  https://xamvn.com/newreply.php?do=newreply&noquote=1&p=484560 
2018-10-09 13:27:12.829 INFO  https://xamvn.com/showthread.php?t=28333&page=2 
2018-10-09 13:27:12.829 INFO  https://xamvn.com/showthread.php?t=28333 
2018-10-09 13:27:12.829 INFO  https://xamvn.com/showthread.php?t=28333&page=2 
2018-10-09 13:27:12.829 INFO  https://xamvn.com/showthread.php?t=28333&page=4 
2018-10-09 13:27:12.829 INFO  https://xamvn.com/showthread.php?t=28333&page=5 
2018-10-09 13:27:12.829 INFO  https://xamvn.com/showthread.php?t=28333&page=13 
2018-10-09 13:27:12.829 INFO  https://xamvn.com/showthread.php?t=28333&page=4 
2018-10-09 13:27:12.829 INFO  https://xamvn.com/showthread.php?t=28333&page=19 
2018-10-09 13:27:12.829 INFO  https://xamvn.com/tags.php?tag=%26%23273%3B%26%237897%3Bng 
2018-10-09 13:27:12.829 INFO  https://xamvn.com/tags.php?tag=ch%26%23259%3Bn+rau 
2018-10-09 13:27:12.829 INFO  https://xamvn.com/tags.php?tag=kinh+nghi%26%237879%3Bm 
2018-10-09 13:27:12.829 INFO  https://xamvn.com/tags.php?tag=m%E1y+bay 
2018-10-09 13:27:12.829 INFO  https://xamvn.com/tags.php?tag=nh%E2n+vi%EAn 
2018-10-09 13:27:12.829 INFO  https://xamvn.com/tags.php?tag=pga 
2018-10-09 13:27:12.829 INFO  https://xamvn.com/showthread.php?t=28333&page=3#top 
2018-10-09 13:27:12.829 INFO  https://xamvn.com/showthread.php?t=15616 
2018-10-09 13:27:12.829 INFO  https://xamvn.com/showthread.php?t=17633 
2018-10-09 13:27:12.829 INFO  https://xamvn.com/showthread.php?t=3086 
2018-10-09 13:27:12.829 INFO  http://mudim.googlecode.com/ 
2018-10-09 13:27:12.829 INFO  https://xamvn.com/showthread.php?t=28333&page=3# 
2018-10-09 13:27:12.829 INFO  https://xamvn.com/showthread.php?t=28333&page=3# 
2018-10-09 13:27:12.829 INFO  https://xamvn.com/archive/index.php 
2018-10-09 13:27:12.829 INFO  https://xamvn.com/showthread.php?t=28333&page=3#top 
2018-10-09 13:27:21.723 INFO  https://xamvn.com/index.php 
2018-10-09 13:27:21.723 INFO  https://xamvn.com/forumdisplay.php?f=153 
2018-10-09 13:27:21.723 INFO  https://xamvn.com/showthread.php?t=28333&page=19# 
2018-10-09 13:27:21.723 INFO  https://xamvn.com/index.php 
2018-10-09 13:27:21.723 INFO  https://xamvn.com/forumdisplay.php?f=1 
2018-10-09 13:27:21.723 INFO  https://xamvn.com/forumdisplay.php?f=17 
2018-10-09 13:27:21.723 INFO  https://xamvn.com/showthread.php?t=28333&page=19 
2018-10-09 13:27:21.723 INFO  https://xamvn.com/register.php 
2018-10-09 13:27:21.723 INFO  https://xamvn.com/register.php 
2018-10-09 13:27:21.723 INFO  https://xamvn.com/memberlist.php 
2018-10-09 13:27:21.723 INFO  https://xamvn.com/newreply.php?do=newreply&noquote=1&p=700462 
2018-10-09 13:27:21.723 INFO  https://xamvn.com/showthread.php?t=28333 
2018-10-09 13:27:21.723 INFO  https://xamvn.com/showthread.php?t=28333&page=18 
2018-10-09 13:27:21.723 INFO  https://xamvn.com/showthread.php?t=28333&page=9 
2018-10-09 13:27:21.723 INFO  https://xamvn.com/showthread.php?t=28333&page=17 
2018-10-09 13:27:21.723 INFO  https://xamvn.com/showthread.php?t=28333&page=18 
2018-10-09 13:27:21.723 INFO  https://xamvn.com/showthread.php?t=28333&page=19#post707150 
2018-10-09 13:27:21.723 INFO  https://xamvn.com/showthread.php?t=28333&page=19#post707150 
2018-10-09 13:27:21.723 INFO  https://xamvn.com/showthread.php?t=28333&page=19&nojs=1#goto_threadtools 
2018-10-09 13:27:21.723 INFO  https://xamvn.com/showpost.php?p=700462&postcount=181 
2018-10-09 13:27:21.723 INFO  https://xamvn.com/member.php?u=600 
2018-10-09 13:27:21.723 INFO  https://xamvn.com/member.php?u=600 
2018-10-09 13:27:21.723 INFO  https://xamvn.com/newreply.php?do=newreply&p=700462 
2018-10-09 13:27:21.723 INFO  https://xamvn.com/member.php?u=600 
2018-10-09 13:27:21.723 INFO  https://xamvn.com/private.php?do=newpm&u=600 
2018-10-09 13:27:21.723 INFO  https://xamvn.com/search.php?do=finduser&u=600 
2018-10-09 13:27:21.723 INFO  https://xamvn.com/showpost.php?p=707150&postcount=182 
2018-10-09 13:27:21.723 INFO  https://xamvn.com/member.php?u=33121 
2018-10-09 13:27:21.723 INFO  https://xamvn.com/member.php?u=33121 
2018-10-09 13:27:21.723 INFO  https://xamvn.com/newreply.php?do=newreply&p=707150 
2018-10-09 13:27:21.723 INFO  https://xamvn.com/member.php?u=33121 
2018-10-09 13:27:21.723 INFO  https://xamvn.com/private.php?do=newpm&u=33121 
2018-10-09 13:27:21.723 INFO  https://xamvn.com/search.php?do=finduser&u=33121 
2018-10-09 13:27:21.723 INFO  https://xamvn.com/newreply.php?do=newreply&noquote=1&p=707150 
2018-10-09 13:27:21.723 INFO  https://xamvn.com/showthread.php?t=28333 
2018-10-09 13:27:21.723 INFO  https://xamvn.com/showthread.php?t=28333&page=18 
2018-10-09 13:27:21.723 INFO  https://xamvn.com/showthread.php?t=28333&page=9 
2018-10-09 13:27:21.723 INFO  https://xamvn.com/showthread.php?t=28333&page=17 
2018-10-09 13:27:21.723 INFO  https://xamvn.com/showthread.php?t=28333&page=18 
2018-10-09 13:27:21.723 INFO  https://xamvn.com/tags.php?tag=%26%23273%3B%26%237897%3Bng 
2018-10-09 13:27:21.723 INFO  https://xamvn.com/tags.php?tag=ch%26%23259%3Bn+rau 
2018-10-09 13:27:21.723 INFO  https://xamvn.com/tags.php?tag=kinh+nghi%26%237879%3Bm 
2018-10-09 13:27:21.723 INFO  https://xamvn.com/tags.php?tag=m%E1y+bay 
2018-10-09 13:27:21.723 INFO  https://xamvn.com/tags.php?tag=nh%E2n+vi%EAn 
2018-10-09 13:27:21.723 INFO  https://xamvn.com/tags.php?tag=pga 
2018-10-09 13:27:21.723 INFO  https://xamvn.com/showthread.php?t=28333&page=19#top 
2018-10-09 13:27:21.723 INFO  https://xamvn.com/showthread.php?t=15616 
2018-10-09 13:27:21.723 INFO  https://xamvn.com/showthread.php?t=17633 
2018-10-09 13:27:21.723 INFO  https://xamvn.com/showthread.php?t=3086 
2018-10-09 13:27:21.723 INFO  https://xamvn.com/archive/index.php 
2018-10-09 13:27:21.723 INFO  https://xamvn.com/showthread.php?t=28333&page=19#top 
2018-10-09 13:27:36.191 INFO  https://xamvn.com/index.php 
2018-10-09 13:27:36.191 INFO  https://xamvn.com/reputation_board.php?pn=1&hidelikes=0 
2018-10-09 13:27:36.191 INFO  https://xamvn.com/showthread.php?t=15616# 
2018-10-09 13:27:36.191 INFO  https://xamvn.com/index.php 
2018-10-09 13:27:36.191 INFO  https://xamvn.com/forumdisplay.php?f=1 
2018-10-09 13:27:36.191 INFO  https://xamvn.com/forumdisplay.php?f=156 
2018-10-09 13:27:36.191 INFO  https://xamvn.com/showthread.php?t=15616 
2018-10-09 13:27:36.191 INFO  https://xamvn.com/register.php 
2018-10-09 13:27:36.191 INFO  https://xamvn.com/register.php 
2018-10-09 13:27:36.192 INFO  https://xamvn.com/memberlist.php 
2018-10-09 13:27:36.192 INFO  https://xamvn.com/newreply.php?do=newreply&noquote=1&p=244198 
2018-10-09 13:27:36.192 INFO  https://xamvn.com/showthread.php?t=15616&page=2 
2018-10-09 13:27:36.192 INFO  https://xamvn.com/showthread.php?t=15616&page=3 
2018-10-09 13:27:36.192 INFO  https://xamvn.com/showthread.php?t=15616&page=2 
2018-10-09 13:27:36.192 INFO  https://xamvn.com/showthread.php?t=15616&page=4 
2018-10-09 13:27:36.192 INFO  https://xamvn.com/showthread.php?t=15616&nojs=1#goto_threadtools 
2018-10-09 13:27:36.192 INFO  https://xamvn.com/showpost.php?p=244198&postcount=1 
2018-10-09 13:27:36.192 INFO  https://xamvn.com/member.php?u=12780 
2018-10-09 13:27:36.192 INFO  https://xamvn.com/newreply.php?do=newreply&p=244198 
2018-10-09 13:27:36.192 INFO  https://xamvn.com/member.php?u=12780 
2018-10-09 13:27:36.192 INFO  https://xamvn.com/private.php?do=newpm&u=12780 
2018-10-09 13:27:36.192 INFO  https://xamvn.com/search.php?do=finduser&u=12780 
2018-10-09 13:27:36.192 INFO  https://xamvn.com/showpost.php?p=244202&postcount=2 
2018-10-09 13:27:36.192 INFO  https://xamvn.com/member.php?u=590 
2018-10-09 13:27:36.192 INFO  https://xamvn.com/member.php?u=590 
2018-10-09 13:27:36.192 INFO  https://xamvn.com/newreply.php?do=newreply&p=244202 
2018-10-09 13:27:36.192 INFO  https://xamvn.com/member.php?u=590 
2018-10-09 13:27:36.192 INFO  https://xamvn.com/private.php?do=newpm&u=590 
2018-10-09 13:27:36.192 INFO  https://xamvn.com/search.php?do=finduser&u=590 
2018-10-09 13:27:36.192 INFO  https://xamvn.com/showpost.php?p=244206&postcount=3 
2018-10-09 13:27:36.192 INFO  https://xamvn.com/member.php?u=29 
2018-10-09 13:27:36.192 INFO  https://xamvn.com/member.php?u=29 
2018-10-09 13:27:36.192 INFO  https://xamvn.com/newreply.php?do=newreply&p=244206 
2018-10-09 13:27:36.192 INFO  https://xamvn.com/member.php?u=29 
2018-10-09 13:27:36.192 INFO  https://xamvn.com/private.php?do=newpm&u=29 
2018-10-09 13:27:36.192 INFO  https://xamvn.com/search.php?do=finduser&u=29 
2018-10-09 13:27:36.192 INFO  https://xamvn.com/showpost.php?p=244227&postcount=4 
2018-10-09 13:27:36.192 INFO  https://xamvn.com/member.php?u=14747 
2018-10-09 13:27:36.192 INFO  https://xamvn.com/newreply.php?do=newreply&p=244227 
2018-10-09 13:27:36.192 INFO  https://xamvn.com/member.php?u=14747 
2018-10-09 13:27:36.192 INFO  https://xamvn.com/private.php?do=newpm&u=14747 
2018-10-09 13:27:36.192 INFO  https://xamvn.com/search.php?do=finduser&u=14747 
2018-10-09 13:27:36.192 INFO  https://xamvn.com/showpost.php?p=244268&postcount=5 
2018-10-09 13:27:36.192 INFO  https://xamvn.com/member.php?u=17762 
2018-10-09 13:27:36.192 INFO  https://xamvn.com/newreply.php?do=newreply&p=244268 
2018-10-09 13:27:36.192 INFO  https://xamvn.com/member.php?u=17762 
2018-10-09 13:27:36.192 INFO  https://xamvn.com/private.php?do=newpm&u=17762 
2018-10-09 13:27:36.192 INFO  https://xamvn.com/search.php?do=finduser&u=17762 
2018-10-09 13:27:36.192 INFO  https://xamvn.com/showpost.php?p=244299&postcount=6 
2018-10-09 13:27:36.192 INFO  https://xamvn.com/member.php?u=3195 
2018-10-09 13:27:36.192 INFO  https://xamvn.com/showthread.php?p=244198#post244198 
2018-10-09 13:27:36.192 INFO  https://s26.pixxxels.org/3yvuf7n89/IMGP3177.jpg 
2018-10-09 13:27:36.192 INFO  https://s26.pixxxels.org/a13h5pbo9/IMGP3179.jpg 
2018-10-09 13:27:36.192 INFO  https://s26.pixxxels.org/uuaxr8ajd/IMGP3185.jpg 
2018-10-09 13:27:36.192 INFO  https://s26.pixxxels.org/o8y7rguop/IMGP3190.jpg 
2018-10-09 13:27:36.192 INFO  https://s26.pixxxels.org/89k5lno0p/IMGP3196.jpg 
2018-10-09 13:27:36.192 INFO  https://s26.pixxxels.org/atfsfrbkp/IMGP3199.jpg 
2018-10-09 13:27:36.192 INFO  https://s26.pixxxels.org/d5wz4u2xl/IMGP3216.jpg 
2018-10-09 13:27:36.192 INFO  https://s26.pixxxels.org/6yll4o76h/IMGP3220.jpg 
2018-10-09 13:27:36.192 INFO  https://s26.pixxxels.org/oxpftdmxl/IMGP3227.jpg 
2018-10-09 13:27:36.192 INFO  https://s26.pixxxels.org/nnw7s2ijd/IMGP3233.jpg 
2018-10-09 13:27:36.192 INFO  https://s26.pixxxels.org/ng8kvk7kp/IMGP3235.jpg 
2018-10-09 13:27:36.192 INFO  https://s26.pixxxels.org/6hofiib15/IMG_1917.jpg 
2018-10-09 13:27:36.192 INFO  https://xamvn.com/newreply.php?do=newreply&p=244299 
2018-10-09 13:27:36.192 INFO  https://xamvn.com/member.php?u=3195 
2018-10-09 13:27:36.192 INFO  https://xamvn.com/private.php?do=newpm&u=3195 
2018-10-09 13:27:36.192 INFO  https://xamvn.com/search.php?do=finduser&u=3195 
2018-10-09 13:27:36.192 INFO  https://xamvn.com/showpost.php?p=244311&postcount=7 
2018-10-09 13:27:36.192 INFO  https://xamvn.com/member.php?u=14893 
2018-10-09 13:27:36.192 INFO  https://xamvn.com/member.php?u=14893 
2018-10-09 13:27:36.192 INFO  https://xamvn.com/newreply.php?do=newreply&p=244311 
2018-10-09 13:27:36.192 INFO  https://xamvn.com/member.php?u=14893 
2018-10-09 13:27:36.192 INFO  https://xamvn.com/private.php?do=newpm&u=14893 
2018-10-09 13:27:36.192 INFO  https://xamvn.com/search.php?do=finduser&u=14893 
2018-10-09 13:27:36.192 INFO  https://xamvn.com/showpost.php?p=244348&postcount=8 
2018-10-09 13:27:36.192 INFO  https://xamvn.com/member.php?u=17178 
2018-10-09 13:27:36.192 INFO  https://xamvn.com/member.php?u=17178 
2018-10-09 13:27:36.192 INFO  https://xamvn.com/newreply.php?do=newreply&p=244348 
2018-10-09 13:27:36.192 INFO  https://xamvn.com/member.php?u=17178 
2018-10-09 13:27:36.192 INFO  https://xamvn.com/private.php?do=newpm&u=17178 
2018-10-09 13:27:36.192 INFO  https://xamvn.com/search.php?do=finduser&u=17178 
2018-10-09 13:27:36.192 INFO  https://xamvn.com/showpost.php?p=244397&postcount=9 
2018-10-09 13:27:36.192 INFO  https://xamvn.com/member.php?u=10391 
2018-10-09 13:27:36.192 INFO  https://xamvn.com/member.php?u=10391 
2018-10-09 13:27:36.192 INFO  https://xamvn.com/newreply.php?do=newreply&p=244397 
2018-10-09 13:27:36.192 INFO  https://xamvn.com/member.php?u=10391 
2018-10-09 13:27:36.192 INFO  https://xamvn.com/private.php?do=newpm&u=10391 
2018-10-09 13:27:36.192 INFO  https://xamvn.com/search.php?do=finduser&u=10391 
2018-10-09 13:27:36.192 INFO  https://xamvn.com/showpost.php?p=244423&postcount=10 
2018-10-09 13:27:36.192 INFO  https://xamvn.com/member.php?u=17113 
2018-10-09 13:27:36.192 INFO  https://xamvn.com/newreply.php?do=newreply&p=244423 
2018-10-09 13:27:36.192 INFO  https://xamvn.com/member.php?u=17113 
2018-10-09 13:27:36.192 INFO  https://xamvn.com/private.php?do=newpm&u=17113 
2018-10-09 13:27:36.192 INFO  https://xamvn.com/search.php?do=finduser&u=17113 
2018-10-09 13:27:36.192 INFO  https://xamvn.com/newreply.php?do=newreply&noquote=1&p=244423 
2018-10-09 13:27:36.192 INFO  https://xamvn.com/showthread.php?t=15616&page=2 
2018-10-09 13:27:36.192 INFO  https://xamvn.com/showthread.php?t=15616&page=3 
2018-10-09 13:27:36.192 INFO  https://xamvn.com/showthread.php?t=15616&page=2 
2018-10-09 13:27:36.192 INFO  https://xamvn.com/showthread.php?t=15616&page=4 
2018-10-09 13:27:36.192 INFO  https://xamvn.com/tags.php?tag=jav 
2018-10-09 13:27:36.192 INFO  https://xamvn.com/tags.php?tag=nh%E2n+vi%EAn 
2018-10-09 13:27:36.192 INFO  https://xamvn.com/tags.php?tag=s%E0i+g%F2n 
2018-10-09 13:27:36.192 INFO  https://xamvn.com/tags.php?tag=thiendia 
2018-10-09 13:27:36.192 INFO  https://xamvn.com/showthread.php?t=15616#top 
2018-10-09 13:27:36.192 INFO  https://xamvn.com/showthread.php?t=10541 
2018-10-09 13:27:36.192 INFO  https://xamvn.com/showthread.php?t=11801 
2018-10-09 13:27:36.192 INFO  https://xamvn.com/showthread.php?t=9581 
2018-10-09 13:27:36.192 INFO  https://xamvn.com/showthread.php?t=3086 
2018-10-09 13:27:36.192 INFO  https://xamvn.com/archive/index.php 
2018-10-09 13:27:36.192 INFO  https://xamvn.com/showthread.php?t=15616#top 
